This file contains any messages produced by compilers while
running configure, to aid debugging if configure makes a mistake.

It was created by gvirtus-cudadr configure 01-beta2, which was
generated by GNU Autoconf 2.69.  Invocation command line was

  $ ./configure --prefix=/home/cferraro/Github/opt

## --------- ##
## Platform. ##
## --------- ##

hostname = storm
uname -m = x86_64
uname -r = 3.16.0-70-generic
uname -s = Linux
uname -v = #90~14.04.1-Ubuntu SMP Wed Apr 6 22:56:34 UTC 2016

/usr/bin/uname -p = unknown
/bin/uname -X     = unknown

/bin/arch              = unknown
/usr/bin/arch -k       = unknown
/usr/convex/getsysinfo = unknown
/usr/bin/hostinfo      = unknown
/bin/machine           = unknown
/usr/bin/oslevel       = unknown
/bin/universe          = unknown

PATH: /home/cferraro/gopath
PATH: /home/cferraro/gopath/bin
PATH: /home/cferraro/bin
PATH: /usr/local/sbin
PATH: /usr/local/bin
PATH: /usr/sbin
PATH: /usr/bin
PATH: /sbin
PATH: /bin
PATH: /usr/games
PATH: /usr/local/games
PATH: /usr/local/cuda/bin


## ----------- ##
## Core tests. ##
## ----------- ##

configure:2505: checking for a BSD-compatible install
configure:2573: result: /usr/bin/install -c
configure:2584: checking whether build environment is sane
configure:2639: result: yes
configure:2790: checking for a thread-safe mkdir -p
configure:2829: result: /bin/mkdir -p
configure:2836: checking for gawk
configure:2852: found /usr/bin/gawk
configure:2863: result: gawk
configure:2874: checking whether make sets $(MAKE)
configure:2896: result: yes
configure:2925: checking whether make supports nested variables
configure:2942: result: yes
configure:3130: checking for g++
configure:3146: found /usr/bin/g++
configure:3157: result: g++
configure:3184: checking for C++ compiler version
configure:3193: g++ --version >&5
g++ (Ubuntu 4.8.4-2ubuntu1~14.04.1) 4.8.4
Copyright (C) 2013 Free Software Foundation, Inc.
This is free software; see the source for copying conditions.  There is NO
warranty; not even for MERCHANTABILITY or FITNESS FOR A PARTICULAR PURPOSE.

configure:3204: $? = 0
configure:3193: g++ -v >&5
Using built-in specs.
COLLECT_GCC=g++
COLLECT_LTO_WRAPPER=/usr/lib/gcc/x86_64-linux-gnu/4.8/lto-wrapper
Target: x86_64-linux-gnu
Configured with: ../src/configure -v --with-pkgversion='Ubuntu 4.8.4-2ubuntu1~14.04.1' --with-bugurl=file:///usr/share/doc/gcc-4.8/README.Bugs --enable-languages=c,c++,java,go,d,fortran,objc,obj-c++ --prefix=/usr --program-suffix=-4.8 --enable-shared --enable-linker-build-id --libexecdir=/usr/lib --without-included-gettext --enable-threads=posix --with-gxx-include-dir=/usr/include/c++/4.8 --libdir=/usr/lib --enable-nls --with-sysroot=/ --enable-clocale=gnu --enable-libstdcxx-debug --enable-libstdcxx-time=yes --enable-gnu-unique-object --disable-libmudflap --enable-plugin --with-system-zlib --disable-browser-plugin --enable-java-awt=gtk --enable-gtk-cairo --with-java-home=/usr/lib/jvm/java-1.5.0-gcj-4.8-amd64/jre --enable-java-home --with-jvm-root-dir=/usr/lib/jvm/java-1.5.0-gcj-4.8-amd64 --with-jvm-jar-dir=/usr/lib/jvm-exports/java-1.5.0-gcj-4.8-amd64 --with-arch-directory=amd64 --with-ecj-jar=/usr/share/java/eclipse-ecj.jar --enable-objc-gc --enable-multiarch --disable-werror --with-arch-32=i686 --with-abi=m64 --with-multilib-list=m32,m64,mx32 --with-tune=generic --enable-checking=release --build=x86_64-linux-gnu --host=x86_64-linux-gnu --target=x86_64-linux-gnu
Thread model: posix
gcc version 4.8.4 (Ubuntu 4.8.4-2ubuntu1~14.04.1) 
configure:3204: $? = 0
configure:3193: g++ -V >&5
g++: error: unrecognized command line option '-V'
g++: fatal error: no input files
compilation terminated.
configure:3204: $? = 4
configure:3193: g++ -qversion >&5
g++: error: unrecognized command line option '-qversion'
g++: fatal error: no input files
compilation terminated.
configure:3204: $? = 4
configure:3224: checking whether the C++ compiler works
configure:3246: g++    conftest.cpp  >&5
configure:3250: $? = 0
configure:3298: result: yes
configure:3301: checking for C++ compiler default output file name
configure:3303: result: a.out
configure:3309: checking for suffix of executables
configure:3316: g++ -o conftest    conftest.cpp  >&5
configure:3320: $? = 0
configure:3342: result: 
configure:3364: checking whether we are cross compiling
configure:3372: g++ -o conftest    conftest.cpp  >&5
configure:3376: $? = 0
configure:3383: ./conftest
configure:3387: $? = 0
configure:3402: result: no
configure:3407: checking for suffix of object files
configure:3429: g++ -c   conftest.cpp >&5
configure:3433: $? = 0
configure:3454: result: o
configure:3458: checking whether we are using the GNU C++ compiler
configure:3477: g++ -c   conftest.cpp >&5
configure:3477: $? = 0
configure:3486: result: yes
configure:3495: checking whether g++ accepts -g
configure:3515: g++ -c -g  conftest.cpp >&5
configure:3515: $? = 0
configure:3556: result: yes
configure:3590: checking for style of include used by make
configure:3618: result: GNU
configure:3644: checking dependency style of g++
configure:3755: result: gcc3
configure:3818: checking for gcc
configure:3834: found /usr/bin/gcc
configure:3845: result: gcc
configure:4074: checking for C compiler version
configure:4083: gcc --version >&5
gcc (Ubuntu 4.8.4-2ubuntu1~14.04.1) 4.8.4
Copyright (C) 2013 Free Software Foundation, Inc.
This is free software; see the source for copying conditions.  There is NO
warranty; not even for MERCHANTABILITY or FITNESS FOR A PARTICULAR PURPOSE.

configure:4094: $? = 0
configure:4083: gcc -v >&5
Using built-in specs.
COLLECT_GCC=gcc
COLLECT_LTO_WRAPPER=/usr/lib/gcc/x86_64-linux-gnu/4.8/lto-wrapper
Target: x86_64-linux-gnu
Configured with: ../src/configure -v --with-pkgversion='Ubuntu 4.8.4-2ubuntu1~14.04.1' --with-bugurl=file:///usr/share/doc/gcc-4.8/README.Bugs --enable-languages=c,c++,java,go,d,fortran,objc,obj-c++ --prefix=/usr --program-suffix=-4.8 --enable-shared --enable-linker-build-id --libexecdir=/usr/lib --without-included-gettext --enable-threads=posix --with-gxx-include-dir=/usr/include/c++/4.8 --libdir=/usr/lib --enable-nls --with-sysroot=/ --enable-clocale=gnu --enable-libstdcxx-debug --enable-libstdcxx-time=yes --enable-gnu-unique-object --disable-libmudflap --enable-plugin --with-system-zlib --disable-browser-plugin --enable-java-awt=gtk --enable-gtk-cairo --with-java-home=/usr/lib/jvm/java-1.5.0-gcj-4.8-amd64/jre --enable-java-home --with-jvm-root-dir=/usr/lib/jvm/java-1.5.0-gcj-4.8-amd64 --with-jvm-jar-dir=/usr/lib/jvm-exports/java-1.5.0-gcj-4.8-amd64 --with-arch-directory=amd64 --with-ecj-jar=/usr/share/java/eclipse-ecj.jar --enable-objc-gc --enable-multiarch --disable-werror --with-arch-32=i686 --with-abi=m64 --with-multilib-list=m32,m64,mx32 --with-tune=generic --enable-checking=release --build=x86_64-linux-gnu --host=x86_64-linux-gnu --target=x86_64-linux-gnu
Thread model: posix
gcc version 4.8.4 (Ubuntu 4.8.4-2ubuntu1~14.04.1) 
configure:4094: $? = 0
configure:4083: gcc -V >&5
gcc: error: unrecognized command line option '-V'
gcc: fatal error: no input files
compilation terminated.
configure:4094: $? = 4
configure:4083: gcc -qversion >&5
gcc: error: unrecognized command line option '-qversion'
gcc: fatal error: no input files
compilation terminated.
configure:4094: $? = 4
configure:4098: checking whether we are using the GNU C compiler
configure:4117: gcc -c   conftest.c >&5
configure:4117: $? = 0
configure:4126: result: yes
configure:4135: checking whether gcc accepts -g
configure:4155: gcc -c -g  conftest.c >&5
configure:4155: $? = 0
configure:4196: result: yes
configure:4213: checking for gcc option to accept ISO C89
configure:4276: gcc  -c -g -O2  conftest.c >&5
configure:4276: $? = 0
configure:4289: result: none needed
configure:4314: checking whether gcc understands -c and -o together
configure:4336: gcc -c conftest.c -o conftest2.o
configure:4339: $? = 0
configure:4336: gcc -c conftest.c -o conftest2.o
configure:4339: $? = 0
configure:4351: result: yes
configure:4370: checking dependency style of gcc
configure:4481: result: gcc3
configure:4525: checking build system type
configure:4539: result: x86_64-unknown-linux-gnu
configure:4559: checking host system type
configure:4572: result: x86_64-unknown-linux-gnu
configure:4613: checking how to print strings
configure:4640: result: printf
configure:4661: checking for a sed that does not truncate output
configure:4725: result: /bin/sed
configure:4743: checking for grep that handles long lines and -e
configure:4801: result: /bin/grep
configure:4806: checking for egrep
configure:4868: result: /bin/grep -E
configure:4873: checking for fgrep
configure:4935: result: /bin/grep -F
configure:4970: checking for ld used by gcc
configure:5037: result: /usr/bin/ld
configure:5044: checking if the linker (/usr/bin/ld) is GNU ld
configure:5059: result: yes
configure:5071: checking for BSD- or MS-compatible name lister (nm)
configure:5120: result: /usr/bin/nm -B
configure:5250: checking the name lister (/usr/bin/nm -B) interface
configure:5257: gcc -c -g -O2  conftest.c >&5
configure:5260: /usr/bin/nm -B "conftest.o"
configure:5263: output
0000000000000000 B some_variable
configure:5270: result: BSD nm
configure:5273: checking whether ln -s works
configure:5277: result: yes
configure:5285: checking the maximum length of command line arguments
configure:5416: result: 1572864
configure:5433: checking whether the shell understands some XSI constructs
configure:5443: result: yes
configure:5447: checking whether the shell understands "+="
configure:5453: result: yes
configure:5488: checking how to convert x86_64-unknown-linux-gnu file names to x86_64-unknown-linux-gnu format
configure:5528: result: func_convert_file_noop
configure:5535: checking how to convert x86_64-unknown-linux-gnu file names to toolchain format
configure:5555: result: func_convert_file_noop
configure:5562: checking for /usr/bin/ld option to reload object files
configure:5569: result: -r
configure:5643: checking for objdump
configure:5659: found /usr/bin/objdump
configure:5670: result: objdump
configure:5702: checking how to recognize dependent libraries
configure:5900: result: pass_all
configure:5985: checking for dlltool
configure:6015: result: no
configure:6045: checking how to associate runtime and link libraries
configure:6072: result: printf %s\n
configure:6133: checking for ar
configure:6149: found /usr/bin/ar
configure:6160: result: ar
configure:6197: checking for archiver @FILE support
configure:6214: gcc -c -g -O2  conftest.c >&5
configure:6214: $? = 0
configure:6217: ar cru libconftest.a @conftest.lst >&5
configure:6220: $? = 0
configure:6225: ar cru libconftest.a @conftest.lst >&5
ar: conftest.o: No such file or directory
configure:6228: $? = 1
configure:6240: result: @
configure:6298: checking for strip
configure:6314: found /usr/bin/strip
configure:6325: result: strip
configure:6397: checking for ranlib
configure:6413: found /usr/bin/ranlib
configure:6424: result: ranlib
configure:6526: checking command to parse /usr/bin/nm -B output from gcc object
configure:6646: gcc -c -g -O2  conftest.c >&5
configure:6649: $? = 0
configure:6653: /usr/bin/nm -B conftest.o \| sed -n -e 's/^.*[ ]\([ABCDGIRSTW][ABCDGIRSTW]*\)[ ][ ]*\([_A-Za-z][_A-Za-z0-9]*\)$/\1 \2 \2/p' | sed '/ __gnu_lto/d' \> conftest.nm
configure:6656: $? = 0
configure:6722: gcc -o conftest -g -O2   conftest.c conftstm.o >&5
configure:6725: $? = 0
configure:6763: result: ok
configure:6800: checking for sysroot
configure:6830: result: no
configure:6907: gcc -c -g -O2  conftest.c >&5
configure:6910: $? = 0
configure:7099: checking for mt
configure:7115: found /bin/mt
configure:7126: result: mt
configure:7149: checking if mt is a manifest tool
configure:7155: mt '-?'
configure:7163: result: no
configure:7805: checking how to run the C preprocessor
configure:7836: gcc -E  conftest.c
configure:7836: $? = 0
configure:7850: gcc -E  conftest.c
conftest.c:11:28: fatal error: ac_nonexistent.h: No such file or directory
 #include <ac_nonexistent.h>
                            ^
compilation terminated.
configure:7850: $? = 1
configure: failed program was:
| /* confdefs.h */
| #define PACKAGE_NAME "gvirtus-cudadr"
| #define PACKAGE_TARNAME "gvirtus-cudadr"
| #define PACKAGE_VERSION "01-beta2"
| #define PACKAGE_STRING "gvirtus-cudadr 01-beta2"
| #define PACKAGE_BUGREPORT "http://code.google.com/p/gvirtus/issues/list"
| #define PACKAGE_URL ""
| #define PACKAGE "gvirtus-cudadr"
| #define VERSION "01-beta2"
| /* end confdefs.h.  */
| #include <ac_nonexistent.h>
configure:7875: result: gcc -E
configure:7895: gcc -E  conftest.c
configure:7895: $? = 0
configure:7909: gcc -E  conftest.c
conftest.c:11:28: fatal error: ac_nonexistent.h: No such file or directory
 #include <ac_nonexistent.h>
                            ^
compilation terminated.
configure:7909: $? = 1
configure: failed program was:
| /* confdefs.h */
| #define PACKAGE_NAME "gvirtus-cudadr"
| #define PACKAGE_TARNAME "gvirtus-cudadr"
| #define PACKAGE_VERSION "01-beta2"
| #define PACKAGE_STRING "gvirtus-cudadr 01-beta2"
| #define PACKAGE_BUGREPORT "http://code.google.com/p/gvirtus/issues/list"
| #define PACKAGE_URL ""
| #define PACKAGE "gvirtus-cudadr"
| #define VERSION "01-beta2"
| /* end confdefs.h.  */
| #include <ac_nonexistent.h>
configure:7938: checking for ANSI C header files
configure:7958: gcc -c -g -O2  conftest.c >&5
configure:7958: $? = 0
configure:8031: gcc -o conftest -g -O2   conftest.c  >&5
configure:8031: $? = 0
configure:8031: ./conftest
configure:8031: $? = 0
configure:8042: result: yes
configure:8055: checking for sys/types.h
configure:8055: gcc -c -g -O2  conftest.c >&5
configure:8055: $? = 0
configure:8055: result: yes
configure:8055: checking for sys/stat.h
configure:8055: gcc -c -g -O2  conftest.c >&5
configure:8055: $? = 0
configure:8055: result: yes
configure:8055: checking for stdlib.h
configure:8055: gcc -c -g -O2  conftest.c >&5
configure:8055: $? = 0
configure:8055: result: yes
configure:8055: checking for string.h
configure:8055: gcc -c -g -O2  conftest.c >&5
configure:8055: $? = 0
configure:8055: result: yes
configure:8055: checking for memory.h
configure:8055: gcc -c -g -O2  conftest.c >&5
configure:8055: $? = 0
configure:8055: result: yes
configure:8055: checking for strings.h
configure:8055: gcc -c -g -O2  conftest.c >&5
configure:8055: $? = 0
configure:8055: result: yes
configure:8055: checking for inttypes.h
configure:8055: gcc -c -g -O2  conftest.c >&5
configure:8055: $? = 0
configure:8055: result: yes
configure:8055: checking for stdint.h
configure:8055: gcc -c -g -O2  conftest.c >&5
configure:8055: $? = 0
configure:8055: result: yes
configure:8055: checking for unistd.h
configure:8055: gcc -c -g -O2  conftest.c >&5
configure:8055: $? = 0
configure:8055: result: yes
configure:8069: checking for dlfcn.h
configure:8069: gcc -c -g -O2  conftest.c >&5
configure:8069: $? = 0
configure:8069: result: yes
configure:8286: checking for objdir
configure:8301: result: .libs
configure:8568: checking if gcc supports -fno-rtti -fno-exceptions
configure:8586: gcc -c -g -O2  -fno-rtti -fno-exceptions conftest.c >&5
cc1: warning: command line option '-fno-rtti' is valid for C++/ObjC++ but not for C [enabled by default]
configure:8590: $? = 0
configure:8603: result: no
configure:8930: checking for gcc option to produce PIC
configure:8937: result: -fPIC -DPIC
configure:8945: checking if gcc PIC flag -fPIC -DPIC works
configure:8963: gcc -c -g -O2  -fPIC -DPIC -DPIC conftest.c >&5
configure:8967: $? = 0
configure:8980: result: yes
configure:9009: checking if gcc static flag -static works
configure:9037: result: yes
configure:9052: checking if gcc supports -c -o file.o
configure:9073: gcc -c -g -O2  -o out/conftest2.o conftest.c >&5
configure:9077: $? = 0
configure:9099: result: yes
configure:9107: checking if gcc supports -c -o file.o
configure:9154: result: yes
configure:9187: checking whether the gcc linker (/usr/bin/ld -m elf_x86_64) supports shared libraries
configure:10344: result: yes
configure:10381: checking whether -lc should be explicitly linked in
configure:10389: gcc -c -g -O2  conftest.c >&5
configure:10392: $? = 0
configure:10407: gcc -shared  -fPIC -DPIC conftest.o  -v -Wl,-soname -Wl,conftest -o conftest 2\>\&1 \| /bin/grep  -lc  \>/dev/null 2\>\&1
configure:10410: $? = 0
configure:10424: result: no
configure:10584: checking dynamic linker characteristics
configure:11084: gcc -o conftest -g -O2   -Wl,-rpath -Wl,/foo conftest.c  >&5
configure:11084: $? = 0
configure:11318: result: GNU/Linux ld.so
configure:11425: checking how to hardcode library paths into programs
configure:11450: result: immediate
configure:11990: checking whether stripping libraries is possible
configure:11995: result: yes
configure:12030: checking if libtool supports shared libraries
configure:12032: result: yes
configure:12035: checking whether to build shared libraries
configure:12056: result: yes
configure:12059: checking whether to build static libraries
configure:12063: result: yes
configure:12086: checking how to run the C++ preprocessor
configure:12113: g++ -E  conftest.cpp
configure:12113: $? = 0
configure:12127: g++ -E  conftest.cpp
conftest.cpp:23:28: fatal error: ac_nonexistent.h: No such file or directory
 #include <ac_nonexistent.h>
                            ^
compilation terminated.
configure:12127: $? = 1
configure: failed program was:
| /* confdefs.h */
| #define PACKAGE_NAME "gvirtus-cudadr"
| #define PACKAGE_TARNAME "gvirtus-cudadr"
| #define PACKAGE_VERSION "01-beta2"
| #define PACKAGE_STRING "gvirtus-cudadr 01-beta2"
| #define PACKAGE_BUGREPORT "http://code.google.com/p/gvirtus/issues/list"
| #define PACKAGE_URL ""
| #define PACKAGE "gvirtus-cudadr"
| #define VERSION "01-beta2"
| #define STDC_HEADERS 1
| #define HAVE_SYS_TYPES_H 1
| #define HAVE_SYS_STAT_H 1
| #define HAVE_STDLIB_H 1
| #define HAVE_STRING_H 1
| #define HAVE_MEMORY_H 1
| #define HAVE_STRINGS_H 1
| #define HAVE_INTTYPES_H 1
| #define HAVE_STDINT_H 1
| #define HAVE_UNISTD_H 1
| #define HAVE_DLFCN_H 1
| #define LT_OBJDIR ".libs/"
| /* end confdefs.h.  */
| #include <ac_nonexistent.h>
configure:12152: result: g++ -E
configure:12172: g++ -E  conftest.cpp
configure:12172: $? = 0
configure:12186: g++ -E  conftest.cpp
conftest.cpp:23:28: fatal error: ac_nonexistent.h: No such file or directory
 #include <ac_nonexistent.h>
                            ^
compilation terminated.
configure:12186: $? = 1
configure: failed program was:
| /* confdefs.h */
| #define PACKAGE_NAME "gvirtus-cudadr"
| #define PACKAGE_TARNAME "gvirtus-cudadr"
| #define PACKAGE_VERSION "01-beta2"
| #define PACKAGE_STRING "gvirtus-cudadr 01-beta2"
| #define PACKAGE_BUGREPORT "http://code.google.com/p/gvirtus/issues/list"
| #define PACKAGE_URL ""
| #define PACKAGE "gvirtus-cudadr"
| #define VERSION "01-beta2"
| #define STDC_HEADERS 1
| #define HAVE_SYS_TYPES_H 1
| #define HAVE_SYS_STAT_H 1
| #define HAVE_STDLIB_H 1
| #define HAVE_STRING_H 1
| #define HAVE_MEMORY_H 1
| #define HAVE_STRINGS_H 1
| #define HAVE_INTTYPES_H 1
| #define HAVE_STDINT_H 1
| #define HAVE_UNISTD_H 1
| #define HAVE_DLFCN_H 1
| #define LT_OBJDIR ".libs/"
| /* end confdefs.h.  */
| #include <ac_nonexistent.h>
configure:12355: checking for ld used by g++
configure:12422: result: /usr/bin/ld -m elf_x86_64
configure:12429: checking if the linker (/usr/bin/ld -m elf_x86_64) is GNU ld
configure:12444: result: yes
configure:12499: checking whether the g++ linker (/usr/bin/ld -m elf_x86_64) supports shared libraries
configure:13501: result: yes
configure:13537: g++ -c -g -O2  conftest.cpp >&5
configure:13540: $? = 0
configure:14060: checking for g++ option to produce PIC
configure:14067: result: -fPIC -DPIC
configure:14075: checking if g++ PIC flag -fPIC -DPIC works
configure:14093: g++ -c -g -O2  -fPIC -DPIC -DPIC conftest.cpp >&5
configure:14097: $? = 0
configure:14110: result: yes
configure:14133: checking if g++ static flag -static works
configure:14161: result: yes
configure:14173: checking if g++ supports -c -o file.o
configure:14194: g++ -c -g -O2  -o out/conftest2.o conftest.cpp >&5
configure:14198: $? = 0
configure:14220: result: yes
configure:14225: checking if g++ supports -c -o file.o
configure:14272: result: yes
configure:14302: checking whether the g++ linker (/usr/bin/ld -m elf_x86_64) supports shared libraries
configure:14341: result: yes
configure:14482: checking dynamic linker characteristics
configure:15150: result: GNU/Linux ld.so
configure:15203: checking how to hardcode library paths into programs
configure:15228: result: immediate
configure:15364: checking arpa/inet.h usability
configure:15364: gcc -c -g -O2   -isystem /usr/local/cuda/include -isystem /opt/cuda/include  -I/home/cferraro/Github/opt/include/gvirtus -I/usr/local/gvirtus/include/gvirtus -I/opt/gvirtus/include/gvirtus conftest.c >&5
configure:15364: $? = 0
configure:15364: result: yes
configure:15364: checking arpa/inet.h presence
configure:15364: gcc -E   -isystem /usr/local/cuda/include -isystem /opt/cuda/include  -I/home/cferraro/Github/opt/include/gvirtus -I/usr/local/gvirtus/include/gvirtus -I/opt/gvirtus/include/gvirtus conftest.c
configure:15364: $? = 0
configure:15364: result: yes
configure:15364: checking for arpa/inet.h
configure:15364: result: yes
configure:15364: checking fcntl.h usability
configure:15364: gcc -c -g -O2   -isystem /usr/local/cuda/include -isystem /opt/cuda/include  -I/home/cferraro/Github/opt/include/gvirtus -I/usr/local/gvirtus/include/gvirtus -I/opt/gvirtus/include/gvirtus conftest.c >&5
configure:15364: $? = 0
configure:15364: result: yes
configure:15364: checking fcntl.h presence
configure:15364: gcc -E   -isystem /usr/local/cuda/include -isystem /opt/cuda/include  -I/home/cferraro/Github/opt/include/gvirtus -I/usr/local/gvirtus/include/gvirtus -I/opt/gvirtus/include/gvirtus conftest.c
configure:15364: $? = 0
configure:15364: result: yes
configure:15364: checking for fcntl.h
configure:15364: result: yes
configure:15364: checking netdb.h usability
configure:15364: gcc -c -g -O2   -isystem /usr/local/cuda/include -isystem /opt/cuda/include  -I/home/cferraro/Github/opt/include/gvirtus -I/usr/local/gvirtus/include/gvirtus -I/opt/gvirtus/include/gvirtus conftest.c >&5
configure:15364: $? = 0
configure:15364: result: yes
configure:15364: checking netdb.h presence
configure:15364: gcc -E   -isystem /usr/local/cuda/include -isystem /opt/cuda/include  -I/home/cferraro/Github/opt/include/gvirtus -I/usr/local/gvirtus/include/gvirtus -I/opt/gvirtus/include/gvirtus conftest.c
configure:15364: $? = 0
configure:15364: result: yes
configure:15364: checking for netdb.h
configure:15364: result: yes
configure:15364: checking netinet/in.h usability
configure:15364: gcc -c -g -O2   -isystem /usr/local/cuda/include -isystem /opt/cuda/include  -I/home/cferraro/Github/opt/include/gvirtus -I/usr/local/gvirtus/include/gvirtus -I/opt/gvirtus/include/gvirtus conftest.c >&5
configure:15364: $? = 0
configure:15364: result: yes
configure:15364: checking netinet/in.h presence
configure:15364: gcc -E   -isystem /usr/local/cuda/include -isystem /opt/cuda/include  -I/home/cferraro/Github/opt/include/gvirtus -I/usr/local/gvirtus/include/gvirtus -I/opt/gvirtus/include/gvirtus conftest.c
configure:15364: $? = 0
configure:15364: result: yes
configure:15364: checking for netinet/in.h
configure:15364: result: yes
configure:15364: checking for stdint.h
configure:15364: result: yes
configure:15364: checking for stdlib.h
configure:15364: result: yes
configure:15364: checking sys/socket.h usability
configure:15364: gcc -c -g -O2   -isystem /usr/local/cuda/include -isystem /opt/cuda/include  -I/home/cferraro/Github/opt/include/gvirtus -I/usr/local/gvirtus/include/gvirtus -I/opt/gvirtus/include/gvirtus conftest.c >&5
configure:15364: $? = 0
configure:15364: result: yes
configure:15364: checking sys/socket.h presence
configure:15364: gcc -E   -isystem /usr/local/cuda/include -isystem /opt/cuda/include  -I/home/cferraro/Github/opt/include/gvirtus -I/usr/local/gvirtus/include/gvirtus -I/opt/gvirtus/include/gvirtus conftest.c
configure:15364: $? = 0
configure:15364: result: yes
configure:15364: checking for sys/socket.h
configure:15364: result: yes
configure:15364: checking for unistd.h
configure:15364: result: yes
configure:15376: checking for stdbool.h that conforms to C99
configure:15443: gcc -c -g -O2   -isystem /usr/local/cuda/include -isystem /opt/cuda/include  -I/home/cferraro/Github/opt/include/gvirtus -I/usr/local/gvirtus/include/gvirtus -I/opt/gvirtus/include/gvirtus conftest.c >&5
configure:15443: $? = 0
configure:15450: result: yes
configure:15452: checking for _Bool
configure:15452: gcc -c -g -O2   -isystem /usr/local/cuda/include -isystem /opt/cuda/include  -I/home/cferraro/Github/opt/include/gvirtus -I/usr/local/gvirtus/include/gvirtus -I/opt/gvirtus/include/gvirtus conftest.c >&5
configure:15452: $? = 0
configure:15452: gcc -c -g -O2   -isystem /usr/local/cuda/include -isystem /opt/cuda/include  -I/home/cferraro/Github/opt/include/gvirtus -I/usr/local/gvirtus/include/gvirtus -I/opt/gvirtus/include/gvirtus conftest.c >&5
conftest.c: In function 'main':
conftest.c:67:20: error: expected expression before ')' token
 if (sizeof ((_Bool)))
                    ^
configure:15452: $? = 1
configure: failed program was:
| /* confdefs.h */
| #define PACKAGE_NAME "gvirtus-cudadr"
| #define PACKAGE_TARNAME "gvirtus-cudadr"
| #define PACKAGE_VERSION "01-beta2"
| #define PACKAGE_STRING "gvirtus-cudadr 01-beta2"
| #define PACKAGE_BUGREPORT "http://code.google.com/p/gvirtus/issues/list"
| #define PACKAGE_URL ""
| #define PACKAGE "gvirtus-cudadr"
| #define VERSION "01-beta2"
| #define STDC_HEADERS 1
| #define HAVE_SYS_TYPES_H 1
| #define HAVE_SYS_STAT_H 1
| #define HAVE_STDLIB_H 1
| #define HAVE_STRING_H 1
| #define HAVE_MEMORY_H 1
| #define HAVE_STRINGS_H 1
| #define HAVE_INTTYPES_H 1
| #define HAVE_STDINT_H 1
| #define HAVE_UNISTD_H 1
| #define HAVE_DLFCN_H 1
| #define LT_OBJDIR ".libs/"
| #define HAVE_ARPA_INET_H 1
| #define HAVE_FCNTL_H 1
| #define HAVE_NETDB_H 1
| #define HAVE_NETINET_IN_H 1
| #define HAVE_STDINT_H 1
| #define HAVE_STDLIB_H 1
| #define HAVE_SYS_SOCKET_H 1
| #define HAVE_UNISTD_H 1
| /* end confdefs.h.  */
| #include <stdio.h>
| #ifdef HAVE_SYS_TYPES_H
| # include <sys/types.h>
| #endif
| #ifdef HAVE_SYS_STAT_H
| # include <sys/stat.h>
| #endif
| #ifdef STDC_HEADERS
| # include <stdlib.h>
| # include <stddef.h>
| #else
| # ifdef HAVE_STDLIB_H
| #  include <stdlib.h>
| # endif
| #endif
| #ifdef HAVE_STRING_H
| # if !defined STDC_HEADERS && defined HAVE_MEMORY_H
| #  include <memory.h>
| # endif
| # include <string.h>
| #endif
| #ifdef HAVE_STRINGS_H
| # include <strings.h>
| #endif
| #ifdef HAVE_INTTYPES_H
| # include <inttypes.h>
| #endif
| #ifdef HAVE_STDINT_H
| # include <stdint.h>
| #endif
| #ifdef HAVE_UNISTD_H
| # include <unistd.h>
| #endif
| int
| main ()
| {
| if (sizeof ((_Bool)))
| 	    return 0;
|   ;
|   return 0;
| }
configure:15452: result: yes
configure:15469: checking for inline
configure:15485: gcc -c -g -O2   -isystem /usr/local/cuda/include -isystem /opt/cuda/include  -I/home/cferraro/Github/opt/include/gvirtus -I/usr/local/gvirtus/include/gvirtus -I/opt/gvirtus/include/gvirtus conftest.c >&5
configure:15485: $? = 0
configure:15493: result: inline
configure:15511: checking for pid_t
configure:15511: gcc -c -g -O2   -isystem /usr/local/cuda/include -isystem /opt/cuda/include  -I/home/cferraro/Github/opt/include/gvirtus -I/usr/local/gvirtus/include/gvirtus -I/opt/gvirtus/include/gvirtus conftest.c >&5
configure:15511: $? = 0
configure:15511: gcc -c -g -O2   -isystem /usr/local/cuda/include -isystem /opt/cuda/include  -I/home/cferraro/Github/opt/include/gvirtus -I/usr/local/gvirtus/include/gvirtus -I/opt/gvirtus/include/gvirtus conftest.c >&5
conftest.c: In function 'main':
conftest.c:69:20: error: expected expression before ')' token
 if (sizeof ((pid_t)))
                    ^
configure:15511: $? = 1
configure: failed program was:
| /* confdefs.h */
| #define PACKAGE_NAME "gvirtus-cudadr"
| #define PACKAGE_TARNAME "gvirtus-cudadr"
| #define PACKAGE_VERSION "01-beta2"
| #define PACKAGE_STRING "gvirtus-cudadr 01-beta2"
| #define PACKAGE_BUGREPORT "http://code.google.com/p/gvirtus/issues/list"
| #define PACKAGE_URL ""
| #define PACKAGE "gvirtus-cudadr"
| #define VERSION "01-beta2"
| #define STDC_HEADERS 1
| #define HAVE_SYS_TYPES_H 1
| #define HAVE_SYS_STAT_H 1
| #define HAVE_STDLIB_H 1
| #define HAVE_STRING_H 1
| #define HAVE_MEMORY_H 1
| #define HAVE_STRINGS_H 1
| #define HAVE_INTTYPES_H 1
| #define HAVE_STDINT_H 1
| #define HAVE_UNISTD_H 1
| #define HAVE_DLFCN_H 1
| #define LT_OBJDIR ".libs/"
| #define HAVE_ARPA_INET_H 1
| #define HAVE_FCNTL_H 1
| #define HAVE_NETDB_H 1
| #define HAVE_NETINET_IN_H 1
| #define HAVE_STDINT_H 1
| #define HAVE_STDLIB_H 1
| #define HAVE_SYS_SOCKET_H 1
| #define HAVE_UNISTD_H 1
| #define HAVE__BOOL 1
| #define HAVE_STDBOOL_H 1
| /* end confdefs.h.  */
| #include <stdio.h>
| #ifdef HAVE_SYS_TYPES_H
| # include <sys/types.h>
| #endif
| #ifdef HAVE_SYS_STAT_H
| # include <sys/stat.h>
| #endif
| #ifdef STDC_HEADERS
| # include <stdlib.h>
| # include <stddef.h>
| #else
| # ifdef HAVE_STDLIB_H
| #  include <stdlib.h>
| # endif
| #endif
| #ifdef HAVE_STRING_H
| # if !defined STDC_HEADERS && defined HAVE_MEMORY_H
| #  include <memory.h>
| # endif
| # include <string.h>
| #endif
| #ifdef HAVE_STRINGS_H
| # include <strings.h>
| #endif
| #ifdef HAVE_INTTYPES_H
| # include <inttypes.h>
| #endif
| #ifdef HAVE_STDINT_H
| # include <stdint.h>
| #endif
| #ifdef HAVE_UNISTD_H
| # include <unistd.h>
| #endif
| int
| main ()
| {
| if (sizeof ((pid_t)))
| 	    return 0;
|   ;
|   return 0;
| }
configure:15511: result: yes
configure:15522: checking for size_t
configure:15522: gcc -c -g -O2   -isystem /usr/local/cuda/include -isystem /opt/cuda/include  -I/home/cferraro/Github/opt/include/gvirtus -I/usr/local/gvirtus/include/gvirtus -I/opt/gvirtus/include/gvirtus conftest.c >&5
configure:15522: $? = 0
configure:15522: gcc -c -g -O2   -isystem /usr/local/cuda/include -isystem /opt/cuda/include  -I/home/cferraro/Github/opt/include/gvirtus -I/usr/local/gvirtus/include/gvirtus -I/opt/gvirtus/include/gvirtus conftest.c >&5
conftest.c: In function 'main':
conftest.c:69:21: error: expected expression before ')' token
 if (sizeof ((size_t)))
                     ^
configure:15522: $? = 1
configure: failed program was:
| /* confdefs.h */
| #define PACKAGE_NAME "gvirtus-cudadr"
| #define PACKAGE_TARNAME "gvirtus-cudadr"
| #define PACKAGE_VERSION "01-beta2"
| #define PACKAGE_STRING "gvirtus-cudadr 01-beta2"
| #define PACKAGE_BUGREPORT "http://code.google.com/p/gvirtus/issues/list"
| #define PACKAGE_URL ""
| #define PACKAGE "gvirtus-cudadr"
| #define VERSION "01-beta2"
| #define STDC_HEADERS 1
| #define HAVE_SYS_TYPES_H 1
| #define HAVE_SYS_STAT_H 1
| #define HAVE_STDLIB_H 1
| #define HAVE_STRING_H 1
| #define HAVE_MEMORY_H 1
| #define HAVE_STRINGS_H 1
| #define HAVE_INTTYPES_H 1
| #define HAVE_STDINT_H 1
| #define HAVE_UNISTD_H 1
| #define HAVE_DLFCN_H 1
| #define LT_OBJDIR ".libs/"
| #define HAVE_ARPA_INET_H 1
| #define HAVE_FCNTL_H 1
| #define HAVE_NETDB_H 1
| #define HAVE_NETINET_IN_H 1
| #define HAVE_STDINT_H 1
| #define HAVE_STDLIB_H 1
| #define HAVE_SYS_SOCKET_H 1
| #define HAVE_UNISTD_H 1
| #define HAVE__BOOL 1
| #define HAVE_STDBOOL_H 1
| /* end confdefs.h.  */
| #include <stdio.h>
| #ifdef HAVE_SYS_TYPES_H
| # include <sys/types.h>
| #endif
| #ifdef HAVE_SYS_STAT_H
| # include <sys/stat.h>
| #endif
| #ifdef STDC_HEADERS
| # include <stdlib.h>
| # include <stddef.h>
| #else
| # ifdef HAVE_STDLIB_H
| #  include <stdlib.h>
| # endif
| #endif
| #ifdef HAVE_STRING_H
| # if !defined STDC_HEADERS && defined HAVE_MEMORY_H
| #  include <memory.h>
| # endif
| # include <string.h>
| #endif
| #ifdef HAVE_STRINGS_H
| # include <strings.h>
| #endif
| #ifdef HAVE_INTTYPES_H
| # include <inttypes.h>
| #endif
| #ifdef HAVE_STDINT_H
| # include <stdint.h>
| #endif
| #ifdef HAVE_UNISTD_H
| # include <unistd.h>
| #endif
| int
| main ()
| {
| if (sizeof ((size_t)))
| 	    return 0;
|   ;
|   return 0;
| }
configure:15522: result: yes
configure:15533: checking for uint64_t
configure:15533: gcc -c -g -O2   -isystem /usr/local/cuda/include -isystem /opt/cuda/include  -I/home/cferraro/Github/opt/include/gvirtus -I/usr/local/gvirtus/include/gvirtus -I/opt/gvirtus/include/gvirtus conftest.c >&5
configure:15533: $? = 0
configure:15533: result: yes
configure:15551: checking vfork.h usability
configure:15551: gcc -c -g -O2   -isystem /usr/local/cuda/include -isystem /opt/cuda/include  -I/home/cferraro/Github/opt/include/gvirtus -I/usr/local/gvirtus/include/gvirtus -I/opt/gvirtus/include/gvirtus conftest.c >&5
conftest.c:66:19: fatal error: vfork.h: No such file or directory
 #include <vfork.h>
                   ^
compilation terminated.
configure:15551: $? = 1
configure: failed program was:
| /* confdefs.h */
| #define PACKAGE_NAME "gvirtus-cudadr"
| #define PACKAGE_TARNAME "gvirtus-cudadr"
| #define PACKAGE_VERSION "01-beta2"
| #define PACKAGE_STRING "gvirtus-cudadr 01-beta2"
| #define PACKAGE_BUGREPORT "http://code.google.com/p/gvirtus/issues/list"
| #define PACKAGE_URL ""
| #define PACKAGE "gvirtus-cudadr"
| #define VERSION "01-beta2"
| #define STDC_HEADERS 1
| #define HAVE_SYS_TYPES_H 1
| #define HAVE_SYS_STAT_H 1
| #define HAVE_STDLIB_H 1
| #define HAVE_STRING_H 1
| #define HAVE_MEMORY_H 1
| #define HAVE_STRINGS_H 1
| #define HAVE_INTTYPES_H 1
| #define HAVE_STDINT_H 1
| #define HAVE_UNISTD_H 1
| #define HAVE_DLFCN_H 1
| #define LT_OBJDIR ".libs/"
| #define HAVE_ARPA_INET_H 1
| #define HAVE_FCNTL_H 1
| #define HAVE_NETDB_H 1
| #define HAVE_NETINET_IN_H 1
| #define HAVE_STDINT_H 1
| #define HAVE_STDLIB_H 1
| #define HAVE_SYS_SOCKET_H 1
| #define HAVE_UNISTD_H 1
| #define HAVE__BOOL 1
| #define HAVE_STDBOOL_H 1
| /* end confdefs.h.  */
| #include <stdio.h>
| #ifdef HAVE_SYS_TYPES_H
| # include <sys/types.h>
| #endif
| #ifdef HAVE_SYS_STAT_H
| # include <sys/stat.h>
| #endif
| #ifdef STDC_HEADERS
| # include <stdlib.h>
| # include <stddef.h>
| #else
| # ifdef HAVE_STDLIB_H
| #  include <stdlib.h>
| # endif
| #endif
| #ifdef HAVE_STRING_H
| # if !defined STDC_HEADERS && defined HAVE_MEMORY_H
| #  include <memory.h>
| # endif
| # include <string.h>
| #endif
| #ifdef HAVE_STRINGS_H
| # include <strings.h>
| #endif
| #ifdef HAVE_INTTYPES_H
| # include <inttypes.h>
| #endif
| #ifdef HAVE_STDINT_H
| # include <stdint.h>
| #endif
| #ifdef HAVE_UNISTD_H
| # include <unistd.h>
| #endif
| #include <vfork.h>
configure:15551: result: no
configure:15551: checking vfork.h presence
configure:15551: gcc -E   -isystem /usr/local/cuda/include -isystem /opt/cuda/include  -I/home/cferraro/Github/opt/include/gvirtus -I/usr/local/gvirtus/include/gvirtus -I/opt/gvirtus/include/gvirtus conftest.c
conftest.c:33:19: fatal error: vfork.h: No such file or directory
 #include <vfork.h>
                   ^
compilation terminated.
configure:15551: $? = 1
configure: failed program was:
| /* confdefs.h */
| #define PACKAGE_NAME "gvirtus-cudadr"
| #define PACKAGE_TARNAME "gvirtus-cudadr"
| #define PACKAGE_VERSION "01-beta2"
| #define PACKAGE_STRING "gvirtus-cudadr 01-beta2"
| #define PACKAGE_BUGREPORT "http://code.google.com/p/gvirtus/issues/list"
| #define PACKAGE_URL ""
| #define PACKAGE "gvirtus-cudadr"
| #define VERSION "01-beta2"
| #define STDC_HEADERS 1
| #define HAVE_SYS_TYPES_H 1
| #define HAVE_SYS_STAT_H 1
| #define HAVE_STDLIB_H 1
| #define HAVE_STRING_H 1
| #define HAVE_MEMORY_H 1
| #define HAVE_STRINGS_H 1
| #define HAVE_INTTYPES_H 1
| #define HAVE_STDINT_H 1
| #define HAVE_UNISTD_H 1
| #define HAVE_DLFCN_H 1
| #define LT_OBJDIR ".libs/"
| #define HAVE_ARPA_INET_H 1
| #define HAVE_FCNTL_H 1
| #define HAVE_NETDB_H 1
| #define HAVE_NETINET_IN_H 1
| #define HAVE_STDINT_H 1
| #define HAVE_STDLIB_H 1
| #define HAVE_SYS_SOCKET_H 1
| #define HAVE_UNISTD_H 1
| #define HAVE__BOOL 1
| #define HAVE_STDBOOL_H 1
| /* end confdefs.h.  */
| #include <vfork.h>
configure:15551: result: no
configure:15551: checking for vfork.h
configure:15551: result: no
configure:15564: checking for fork
configure:15564: gcc -o conftest -g -O2   -isystem /usr/local/cuda/include -isystem /opt/cuda/include  -I/home/cferraro/Github/opt/include/gvirtus -I/usr/local/gvirtus/include/gvirtus -I/opt/gvirtus/include/gvirtus  -L/usr/local/cuda/lib -L/usr/local/cuda/lib64 -L/opt/cuda/lib -L/opt/cuda/lib64 -L/home/cferraro/Github/opt/lib -L/usr/local/gvirtus/lib -L/opt/gvirtus/lib conftest.c  >&5
conftest.c:56:6: warning: conflicting types for built-in function 'fork' [enabled by default]
 char fork ();
      ^
configure:15564: $? = 0
configure:15564: result: yes
configure:15564: checking for vfork
configure:15564: gcc -o conftest -g -O2   -isystem /usr/local/cuda/include -isystem /opt/cuda/include  -I/home/cferraro/Github/opt/include/gvirtus -I/usr/local/gvirtus/include/gvirtus -I/opt/gvirtus/include/gvirtus  -L/usr/local/cuda/lib -L/usr/local/cuda/lib64 -L/opt/cuda/lib -L/opt/cuda/lib64 -L/home/cferraro/Github/opt/lib -L/usr/local/gvirtus/lib -L/opt/gvirtus/lib conftest.c  >&5
configure:15564: $? = 0
configure:15564: result: yes
configure:15574: checking for working fork
configure:15596: gcc -o conftest -g -O2   -isystem /usr/local/cuda/include -isystem /opt/cuda/include  -I/home/cferraro/Github/opt/include/gvirtus -I/usr/local/gvirtus/include/gvirtus -I/opt/gvirtus/include/gvirtus  -L/usr/local/cuda/lib -L/usr/local/cuda/lib64 -L/opt/cuda/lib -L/opt/cuda/lib64 -L/home/cferraro/Github/opt/lib -L/usr/local/gvirtus/lib -L/opt/gvirtus/lib conftest.c  >&5
configure:15596: $? = 0
configure:15596: ./conftest
configure:15596: $? = 0
configure:15606: result: yes
configure:15627: checking for working vfork
configure:15737: result: yes
configure:15764: checking for stdlib.h
configure:15764: result: yes
configure:15774: checking for GNU libc compatible malloc
configure:15798: gcc -o conftest -g -O2   -isystem /usr/local/cuda/include -isystem /opt/cuda/include  -I/home/cferraro/Github/opt/include/gvirtus -I/usr/local/gvirtus/include/gvirtus -I/opt/gvirtus/include/gvirtus  -L/usr/local/cuda/lib -L/usr/local/cuda/lib64 -L/opt/cuda/lib -L/opt/cuda/lib64 -L/home/cferraro/Github/opt/lib -L/usr/local/gvirtus/lib -L/opt/gvirtus/lib conftest.c  >&5
configure:15798: $? = 0
configure:15798: ./conftest
configure:15798: $? = 0
configure:15808: result: yes
configure:15831: checking for stdlib.h
configure:15831: result: yes
configure:15841: checking for GNU libc compatible realloc
configure:15865: gcc -o conftest -g -O2   -isystem /usr/local/cuda/include -isystem /opt/cuda/include  -I/home/cferraro/Github/opt/include/gvirtus -I/usr/local/gvirtus/include/gvirtus -I/opt/gvirtus/include/gvirtus  -L/usr/local/cuda/lib -L/usr/local/cuda/lib64 -L/opt/cuda/lib -L/opt/cuda/lib64 -L/home/cferraro/Github/opt/lib -L/usr/local/gvirtus/lib -L/opt/gvirtus/lib conftest.c  >&5
configure:15865: $? = 0
configure:15865: ./conftest
configure:15865: $? = 0
configure:15875: result: yes
configure:15899: checking for gethostbyname
configure:15899: gcc -o conftest -g -O2   -isystem /usr/local/cuda/include -isystem /opt/cuda/include  -I/home/cferraro/Github/opt/include/gvirtus -I/usr/local/gvirtus/include/gvirtus -I/opt/gvirtus/include/gvirtus  -L/usr/local/cuda/lib -L/usr/local/cuda/lib64 -L/opt/cuda/lib -L/opt/cuda/lib64 -L/home/cferraro/Github/opt/lib -L/usr/local/gvirtus/lib -L/opt/gvirtus/lib conftest.c  >&5
configure:15899: $? = 0
configure:15899: result: yes
configure:15899: checking for memmove
configure:15899: gcc -o conftest -g -O2   -isystem /usr/local/cuda/include -isystem /opt/cuda/include  -I/home/cferraro/Github/opt/include/gvirtus -I/usr/local/gvirtus/include/gvirtus -I/opt/gvirtus/include/gvirtus  -L/usr/local/cuda/lib -L/usr/local/cuda/lib64 -L/opt/cuda/lib -L/opt/cuda/lib64 -L/home/cferraro/Github/opt/lib -L/usr/local/gvirtus/lib -L/opt/gvirtus/lib conftest.c  >&5
conftest.c:65:6: warning: conflicting types for built-in function 'memmove' [enabled by default]
 char memmove ();
      ^
configure:15899: $? = 0
configure:15899: result: yes
configure:15899: checking for memset
configure:15899: gcc -o conftest -g -O2   -isystem /usr/local/cuda/include -isystem /opt/cuda/include  -I/home/cferraro/Github/opt/include/gvirtus -I/usr/local/gvirtus/include/gvirtus -I/opt/gvirtus/include/gvirtus  -L/usr/local/cuda/lib -L/usr/local/cuda/lib64 -L/opt/cuda/lib -L/opt/cuda/lib64 -L/home/cferraro/Github/opt/lib -L/usr/local/gvirtus/lib -L/opt/gvirtus/lib conftest.c  >&5
conftest.c:66:6: warning: conflicting types for built-in function 'memset' [enabled by default]
 char memset ();
      ^
configure:15899: $? = 0
configure:15899: result: yes
configure:15899: checking for socket
configure:15899: gcc -o conftest -g -O2   -isystem /usr/local/cuda/include -isystem /opt/cuda/include  -I/home/cferraro/Github/opt/include/gvirtus -I/usr/local/gvirtus/include/gvirtus -I/opt/gvirtus/include/gvirtus  -L/usr/local/cuda/lib -L/usr/local/cuda/lib64 -L/opt/cuda/lib -L/opt/cuda/lib64 -L/home/cferraro/Github/opt/lib -L/usr/local/gvirtus/lib -L/opt/gvirtus/lib conftest.c  >&5
configure:15899: $? = 0
configure:15899: result: yes
configure:15899: checking for strcasecmp
configure:15899: gcc -o conftest -g -O2   -isystem /usr/local/cuda/include -isystem /opt/cuda/include  -I/home/cferraro/Github/opt/include/gvirtus -I/usr/local/gvirtus/include/gvirtus -I/opt/gvirtus/include/gvirtus  -L/usr/local/cuda/lib -L/usr/local/cuda/lib64 -L/opt/cuda/lib -L/opt/cuda/lib64 -L/home/cferraro/Github/opt/lib -L/usr/local/gvirtus/lib -L/opt/gvirtus/lib conftest.c  >&5
conftest.c:68:6: warning: conflicting types for built-in function 'strcasecmp' [enabled by default]
 char strcasecmp ();
      ^
configure:15899: $? = 0
configure:15899: result: yes
configure:15899: checking for strdup
configure:15899: gcc -o conftest -g -O2   -isystem /usr/local/cuda/include -isystem /opt/cuda/include  -I/home/cferraro/Github/opt/include/gvirtus -I/usr/local/gvirtus/include/gvirtus -I/opt/gvirtus/include/gvirtus  -L/usr/local/cuda/lib -L/usr/local/cuda/lib64 -L/opt/cuda/lib -L/opt/cuda/lib64 -L/home/cferraro/Github/opt/lib -L/usr/local/gvirtus/lib -L/opt/gvirtus/lib conftest.c  >&5
conftest.c:69:6: warning: conflicting types for built-in function 'strdup' [enabled by default]
 char strdup ();
      ^
configure:15899: $? = 0
configure:15899: result: yes
configure:15899: checking for strtoul
configure:15899: gcc -o conftest -g -O2   -isystem /usr/local/cuda/include -isystem /opt/cuda/include  -I/home/cferraro/Github/opt/include/gvirtus -I/usr/local/gvirtus/include/gvirtus -I/opt/gvirtus/include/gvirtus  -L/usr/local/cuda/lib -L/usr/local/cuda/lib64 -L/opt/cuda/lib -L/opt/cuda/lib64 -L/home/cferraro/Github/opt/lib -L/usr/local/gvirtus/lib -L/opt/gvirtus/lib conftest.c  >&5
configure:15899: $? = 0
configure:15899: result: yes
configure:15909: checking cuda.h usability
configure:15909: gcc -c -g -O2   -isystem /usr/local/cuda/include -isystem /opt/cuda/include  -I/home/cferraro/Github/opt/include/gvirtus -I/usr/local/gvirtus/include/gvirtus -I/opt/gvirtus/include/gvirtus conftest.c >&5
configure:15909: $? = 0
configure:15909: result: yes
configure:15909: checking cuda.h presence
configure:15909: gcc -E   -isystem /usr/local/cuda/include -isystem /opt/cuda/include  -I/home/cferraro/Github/opt/include/gvirtus -I/usr/local/gvirtus/include/gvirtus -I/opt/gvirtus/include/gvirtus conftest.c
configure:15909: $? = 0
configure:15909: result: yes
configure:15909: checking for cuda.h
configure:15909: result: yes
configure:16042: checking that generated files are newer than configure
configure:16048: result: done
configure:16075: creating ./config.status

## ---------------------- ##
## Running config.status. ##
## ---------------------- ##

This file was extended by gvirtus-cudadr config.status 01-beta2, which was
generated by GNU Autoconf 2.69.  Invocation command line was

  CONFIG_FILES    = 
  CONFIG_HEADERS  = 
  CONFIG_LINKS    = 
  CONFIG_COMMANDS = 
  $ ./config.status 

on storm

config.status:1176: creating Makefile
config.status:1176: creating util/Makefile
config.status:1176: creating backend/Makefile
config.status:1176: creating frontend/Makefile
config.status:1176: creating test/Makefile
config.status:1176: creating config.h
config.status:1357: config.h is unchanged
config.status:1405: executing depfiles commands
config.status:1405: executing libtool commands

## ---------------- ##
## Cache variables. ##
## ---------------- ##

ac_cv_build=x86_64-unknown-linux-gnu
ac_cv_c_compiler_gnu=yes
ac_cv_c_inline=inline
ac_cv_c_uint64_t=yes
ac_cv_cxx_compiler_gnu=yes
ac_cv_env_CCC_set=
ac_cv_env_CCC_value=
ac_cv_env_CC_set=
ac_cv_env_CC_value=
ac_cv_env_CFLAGS_set=
ac_cv_env_CFLAGS_value=
ac_cv_env_CPPFLAGS_set=
ac_cv_env_CPPFLAGS_value=
ac_cv_env_CPP_set=
ac_cv_env_CPP_value=
ac_cv_env_CXXCPP_set=
ac_cv_env_CXXCPP_value=
ac_cv_env_CXXFLAGS_set=
ac_cv_env_CXXFLAGS_value=
ac_cv_env_CXX_set=
ac_cv_env_CXX_value=
ac_cv_env_LDFLAGS_set=
ac_cv_env_LDFLAGS_value=
ac_cv_env_LIBS_set=
ac_cv_env_LIBS_value=
ac_cv_env_build_alias_set=
ac_cv_env_build_alias_value=
ac_cv_env_host_alias_set=
ac_cv_env_host_alias_value=
ac_cv_env_target_alias_set=
ac_cv_env_target_alias_value=
ac_cv_func_fork=yes
ac_cv_func_fork_works=yes
ac_cv_func_gethostbyname=yes
ac_cv_func_malloc_0_nonnull=yes
ac_cv_func_memmove=yes
ac_cv_func_memset=yes
ac_cv_func_realloc_0_nonnull=yes
ac_cv_func_socket=yes
ac_cv_func_strcasecmp=yes
ac_cv_func_strdup=yes
ac_cv_func_strtoul=yes
ac_cv_func_vfork=yes
ac_cv_func_vfork_works=yes
ac_cv_header_arpa_inet_h=yes
ac_cv_header_cuda_h=yes
ac_cv_header_dlfcn_h=yes
ac_cv_header_fcntl_h=yes
ac_cv_header_inttypes_h=yes
ac_cv_header_memory_h=yes
ac_cv_header_netdb_h=yes
ac_cv_header_netinet_in_h=yes
ac_cv_header_stdbool_h=yes
ac_cv_header_stdc=yes
ac_cv_header_stdint_h=yes
ac_cv_header_stdlib_h=yes
ac_cv_header_string_h=yes
ac_cv_header_strings_h=yes
ac_cv_header_sys_socket_h=yes
ac_cv_header_sys_stat_h=yes
ac_cv_header_sys_types_h=yes
ac_cv_header_unistd_h=yes
ac_cv_header_vfork_h=no
ac_cv_host=x86_64-unknown-linux-gnu
ac_cv_objext=o
ac_cv_path_EGREP='/bin/grep -E'
ac_cv_path_FGREP='/bin/grep -F'
ac_cv_path_GREP=/bin/grep
ac_cv_path_SED=/bin/sed
ac_cv_path_install='/usr/bin/install -c'
ac_cv_path_mkdir=/bin/mkdir
ac_cv_prog_AWK=gawk
ac_cv_prog_CPP='gcc -E'
ac_cv_prog_CXXCPP='g++ -E'
ac_cv_prog_ac_ct_AR=ar
ac_cv_prog_ac_ct_CC=gcc
ac_cv_prog_ac_ct_CXX=g++
ac_cv_prog_ac_ct_MANIFEST_TOOL=mt
ac_cv_prog_ac_ct_OBJDUMP=objdump
ac_cv_prog_ac_ct_RANLIB=ranlib
ac_cv_prog_ac_ct_STRIP=strip
ac_cv_prog_cc_c89=
ac_cv_prog_cc_g=yes
ac_cv_prog_cxx_g=yes
ac_cv_prog_make_make_set=yes
ac_cv_type__Bool=yes
ac_cv_type_pid_t=yes
ac_cv_type_size_t=yes
am_cv_CC_dependencies_compiler_type=gcc3
am_cv_CXX_dependencies_compiler_type=gcc3
am_cv_make_support_nested_variables=yes
am_cv_prog_cc_c_o=yes
lt_cv_ar_at_file=@
lt_cv_archive_cmds_need_lc=no
lt_cv_deplibs_check_method=pass_all
lt_cv_file_magic_cmd='$MAGIC_CMD'
lt_cv_file_magic_test_file=
lt_cv_ld_reload_flag=-r
lt_cv_nm_interface='BSD nm'
lt_cv_objdir=.libs
lt_cv_path_LD=/usr/bin/ld
lt_cv_path_LDCXX='/usr/bin/ld -m elf_x86_64'
lt_cv_path_NM='/usr/bin/nm -B'
lt_cv_path_mainfest_tool=no
lt_cv_prog_compiler_c_o=yes
lt_cv_prog_compiler_c_o_CXX=yes
lt_cv_prog_compiler_pic='-fPIC -DPIC'
lt_cv_prog_compiler_pic_CXX='-fPIC -DPIC'
lt_cv_prog_compiler_pic_works=yes
lt_cv_prog_compiler_pic_works_CXX=yes
lt_cv_prog_compiler_rtti_exceptions=no
lt_cv_prog_compiler_static_works=yes
lt_cv_prog_compiler_static_works_CXX=yes
lt_cv_prog_gnu_ld=yes
lt_cv_prog_gnu_ldcxx=yes
lt_cv_sharedlib_from_linklib_cmd='printf %s\n'
lt_cv_shlibpath_overrides_runpath=no
lt_cv_sys_global_symbol_pipe='sed -n -e '\''s/^.*[	 ]\([ABCDGIRSTW][ABCDGIRSTW]*\)[	 ][	 ]*\([_A-Za-z][_A-Za-z0-9]*\)$/\1 \2 \2/p'\'' | sed '\''/ __gnu_lto/d'\'''
lt_cv_sys_global_symbol_to_c_name_address='sed -n -e '\''s/^: \([^ ]*\)[ ]*$/  {\"\1\", (void *) 0},/p'\'' -e '\''s/^[ABCDGIRSTW]* \([^ ]*\) \([^ ]*\)$/  {"\2", (void *) \&\2},/p'\'''
lt_cv_sys_global_symbol_to_c_name_address_lib_prefix='sed -n -e '\''s/^: \([^ ]*\)[ ]*$/  {\"\1\", (void *) 0},/p'\'' -e '\''s/^[ABCDGIRSTW]* \([^ ]*\) \(lib[^ ]*\)$/  {"\2", (void *) \&\2},/p'\'' -e '\''s/^[ABCDGIRSTW]* \([^ ]*\) \([^ ]*\)$/  {"lib\2", (void *) \&\2},/p'\'''
lt_cv_sys_global_symbol_to_cdecl='sed -n -e '\''s/^T .* \(.*\)$/extern int \1();/p'\'' -e '\''s/^[ABCDGIRSTW]* .* \(.*\)$/extern char \1;/p'\'''
lt_cv_sys_max_cmd_len=1572864
lt_cv_to_host_file_cmd=func_convert_file_noop
lt_cv_to_tool_file_cmd=func_convert_file_noop

## ----------------- ##
## Output variables. ##
## ----------------- ##

ACLOCAL='${SHELL} /home/cferraro/Github/GVirtuS/gvirtus.cudadr/missing aclocal-1.14'
AMDEPBACKSLASH='\'
AMDEP_FALSE='#'
AMDEP_TRUE=''
AMTAR='$${TAR-tar}'
AM_BACKSLASH='\'
AM_DEFAULT_V='$(AM_DEFAULT_VERBOSITY)'
AM_DEFAULT_VERBOSITY='1'
AM_V='$(V)'
AR='ar'
AUTOCONF='${SHELL} /home/cferraro/Github/GVirtuS/gvirtus.cudadr/missing autoconf'
AUTOHEADER='${SHELL} /home/cferraro/Github/GVirtuS/gvirtus.cudadr/missing autoheader'
AUTOMAKE='${SHELL} /home/cferraro/Github/GVirtuS/gvirtus.cudadr/missing automake-1.14'
AWK='gawk'
CC='gcc'
CCDEPMODE='depmode=gcc3'
CFLAGS='-g -O2'
CPP='gcc -E'
CPPFLAGS='-I/home/cferraro/Github/GVirtuS/gvirtus.cudadr/util   -isystem /usr/local/cuda/include -isystem /opt/cuda/include  -I/home/cferraro/Github/opt/include/gvirtus -I/usr/local/gvirtus/include/gvirtus -I/opt/gvirtus/include/gvirtus'
CUDA_LIB_FLAGS='-L/usr/local/cuda/lib -L/usr/local/cuda/lib64 -L/opt/cuda/lib -L/opt/cuda/lib64'
CXX='g++'
CXXCPP='g++ -E'
CXXDEPMODE='depmode=gcc3'
CXXFLAGS='-g -O2 -Wall -pedantic '
CYGPATH_W='echo'
DEFS='-DHAVE_CONFIG_H'
DEPDIR='.deps'
DLLTOOL='false'
DSYMUTIL=''
DUMPBIN=''
ECHO_C=''
ECHO_N='-n'
ECHO_T=''
EGREP='/bin/grep -E'
EXEEXT=''
FGREP='/bin/grep -F'
GREP='/bin/grep'
GVIRTUS_LIB_FLAGS='-L/home/cferraro/Github/opt/lib -L/usr/local/gvirtus/lib -L/opt/gvirtus/lib'
INSTALL_DATA='${INSTALL} -m 644'
INSTALL_PROGRAM='${INSTALL}'
INSTALL_SCRIPT='${INSTALL}'
INSTALL_STRIP_PROGRAM='$(install_sh) -c -s'
LD='/usr/bin/ld -m elf_x86_64'
LDFLAGS=' -L/usr/local/cuda/lib -L/usr/local/cuda/lib64 -L/opt/cuda/lib -L/opt/cuda/lib64 -L/home/cferraro/Github/opt/lib -L/usr/local/gvirtus/lib -L/opt/gvirtus/lib'
LIBOBJS=''
LIBS=''
LIBTOOL='$(SHELL) $(top_builddir)/libtool'
LIPO=''
LN_S='ln -s'
LTLIBOBJS=''
MAKEINFO='${SHELL} /home/cferraro/Github/GVirtuS/gvirtus.cudadr/missing makeinfo'
MANIFEST_TOOL=':'
MKDIR_P='/bin/mkdir -p'
NM='/usr/bin/nm -B'
NMEDIT=''
OBJDUMP='objdump'
OBJEXT='o'
OTOOL64=''
OTOOL=''
PACKAGE='gvirtus-cudadr'
PACKAGE_BUGREPORT='http://code.google.com/p/gvirtus/issues/list'
PACKAGE_NAME='gvirtus-cudadr'
PACKAGE_STRING='gvirtus-cudadr 01-beta2'
PACKAGE_TARNAME='gvirtus-cudadr'
PACKAGE_URL=''
PACKAGE_VERSION='01-beta2'
PATH_SEPARATOR=':'
RANLIB='ranlib'
SED='/bin/sed'
SET_MAKE=''
SHELL='/bin/bash'
STRIP='strip'
VERSION='01-beta2'
ac_ct_AR='ar'
ac_ct_CC='gcc'
ac_ct_CXX='g++'
ac_ct_DUMPBIN=''
am__EXEEXT_FALSE=''
am__EXEEXT_TRUE='#'
am__fastdepCC_FALSE='#'
am__fastdepCC_TRUE=''
am__fastdepCXX_FALSE='#'
am__fastdepCXX_TRUE=''
am__include='include'
am__isrc=''
am__leading_dot='.'
am__nodep='_no'
am__quote=''
am__tar='$${TAR-tar} chof - "$$tardir"'
am__untar='$${TAR-tar} xf -'
bindir='${exec_prefix}/bin'
build='x86_64-unknown-linux-gnu'
build_alias=''
build_cpu='x86_64'
build_os='linux-gnu'
build_vendor='unknown'
datadir='${datarootdir}'
datarootdir='${prefix}/share'
docdir='${datarootdir}/doc/${PACKAGE_TARNAME}'
dvidir='${docdir}'
exec_prefix='${prefix}'
host='x86_64-unknown-linux-gnu'
host_alias=''
host_cpu='x86_64'
host_os='linux-gnu'
host_vendor='unknown'
htmldir='${docdir}'
includedir='${prefix}/include'
infodir='${datarootdir}/info'
install_sh='${SHELL} /home/cferraro/Github/GVirtuS/gvirtus.cudadr/install-sh'
libdir='${exec_prefix}/lib'
libexecdir='${exec_prefix}/libexec'
localedir='${datarootdir}/locale'
localstatedir='${prefix}/var'
mandir='${datarootdir}/man'
mkdir_p='$(MKDIR_P)'
oldincludedir='/usr/include'
pdfdir='${docdir}'
prefix='/home/cferraro/Github/opt'
program_transform_name='s,x,x,'
psdir='${docdir}'
sbindir='${exec_prefix}/sbin'
sharedstatedir='${prefix}/com'
sysconfdir='${prefix}/etc'
target_alias=''

## ----------- ##
## confdefs.h. ##
## ----------- ##

/* confdefs.h */
#define PACKAGE_NAME "gvirtus-cudadr"
#define PACKAGE_TARNAME "gvirtus-cudadr"
#define PACKAGE_VERSION "01-beta2"
#define PACKAGE_STRING "gvirtus-cudadr 01-beta2"
#define PACKAGE_BUGREPORT "http://code.google.com/p/gvirtus/issues/list"
#define PACKAGE_URL ""
#define PACKAGE "gvirtus-cudadr"
#define VERSION "01-beta2"
#define STDC_HEADERS 1
#define HAVE_SYS_TYPES_H 1
#define HAVE_SYS_STAT_H 1
#define HAVE_STDLIB_H 1
#define HAVE_STRING_H 1
#define HAVE_MEMORY_H 1
#define HAVE_STRINGS_H 1
#define HAVE_INTTYPES_H 1
#define HAVE_STDINT_H 1
#define HAVE_UNISTD_H 1
#define HAVE_DLFCN_H 1
#define LT_OBJDIR ".libs/"
#define HAVE_ARPA_INET_H 1
#define HAVE_FCNTL_H 1
#define HAVE_NETDB_H 1
#define HAVE_NETINET_IN_H 1
#define HAVE_STDINT_H 1
#define HAVE_STDLIB_H 1
#define HAVE_SYS_SOCKET_H 1
#define HAVE_UNISTD_H 1
#define HAVE__BOOL 1
#define HAVE_STDBOOL_H 1
#define HAVE_FORK 1
#define HAVE_VFORK 1
#define HAVE_WORKING_VFORK 1
#define HAVE_WORKING_FORK 1
#define HAVE_STDLIB_H 1
#define HAVE_MALLOC 1
#define HAVE_STDLIB_H 1
#define HAVE_REALLOC 1
#define HAVE_GETHOSTBYNAME 1
#define HAVE_MEMMOVE 1
#define HAVE_MEMSET 1
#define HAVE_SOCKET 1
#define HAVE_STRCASECMP 1
#define HAVE_STRDUP 1
#define HAVE_STRTOUL 1

configure: exit 0
