This file contains any messages produced by compilers while
running configure, to aid debugging if configure makes a mistake.

It was created by gvirtus-cudart configure 01-beta2, which was
generated by GNU Autoconf 2.69.  Invocation command line was

  $ ./configure --prefix=/home/cpalmieri/opt

## --------- ##
## Platform. ##
## --------- ##

hostname = storm
uname -m = x86_64
uname -r = 3.16.0-48-generic
uname -s = Linux
uname -v = #64~14.04.1-Ubuntu SMP Thu Aug 20 23:03:57 UTC 2015

/usr/bin/uname -p = unknown
/bin/uname -X     = unknown

/bin/arch              = unknown
/usr/bin/arch -k       = unknown
/usr/convex/getsysinfo = unknown
/usr/bin/hostinfo      = unknown
/bin/machine           = unknown
/usr/bin/oslevel       = unknown
/bin/universe          = unknown

PATH: /usr/local/sbin
PATH: /usr/local/bin
PATH: /usr/sbin
PATH: /usr/bin
PATH: /sbin
PATH: /bin
PATH: /usr/games
PATH: /usr/local/games
PATH: /home/cpalmieri/opt/bin


## ----------- ##
## Core tests. ##
## ----------- ##

configure:2506: checking for a BSD-compatible install
configure:2574: result: /usr/bin/install -c
configure:2585: checking whether build environment is sane
configure:2640: result: yes
configure:2678: WARNING: 'missing' script is too old or missing
configure:2791: checking for a thread-safe mkdir -p
configure:2830: result: /bin/mkdir -p
configure:2837: checking for gawk
configure:2853: found /usr/bin/gawk
configure:2864: result: gawk
configure:2875: checking whether make sets $(MAKE)
configure:2897: result: yes
configure:2926: checking whether make supports nested variables
configure:2943: result: yes
configure:3131: checking for g++
configure:3147: found /usr/bin/g++
configure:3158: result: g++
configure:3185: checking for C++ compiler version
configure:3194: g++ --version >&5
g++ (Ubuntu 4.8.4-2ubuntu1~14.04) 4.8.4
Copyright (C) 2013 Free Software Foundation, Inc.
This is free software; see the source for copying conditions.  There is NO
warranty; not even for MERCHANTABILITY or FITNESS FOR A PARTICULAR PURPOSE.

configure:3205: $? = 0
configure:3194: g++ -v >&5
Using built-in specs.
COLLECT_GCC=g++
COLLECT_LTO_WRAPPER=/usr/lib/gcc/x86_64-linux-gnu/4.8/lto-wrapper
Target: x86_64-linux-gnu
Configured with: ../src/configure -v --with-pkgversion='Ubuntu 4.8.4-2ubuntu1~14.04' --with-bugurl=file:///usr/share/doc/gcc-4.8/README.Bugs --enable-languages=c,c++,java,go,d,fortran,objc,obj-c++ --prefix=/usr --program-suffix=-4.8 --enable-shared --enable-linker-build-id --libexecdir=/usr/lib --without-included-gettext --enable-threads=posix --with-gxx-include-dir=/usr/include/c++/4.8 --libdir=/usr/lib --enable-nls --with-sysroot=/ --enable-clocale=gnu --enable-libstdcxx-debug --enable-libstdcxx-time=yes --enable-gnu-unique-object --disable-libmudflap --enable-plugin --with-system-zlib --disable-browser-plugin --enable-java-awt=gtk --enable-gtk-cairo --with-java-home=/usr/lib/jvm/java-1.5.0-gcj-4.8-amd64/jre --enable-java-home --with-jvm-root-dir=/usr/lib/jvm/java-1.5.0-gcj-4.8-amd64 --with-jvm-jar-dir=/usr/lib/jvm-exports/java-1.5.0-gcj-4.8-amd64 --with-arch-directory=amd64 --with-ecj-jar=/usr/share/java/eclipse-ecj.jar --enable-objc-gc --enable-multiarch --disable-werror --with-arch-32=i686 --with-abi=m64 --with-multilib-list=m32,m64,mx32 --with-tune=generic --enable-checking=release --build=x86_64-linux-gnu --host=x86_64-linux-gnu --target=x86_64-linux-gnu
Thread model: posix
gcc version 4.8.4 (Ubuntu 4.8.4-2ubuntu1~14.04) 
configure:3205: $? = 0
configure:3194: g++ -V >&5
g++: error: unrecognized command line option '-V'
g++: fatal error: no input files
compilation terminated.
configure:3205: $? = 4
configure:3194: g++ -qversion >&5
g++: error: unrecognized command line option '-qversion'
g++: fatal error: no input files
compilation terminated.
configure:3205: $? = 4
configure:3225: checking whether the C++ compiler works
configure:3247: g++    conftest.cpp  >&5
configure:3251: $? = 0
configure:3299: result: yes
configure:3302: checking for C++ compiler default output file name
configure:3304: result: a.out
configure:3310: checking for suffix of executables
configure:3317: g++ -o conftest    conftest.cpp  >&5
configure:3321: $? = 0
configure:3343: result: 
configure:3365: checking whether we are cross compiling
configure:3373: g++ -o conftest    conftest.cpp  >&5
configure:3377: $? = 0
configure:3384: ./conftest
configure:3388: $? = 0
configure:3403: result: no
configure:3408: checking for suffix of object files
configure:3430: g++ -c   conftest.cpp >&5
configure:3434: $? = 0
configure:3455: result: o
configure:3459: checking whether we are using the GNU C++ compiler
configure:3478: g++ -c   conftest.cpp >&5
configure:3478: $? = 0
configure:3487: result: yes
configure:3496: checking whether g++ accepts -g
configure:3516: g++ -c -g  conftest.cpp >&5
configure:3516: $? = 0
configure:3557: result: yes
configure:3591: checking for style of include used by make
configure:3619: result: GNU
configure:3645: checking dependency style of g++
configure:3756: result: gcc3
configure:3819: checking for gcc
configure:3835: found /usr/bin/gcc
configure:3846: result: gcc
configure:4075: checking for C compiler version
configure:4084: gcc --version >&5
gcc (Ubuntu 4.8.4-2ubuntu1~14.04) 4.8.4
Copyright (C) 2013 Free Software Foundation, Inc.
This is free software; see the source for copying conditions.  There is NO
warranty; not even for MERCHANTABILITY or FITNESS FOR A PARTICULAR PURPOSE.

configure:4095: $? = 0
configure:4084: gcc -v >&5
Using built-in specs.
COLLECT_GCC=gcc
COLLECT_LTO_WRAPPER=/usr/lib/gcc/x86_64-linux-gnu/4.8/lto-wrapper
Target: x86_64-linux-gnu
Configured with: ../src/configure -v --with-pkgversion='Ubuntu 4.8.4-2ubuntu1~14.04' --with-bugurl=file:///usr/share/doc/gcc-4.8/README.Bugs --enable-languages=c,c++,java,go,d,fortran,objc,obj-c++ --prefix=/usr --program-suffix=-4.8 --enable-shared --enable-linker-build-id --libexecdir=/usr/lib --without-included-gettext --enable-threads=posix --with-gxx-include-dir=/usr/include/c++/4.8 --libdir=/usr/lib --enable-nls --with-sysroot=/ --enable-clocale=gnu --enable-libstdcxx-debug --enable-libstdcxx-time=yes --enable-gnu-unique-object --disable-libmudflap --enable-plugin --with-system-zlib --disable-browser-plugin --enable-java-awt=gtk --enable-gtk-cairo --with-java-home=/usr/lib/jvm/java-1.5.0-gcj-4.8-amd64/jre --enable-java-home --with-jvm-root-dir=/usr/lib/jvm/java-1.5.0-gcj-4.8-amd64 --with-jvm-jar-dir=/usr/lib/jvm-exports/java-1.5.0-gcj-4.8-amd64 --with-arch-directory=amd64 --with-ecj-jar=/usr/share/java/eclipse-ecj.jar --enable-objc-gc --enable-multiarch --disable-werror --with-arch-32=i686 --with-abi=m64 --with-multilib-list=m32,m64,mx32 --with-tune=generic --enable-checking=release --build=x86_64-linux-gnu --host=x86_64-linux-gnu --target=x86_64-linux-gnu
Thread model: posix
gcc version 4.8.4 (Ubuntu 4.8.4-2ubuntu1~14.04) 
configure:4095: $? = 0
configure:4084: gcc -V >&5
gcc: error: unrecognized command line option '-V'
gcc: fatal error: no input files
compilation terminated.
configure:4095: $? = 4
configure:4084: gcc -qversion >&5
gcc: error: unrecognized command line option '-qversion'
gcc: fatal error: no input files
compilation terminated.
configure:4095: $? = 4
configure:4099: checking whether we are using the GNU C compiler
configure:4118: gcc -c   conftest.c >&5
configure:4118: $? = 0
configure:4127: result: yes
configure:4136: checking whether gcc accepts -g
configure:4156: gcc -c -g  conftest.c >&5
configure:4156: $? = 0
configure:4197: result: yes
configure:4214: checking for gcc option to accept ISO C89
configure:4277: gcc  -c -g -O2  conftest.c >&5
configure:4277: $? = 0
configure:4290: result: none needed
configure:4315: checking whether gcc understands -c and -o together
configure:4337: gcc -c conftest.c -o conftest2.o
configure:4340: $? = 0
configure:4337: gcc -c conftest.c -o conftest2.o
configure:4340: $? = 0
configure:4352: result: yes
configure:4371: checking dependency style of gcc
configure:4482: result: gcc3
configure:4526: checking build system type
configure:4540: result: x86_64-unknown-linux-gnu
configure:4560: checking host system type
configure:4573: result: x86_64-unknown-linux-gnu
configure:4614: checking how to print strings
configure:4641: result: printf
configure:4662: checking for a sed that does not truncate output
configure:4726: result: /bin/sed
configure:4744: checking for grep that handles long lines and -e
configure:4802: result: /bin/grep
configure:4807: checking for egrep
configure:4869: result: /bin/grep -E
configure:4874: checking for fgrep
configure:4936: result: /bin/grep -F
configure:4971: checking for ld used by gcc
configure:5038: result: /usr/bin/ld
configure:5045: checking if the linker (/usr/bin/ld) is GNU ld
configure:5060: result: yes
configure:5072: checking for BSD- or MS-compatible name lister (nm)
configure:5121: result: /usr/bin/nm -B
configure:5251: checking the name lister (/usr/bin/nm -B) interface
configure:5258: gcc -c -g -O2  conftest.c >&5
configure:5261: /usr/bin/nm -B "conftest.o"
configure:5264: output
0000000000000000 B some_variable
configure:5271: result: BSD nm
configure:5274: checking whether ln -s works
configure:5278: result: yes
configure:5286: checking the maximum length of command line arguments
configure:5417: result: 1572864
configure:5434: checking whether the shell understands some XSI constructs
configure:5444: result: yes
configure:5448: checking whether the shell understands "+="
configure:5454: result: yes
configure:5489: checking how to convert x86_64-unknown-linux-gnu file names to x86_64-unknown-linux-gnu format
configure:5529: result: func_convert_file_noop
configure:5536: checking how to convert x86_64-unknown-linux-gnu file names to toolchain format
configure:5556: result: func_convert_file_noop
configure:5563: checking for /usr/bin/ld option to reload object files
configure:5570: result: -r
configure:5644: checking for objdump
configure:5660: found /usr/bin/objdump
configure:5671: result: objdump
configure:5703: checking how to recognize dependent libraries
configure:5901: result: pass_all
configure:5986: checking for dlltool
configure:6016: result: no
configure:6046: checking how to associate runtime and link libraries
configure:6073: result: printf %s\n
configure:6134: checking for ar
configure:6150: found /usr/bin/ar
configure:6161: result: ar
configure:6198: checking for archiver @FILE support
configure:6215: gcc -c -g -O2  conftest.c >&5
configure:6215: $? = 0
configure:6218: ar cru libconftest.a @conftest.lst >&5
configure:6221: $? = 0
configure:6226: ar cru libconftest.a @conftest.lst >&5
ar: conftest.o: No such file or directory
configure:6229: $? = 1
configure:6241: result: @
configure:6299: checking for strip
configure:6315: found /usr/bin/strip
configure:6326: result: strip
configure:6398: checking for ranlib
configure:6414: found /usr/bin/ranlib
configure:6425: result: ranlib
configure:6527: checking command to parse /usr/bin/nm -B output from gcc object
configure:6647: gcc -c -g -O2  conftest.c >&5
configure:6650: $? = 0
configure:6654: /usr/bin/nm -B conftest.o \| sed -n -e 's/^.*[ ]\([ABCDGIRSTW][ABCDGIRSTW]*\)[ ][ ]*\([_A-Za-z][_A-Za-z0-9]*\)$/\1 \2 \2/p' | sed '/ __gnu_lto/d' \> conftest.nm
configure:6657: $? = 0
configure:6723: gcc -o conftest -g -O2   conftest.c conftstm.o >&5
configure:6726: $? = 0
configure:6764: result: ok
configure:6801: checking for sysroot
configure:6831: result: no
configure:6908: gcc -c -g -O2  conftest.c >&5
configure:6911: $? = 0
configure:7100: checking for mt
configure:7116: found /bin/mt
configure:7127: result: mt
configure:7150: checking if mt is a manifest tool
configure:7156: mt '-?'
configure:7164: result: no
configure:7806: checking how to run the C preprocessor
configure:7837: gcc -E  conftest.c
configure:7837: $? = 0
configure:7851: gcc -E  conftest.c
conftest.c:11:28: fatal error: ac_nonexistent.h: No such file or directory
 #include <ac_nonexistent.h>
                            ^
compilation terminated.
configure:7851: $? = 1
configure: failed program was:
| /* confdefs.h */
| #define PACKAGE_NAME "gvirtus-cudart"
| #define PACKAGE_TARNAME "gvirtus-cudart"
| #define PACKAGE_VERSION "01-beta2"
| #define PACKAGE_STRING "gvirtus-cudart 01-beta2"
| #define PACKAGE_BUGREPORT "http://osl.uniparthenope.it/mailman/listinfo/gvirtus-devel"
| #define PACKAGE_URL ""
| #define PACKAGE "gvirtus-cudart"
| #define VERSION "01-beta2"
| /* end confdefs.h.  */
| #include <ac_nonexistent.h>
configure:7876: result: gcc -E
configure:7896: gcc -E  conftest.c
configure:7896: $? = 0
configure:7910: gcc -E  conftest.c
conftest.c:11:28: fatal error: ac_nonexistent.h: No such file or directory
 #include <ac_nonexistent.h>
                            ^
compilation terminated.
configure:7910: $? = 1
configure: failed program was:
| /* confdefs.h */
| #define PACKAGE_NAME "gvirtus-cudart"
| #define PACKAGE_TARNAME "gvirtus-cudart"
| #define PACKAGE_VERSION "01-beta2"
| #define PACKAGE_STRING "gvirtus-cudart 01-beta2"
| #define PACKAGE_BUGREPORT "http://osl.uniparthenope.it/mailman/listinfo/gvirtus-devel"
| #define PACKAGE_URL ""
| #define PACKAGE "gvirtus-cudart"
| #define VERSION "01-beta2"
| /* end confdefs.h.  */
| #include <ac_nonexistent.h>
configure:7939: checking for ANSI C header files
configure:7959: gcc -c -g -O2  conftest.c >&5
configure:7959: $? = 0
configure:8032: gcc -o conftest -g -O2   conftest.c  >&5
configure:8032: $? = 0
configure:8032: ./conftest
configure:8032: $? = 0
configure:8043: result: yes
configure:8056: checking for sys/types.h
configure:8056: gcc -c -g -O2  conftest.c >&5
configure:8056: $? = 0
configure:8056: result: yes
configure:8056: checking for sys/stat.h
configure:8056: gcc -c -g -O2  conftest.c >&5
configure:8056: $? = 0
configure:8056: result: yes
configure:8056: checking for stdlib.h
configure:8056: gcc -c -g -O2  conftest.c >&5
configure:8056: $? = 0
configure:8056: result: yes
configure:8056: checking for string.h
configure:8056: gcc -c -g -O2  conftest.c >&5
configure:8056: $? = 0
configure:8056: result: yes
configure:8056: checking for memory.h
configure:8056: gcc -c -g -O2  conftest.c >&5
configure:8056: $? = 0
configure:8056: result: yes
configure:8056: checking for strings.h
configure:8056: gcc -c -g -O2  conftest.c >&5
configure:8056: $? = 0
configure:8056: result: yes
configure:8056: checking for inttypes.h
configure:8056: gcc -c -g -O2  conftest.c >&5
configure:8056: $? = 0
configure:8056: result: yes
configure:8056: checking for stdint.h
configure:8056: gcc -c -g -O2  conftest.c >&5
configure:8056: $? = 0
configure:8056: result: yes
configure:8056: checking for unistd.h
configure:8056: gcc -c -g -O2  conftest.c >&5
configure:8056: $? = 0
configure:8056: result: yes
configure:8070: checking for dlfcn.h
configure:8070: gcc -c -g -O2  conftest.c >&5
configure:8070: $? = 0
configure:8070: result: yes
configure:8287: checking for objdir
configure:8302: result: .libs
configure:8569: checking if gcc supports -fno-rtti -fno-exceptions
configure:8587: gcc -c -g -O2  -fno-rtti -fno-exceptions conftest.c >&5
cc1: warning: command line option '-fno-rtti' is valid for C++/ObjC++ but not for C [enabled by default]
configure:8591: $? = 0
configure:8604: result: no
configure:8931: checking for gcc option to produce PIC
configure:8938: result: -fPIC -DPIC
configure:8946: checking if gcc PIC flag -fPIC -DPIC works
configure:8964: gcc -c -g -O2  -fPIC -DPIC -DPIC conftest.c >&5
configure:8968: $? = 0
configure:8981: result: yes
configure:9010: checking if gcc static flag -static works
configure:9038: result: yes
configure:9053: checking if gcc supports -c -o file.o
configure:9074: gcc -c -g -O2  -o out/conftest2.o conftest.c >&5
configure:9078: $? = 0
configure:9100: result: yes
configure:9108: checking if gcc supports -c -o file.o
configure:9155: result: yes
configure:9188: checking whether the gcc linker (/usr/bin/ld -m elf_x86_64) supports shared libraries
configure:10345: result: yes
configure:10382: checking whether -lc should be explicitly linked in
configure:10390: gcc -c -g -O2  conftest.c >&5
configure:10393: $? = 0
configure:10408: gcc -shared  -fPIC -DPIC conftest.o  -v -Wl,-soname -Wl,conftest -o conftest 2\>\&1 \| /bin/grep  -lc  \>/dev/null 2\>\&1
configure:10411: $? = 0
configure:10425: result: no
configure:10585: checking dynamic linker characteristics
configure:11085: gcc -o conftest -g -O2   -Wl,-rpath -Wl,/foo conftest.c  >&5
configure:11085: $? = 0
configure:11319: result: GNU/Linux ld.so
configure:11426: checking how to hardcode library paths into programs
configure:11451: result: immediate
configure:11991: checking whether stripping libraries is possible
configure:11996: result: yes
configure:12031: checking if libtool supports shared libraries
configure:12033: result: yes
configure:12036: checking whether to build shared libraries
configure:12057: result: yes
configure:12060: checking whether to build static libraries
configure:12064: result: yes
configure:12087: checking how to run the C++ preprocessor
configure:12114: g++ -E  conftest.cpp
configure:12114: $? = 0
configure:12128: g++ -E  conftest.cpp
conftest.cpp:23:28: fatal error: ac_nonexistent.h: No such file or directory
 #include <ac_nonexistent.h>
                            ^
compilation terminated.
configure:12128: $? = 1
configure: failed program was:
| /* confdefs.h */
| #define PACKAGE_NAME "gvirtus-cudart"
| #define PACKAGE_TARNAME "gvirtus-cudart"
| #define PACKAGE_VERSION "01-beta2"
| #define PACKAGE_STRING "gvirtus-cudart 01-beta2"
| #define PACKAGE_BUGREPORT "http://osl.uniparthenope.it/mailman/listinfo/gvirtus-devel"
| #define PACKAGE_URL ""
| #define PACKAGE "gvirtus-cudart"
| #define VERSION "01-beta2"
| #define STDC_HEADERS 1
| #define HAVE_SYS_TYPES_H 1
| #define HAVE_SYS_STAT_H 1
| #define HAVE_STDLIB_H 1
| #define HAVE_STRING_H 1
| #define HAVE_MEMORY_H 1
| #define HAVE_STRINGS_H 1
| #define HAVE_INTTYPES_H 1
| #define HAVE_STDINT_H 1
| #define HAVE_UNISTD_H 1
| #define HAVE_DLFCN_H 1
| #define LT_OBJDIR ".libs/"
| /* end confdefs.h.  */
| #include <ac_nonexistent.h>
configure:12153: result: g++ -E
configure:12173: g++ -E  conftest.cpp
configure:12173: $? = 0
configure:12187: g++ -E  conftest.cpp
conftest.cpp:23:28: fatal error: ac_nonexistent.h: No such file or directory
 #include <ac_nonexistent.h>
                            ^
compilation terminated.
configure:12187: $? = 1
configure: failed program was:
| /* confdefs.h */
| #define PACKAGE_NAME "gvirtus-cudart"
| #define PACKAGE_TARNAME "gvirtus-cudart"
| #define PACKAGE_VERSION "01-beta2"
| #define PACKAGE_STRING "gvirtus-cudart 01-beta2"
| #define PACKAGE_BUGREPORT "http://osl.uniparthenope.it/mailman/listinfo/gvirtus-devel"
| #define PACKAGE_URL ""
| #define PACKAGE "gvirtus-cudart"
| #define VERSION "01-beta2"
| #define STDC_HEADERS 1
| #define HAVE_SYS_TYPES_H 1
| #define HAVE_SYS_STAT_H 1
| #define HAVE_STDLIB_H 1
| #define HAVE_STRING_H 1
| #define HAVE_MEMORY_H 1
| #define HAVE_STRINGS_H 1
| #define HAVE_INTTYPES_H 1
| #define HAVE_STDINT_H 1
| #define HAVE_UNISTD_H 1
| #define HAVE_DLFCN_H 1
| #define LT_OBJDIR ".libs/"
| /* end confdefs.h.  */
| #include <ac_nonexistent.h>
configure:12356: checking for ld used by g++
configure:12423: result: /usr/bin/ld -m elf_x86_64
configure:12430: checking if the linker (/usr/bin/ld -m elf_x86_64) is GNU ld
configure:12445: result: yes
configure:12500: checking whether the g++ linker (/usr/bin/ld -m elf_x86_64) supports shared libraries
configure:13502: result: yes
configure:13538: g++ -c -g -O2  conftest.cpp >&5
configure:13541: $? = 0
configure:14061: checking for g++ option to produce PIC
configure:14068: result: -fPIC -DPIC
configure:14076: checking if g++ PIC flag -fPIC -DPIC works
configure:14094: g++ -c -g -O2  -fPIC -DPIC -DPIC conftest.cpp >&5
configure:14098: $? = 0
configure:14111: result: yes
configure:14134: checking if g++ static flag -static works
configure:14162: result: yes
configure:14174: checking if g++ supports -c -o file.o
configure:14195: g++ -c -g -O2  -o out/conftest2.o conftest.cpp >&5
configure:14199: $? = 0
configure:14221: result: yes
configure:14226: checking if g++ supports -c -o file.o
configure:14273: result: yes
configure:14303: checking whether the g++ linker (/usr/bin/ld -m elf_x86_64) supports shared libraries
configure:14342: result: yes
configure:14483: checking dynamic linker characteristics
configure:15151: result: GNU/Linux ld.so
configure:15204: checking how to hardcode library paths into programs
configure:15229: result: immediate
configure:15363: checking for __cudaRegisterFatBinary in -lcudart
configure:15388: gcc -o conftest -g -O2   -isystem /usr/local/cuda/include -isystem /opt/cuda/include  -I/home/cpalmieri/opt/include/gvirtus -I/usr/local/gvirtus/include/gvirtus -I/opt/gvirtus/include/gvirtus  -L/usr/local/cuda/lib -L/usr/local/cuda/lib64 -L/opt/cuda/lib -L/opt/cuda/lib64 -L/home/cpalmieri/opt/lib -L/usr/local/gvirtus/lib -L/opt/gvirtus/lib conftest.c -lcudart   >&5
/usr/bin/ld: skipping incompatible /usr/local/cuda/lib/libcudart.so when searching for -lcudart
configure:15388: $? = 0
configure:15397: result: yes
configure:15416: checking arpa/inet.h usability
configure:15416: gcc -c -g -O2   -isystem /usr/local/cuda/include -isystem /opt/cuda/include  -I/home/cpalmieri/opt/include/gvirtus -I/usr/local/gvirtus/include/gvirtus -I/opt/gvirtus/include/gvirtus conftest.c >&5
configure:15416: $? = 0
configure:15416: result: yes
configure:15416: checking arpa/inet.h presence
configure:15416: gcc -E   -isystem /usr/local/cuda/include -isystem /opt/cuda/include  -I/home/cpalmieri/opt/include/gvirtus -I/usr/local/gvirtus/include/gvirtus -I/opt/gvirtus/include/gvirtus conftest.c
configure:15416: $? = 0
configure:15416: result: yes
configure:15416: checking for arpa/inet.h
configure:15416: result: yes
configure:15416: checking fcntl.h usability
configure:15416: gcc -c -g -O2   -isystem /usr/local/cuda/include -isystem /opt/cuda/include  -I/home/cpalmieri/opt/include/gvirtus -I/usr/local/gvirtus/include/gvirtus -I/opt/gvirtus/include/gvirtus conftest.c >&5
configure:15416: $? = 0
configure:15416: result: yes
configure:15416: checking fcntl.h presence
configure:15416: gcc -E   -isystem /usr/local/cuda/include -isystem /opt/cuda/include  -I/home/cpalmieri/opt/include/gvirtus -I/usr/local/gvirtus/include/gvirtus -I/opt/gvirtus/include/gvirtus conftest.c
configure:15416: $? = 0
configure:15416: result: yes
configure:15416: checking for fcntl.h
configure:15416: result: yes
configure:15416: checking netdb.h usability
configure:15416: gcc -c -g -O2   -isystem /usr/local/cuda/include -isystem /opt/cuda/include  -I/home/cpalmieri/opt/include/gvirtus -I/usr/local/gvirtus/include/gvirtus -I/opt/gvirtus/include/gvirtus conftest.c >&5
configure:15416: $? = 0
configure:15416: result: yes
configure:15416: checking netdb.h presence
configure:15416: gcc -E   -isystem /usr/local/cuda/include -isystem /opt/cuda/include  -I/home/cpalmieri/opt/include/gvirtus -I/usr/local/gvirtus/include/gvirtus -I/opt/gvirtus/include/gvirtus conftest.c
configure:15416: $? = 0
configure:15416: result: yes
configure:15416: checking for netdb.h
configure:15416: result: yes
configure:15416: checking netinet/in.h usability
configure:15416: gcc -c -g -O2   -isystem /usr/local/cuda/include -isystem /opt/cuda/include  -I/home/cpalmieri/opt/include/gvirtus -I/usr/local/gvirtus/include/gvirtus -I/opt/gvirtus/include/gvirtus conftest.c >&5
configure:15416: $? = 0
configure:15416: result: yes
configure:15416: checking netinet/in.h presence
configure:15416: gcc -E   -isystem /usr/local/cuda/include -isystem /opt/cuda/include  -I/home/cpalmieri/opt/include/gvirtus -I/usr/local/gvirtus/include/gvirtus -I/opt/gvirtus/include/gvirtus conftest.c
configure:15416: $? = 0
configure:15416: result: yes
configure:15416: checking for netinet/in.h
configure:15416: result: yes
configure:15416: checking for stdint.h
configure:15416: result: yes
configure:15416: checking for stdlib.h
configure:15416: result: yes
configure:15416: checking sys/socket.h usability
configure:15416: gcc -c -g -O2   -isystem /usr/local/cuda/include -isystem /opt/cuda/include  -I/home/cpalmieri/opt/include/gvirtus -I/usr/local/gvirtus/include/gvirtus -I/opt/gvirtus/include/gvirtus conftest.c >&5
configure:15416: $? = 0
configure:15416: result: yes
configure:15416: checking sys/socket.h presence
configure:15416: gcc -E   -isystem /usr/local/cuda/include -isystem /opt/cuda/include  -I/home/cpalmieri/opt/include/gvirtus -I/usr/local/gvirtus/include/gvirtus -I/opt/gvirtus/include/gvirtus conftest.c
configure:15416: $? = 0
configure:15416: result: yes
configure:15416: checking for sys/socket.h
configure:15416: result: yes
configure:15416: checking for unistd.h
configure:15416: result: yes
configure:15416: checking vmci/vmci_sockets.h usability
configure:15416: gcc -c -g -O2   -isystem /usr/local/cuda/include -isystem /opt/cuda/include  -I/home/cpalmieri/opt/include/gvirtus -I/usr/local/gvirtus/include/gvirtus -I/opt/gvirtus/include/gvirtus conftest.c >&5
conftest.c:65:31: fatal error: vmci/vmci_sockets.h: No such file or directory
 #include <vmci/vmci_sockets.h>
                               ^
compilation terminated.
configure:15416: $? = 1
configure: failed program was:
| /* confdefs.h */
| #define PACKAGE_NAME "gvirtus-cudart"
| #define PACKAGE_TARNAME "gvirtus-cudart"
| #define PACKAGE_VERSION "01-beta2"
| #define PACKAGE_STRING "gvirtus-cudart 01-beta2"
| #define PACKAGE_BUGREPORT "http://osl.uniparthenope.it/mailman/listinfo/gvirtus-devel"
| #define PACKAGE_URL ""
| #define PACKAGE "gvirtus-cudart"
| #define VERSION "01-beta2"
| #define STDC_HEADERS 1
| #define HAVE_SYS_TYPES_H 1
| #define HAVE_SYS_STAT_H 1
| #define HAVE_STDLIB_H 1
| #define HAVE_STRING_H 1
| #define HAVE_MEMORY_H 1
| #define HAVE_STRINGS_H 1
| #define HAVE_INTTYPES_H 1
| #define HAVE_STDINT_H 1
| #define HAVE_UNISTD_H 1
| #define HAVE_DLFCN_H 1
| #define LT_OBJDIR ".libs/"
| #define HAVE_LIBCUDART 1
| #define HAVE_ARPA_INET_H 1
| #define HAVE_FCNTL_H 1
| #define HAVE_NETDB_H 1
| #define HAVE_NETINET_IN_H 1
| #define HAVE_STDINT_H 1
| #define HAVE_STDLIB_H 1
| #define HAVE_SYS_SOCKET_H 1
| #define HAVE_UNISTD_H 1
| /* end confdefs.h.  */
| #include <stdio.h>
| #ifdef HAVE_SYS_TYPES_H
| # include <sys/types.h>
| #endif
| #ifdef HAVE_SYS_STAT_H
| # include <sys/stat.h>
| #endif
| #ifdef STDC_HEADERS
| # include <stdlib.h>
| # include <stddef.h>
| #else
| # ifdef HAVE_STDLIB_H
| #  include <stdlib.h>
| # endif
| #endif
| #ifdef HAVE_STRING_H
| # if !defined STDC_HEADERS && defined HAVE_MEMORY_H
| #  include <memory.h>
| # endif
| # include <string.h>
| #endif
| #ifdef HAVE_STRINGS_H
| # include <strings.h>
| #endif
| #ifdef HAVE_INTTYPES_H
| # include <inttypes.h>
| #endif
| #ifdef HAVE_STDINT_H
| # include <stdint.h>
| #endif
| #ifdef HAVE_UNISTD_H
| # include <unistd.h>
| #endif
| #include <vmci/vmci_sockets.h>
configure:15416: result: no
configure:15416: checking vmci/vmci_sockets.h presence
configure:15416: gcc -E   -isystem /usr/local/cuda/include -isystem /opt/cuda/include  -I/home/cpalmieri/opt/include/gvirtus -I/usr/local/gvirtus/include/gvirtus -I/opt/gvirtus/include/gvirtus conftest.c
conftest.c:32:31: fatal error: vmci/vmci_sockets.h: No such file or directory
 #include <vmci/vmci_sockets.h>
                               ^
compilation terminated.
configure:15416: $? = 1
configure: failed program was:
| /* confdefs.h */
| #define PACKAGE_NAME "gvirtus-cudart"
| #define PACKAGE_TARNAME "gvirtus-cudart"
| #define PACKAGE_VERSION "01-beta2"
| #define PACKAGE_STRING "gvirtus-cudart 01-beta2"
| #define PACKAGE_BUGREPORT "http://osl.uniparthenope.it/mailman/listinfo/gvirtus-devel"
| #define PACKAGE_URL ""
| #define PACKAGE "gvirtus-cudart"
| #define VERSION "01-beta2"
| #define STDC_HEADERS 1
| #define HAVE_SYS_TYPES_H 1
| #define HAVE_SYS_STAT_H 1
| #define HAVE_STDLIB_H 1
| #define HAVE_STRING_H 1
| #define HAVE_MEMORY_H 1
| #define HAVE_STRINGS_H 1
| #define HAVE_INTTYPES_H 1
| #define HAVE_STDINT_H 1
| #define HAVE_UNISTD_H 1
| #define HAVE_DLFCN_H 1
| #define LT_OBJDIR ".libs/"
| #define HAVE_LIBCUDART 1
| #define HAVE_ARPA_INET_H 1
| #define HAVE_FCNTL_H 1
| #define HAVE_NETDB_H 1
| #define HAVE_NETINET_IN_H 1
| #define HAVE_STDINT_H 1
| #define HAVE_STDLIB_H 1
| #define HAVE_SYS_SOCKET_H 1
| #define HAVE_UNISTD_H 1
| /* end confdefs.h.  */
| #include <vmci/vmci_sockets.h>
configure:15416: result: no
configure:15416: checking for vmci/vmci_sockets.h
configure:15416: result: no
configure:15428: checking for stdbool.h that conforms to C99
configure:15495: gcc -c -g -O2   -isystem /usr/local/cuda/include -isystem /opt/cuda/include  -I/home/cpalmieri/opt/include/gvirtus -I/usr/local/gvirtus/include/gvirtus -I/opt/gvirtus/include/gvirtus conftest.c >&5
configure:15495: $? = 0
configure:15502: result: yes
configure:15504: checking for _Bool
configure:15504: gcc -c -g -O2   -isystem /usr/local/cuda/include -isystem /opt/cuda/include  -I/home/cpalmieri/opt/include/gvirtus -I/usr/local/gvirtus/include/gvirtus -I/opt/gvirtus/include/gvirtus conftest.c >&5
configure:15504: $? = 0
configure:15504: gcc -c -g -O2   -isystem /usr/local/cuda/include -isystem /opt/cuda/include  -I/home/cpalmieri/opt/include/gvirtus -I/usr/local/gvirtus/include/gvirtus -I/opt/gvirtus/include/gvirtus conftest.c >&5
conftest.c: In function 'main':
conftest.c:68:20: error: expected expression before ')' token
 if (sizeof ((_Bool)))
                    ^
configure:15504: $? = 1
configure: failed program was:
| /* confdefs.h */
| #define PACKAGE_NAME "gvirtus-cudart"
| #define PACKAGE_TARNAME "gvirtus-cudart"
| #define PACKAGE_VERSION "01-beta2"
| #define PACKAGE_STRING "gvirtus-cudart 01-beta2"
| #define PACKAGE_BUGREPORT "http://osl.uniparthenope.it/mailman/listinfo/gvirtus-devel"
| #define PACKAGE_URL ""
| #define PACKAGE "gvirtus-cudart"
| #define VERSION "01-beta2"
| #define STDC_HEADERS 1
| #define HAVE_SYS_TYPES_H 1
| #define HAVE_SYS_STAT_H 1
| #define HAVE_STDLIB_H 1
| #define HAVE_STRING_H 1
| #define HAVE_MEMORY_H 1
| #define HAVE_STRINGS_H 1
| #define HAVE_INTTYPES_H 1
| #define HAVE_STDINT_H 1
| #define HAVE_UNISTD_H 1
| #define HAVE_DLFCN_H 1
| #define LT_OBJDIR ".libs/"
| #define HAVE_LIBCUDART 1
| #define HAVE_ARPA_INET_H 1
| #define HAVE_FCNTL_H 1
| #define HAVE_NETDB_H 1
| #define HAVE_NETINET_IN_H 1
| #define HAVE_STDINT_H 1
| #define HAVE_STDLIB_H 1
| #define HAVE_SYS_SOCKET_H 1
| #define HAVE_UNISTD_H 1
| /* end confdefs.h.  */
| #include <stdio.h>
| #ifdef HAVE_SYS_TYPES_H
| # include <sys/types.h>
| #endif
| #ifdef HAVE_SYS_STAT_H
| # include <sys/stat.h>
| #endif
| #ifdef STDC_HEADERS
| # include <stdlib.h>
| # include <stddef.h>
| #else
| # ifdef HAVE_STDLIB_H
| #  include <stdlib.h>
| # endif
| #endif
| #ifdef HAVE_STRING_H
| # if !defined STDC_HEADERS && defined HAVE_MEMORY_H
| #  include <memory.h>
| # endif
| # include <string.h>
| #endif
| #ifdef HAVE_STRINGS_H
| # include <strings.h>
| #endif
| #ifdef HAVE_INTTYPES_H
| # include <inttypes.h>
| #endif
| #ifdef HAVE_STDINT_H
| # include <stdint.h>
| #endif
| #ifdef HAVE_UNISTD_H
| # include <unistd.h>
| #endif
| int
| main ()
| {
| if (sizeof ((_Bool)))
| 	    return 0;
|   ;
|   return 0;
| }
configure:15504: result: yes
configure:15521: checking for inline
configure:15537: gcc -c -g -O2   -isystem /usr/local/cuda/include -isystem /opt/cuda/include  -I/home/cpalmieri/opt/include/gvirtus -I/usr/local/gvirtus/include/gvirtus -I/opt/gvirtus/include/gvirtus conftest.c >&5
configure:15537: $? = 0
configure:15545: result: inline
configure:15563: checking for pid_t
configure:15563: gcc -c -g -O2   -isystem /usr/local/cuda/include -isystem /opt/cuda/include  -I/home/cpalmieri/opt/include/gvirtus -I/usr/local/gvirtus/include/gvirtus -I/opt/gvirtus/include/gvirtus conftest.c >&5
configure:15563: $? = 0
configure:15563: gcc -c -g -O2   -isystem /usr/local/cuda/include -isystem /opt/cuda/include  -I/home/cpalmieri/opt/include/gvirtus -I/usr/local/gvirtus/include/gvirtus -I/opt/gvirtus/include/gvirtus conftest.c >&5
conftest.c: In function 'main':
conftest.c:70:20: error: expected expression before ')' token
 if (sizeof ((pid_t)))
                    ^
configure:15563: $? = 1
configure: failed program was:
| /* confdefs.h */
| #define PACKAGE_NAME "gvirtus-cudart"
| #define PACKAGE_TARNAME "gvirtus-cudart"
| #define PACKAGE_VERSION "01-beta2"
| #define PACKAGE_STRING "gvirtus-cudart 01-beta2"
| #define PACKAGE_BUGREPORT "http://osl.uniparthenope.it/mailman/listinfo/gvirtus-devel"
| #define PACKAGE_URL ""
| #define PACKAGE "gvirtus-cudart"
| #define VERSION "01-beta2"
| #define STDC_HEADERS 1
| #define HAVE_SYS_TYPES_H 1
| #define HAVE_SYS_STAT_H 1
| #define HAVE_STDLIB_H 1
| #define HAVE_STRING_H 1
| #define HAVE_MEMORY_H 1
| #define HAVE_STRINGS_H 1
| #define HAVE_INTTYPES_H 1
| #define HAVE_STDINT_H 1
| #define HAVE_UNISTD_H 1
| #define HAVE_DLFCN_H 1
| #define LT_OBJDIR ".libs/"
| #define HAVE_LIBCUDART 1
| #define HAVE_ARPA_INET_H 1
| #define HAVE_FCNTL_H 1
| #define HAVE_NETDB_H 1
| #define HAVE_NETINET_IN_H 1
| #define HAVE_STDINT_H 1
| #define HAVE_STDLIB_H 1
| #define HAVE_SYS_SOCKET_H 1
| #define HAVE_UNISTD_H 1
| #define HAVE__BOOL 1
| #define HAVE_STDBOOL_H 1
| /* end confdefs.h.  */
| #include <stdio.h>
| #ifdef HAVE_SYS_TYPES_H
| # include <sys/types.h>
| #endif
| #ifdef HAVE_SYS_STAT_H
| # include <sys/stat.h>
| #endif
| #ifdef STDC_HEADERS
| # include <stdlib.h>
| # include <stddef.h>
| #else
| # ifdef HAVE_STDLIB_H
| #  include <stdlib.h>
| # endif
| #endif
| #ifdef HAVE_STRING_H
| # if !defined STDC_HEADERS && defined HAVE_MEMORY_H
| #  include <memory.h>
| # endif
| # include <string.h>
| #endif
| #ifdef HAVE_STRINGS_H
| # include <strings.h>
| #endif
| #ifdef HAVE_INTTYPES_H
| # include <inttypes.h>
| #endif
| #ifdef HAVE_STDINT_H
| # include <stdint.h>
| #endif
| #ifdef HAVE_UNISTD_H
| # include <unistd.h>
| #endif
| int
| main ()
| {
| if (sizeof ((pid_t)))
| 	    return 0;
|   ;
|   return 0;
| }
configure:15563: result: yes
configure:15574: checking for size_t
configure:15574: gcc -c -g -O2   -isystem /usr/local/cuda/include -isystem /opt/cuda/include  -I/home/cpalmieri/opt/include/gvirtus -I/usr/local/gvirtus/include/gvirtus -I/opt/gvirtus/include/gvirtus conftest.c >&5
configure:15574: $? = 0
configure:15574: gcc -c -g -O2   -isystem /usr/local/cuda/include -isystem /opt/cuda/include  -I/home/cpalmieri/opt/include/gvirtus -I/usr/local/gvirtus/include/gvirtus -I/opt/gvirtus/include/gvirtus conftest.c >&5
conftest.c: In function 'main':
conftest.c:70:21: error: expected expression before ')' token
 if (sizeof ((size_t)))
                     ^
configure:15574: $? = 1
configure: failed program was:
| /* confdefs.h */
| #define PACKAGE_NAME "gvirtus-cudart"
| #define PACKAGE_TARNAME "gvirtus-cudart"
| #define PACKAGE_VERSION "01-beta2"
| #define PACKAGE_STRING "gvirtus-cudart 01-beta2"
| #define PACKAGE_BUGREPORT "http://osl.uniparthenope.it/mailman/listinfo/gvirtus-devel"
| #define PACKAGE_URL ""
| #define PACKAGE "gvirtus-cudart"
| #define VERSION "01-beta2"
| #define STDC_HEADERS 1
| #define HAVE_SYS_TYPES_H 1
| #define HAVE_SYS_STAT_H 1
| #define HAVE_STDLIB_H 1
| #define HAVE_STRING_H 1
| #define HAVE_MEMORY_H 1
| #define HAVE_STRINGS_H 1
| #define HAVE_INTTYPES_H 1
| #define HAVE_STDINT_H 1
| #define HAVE_UNISTD_H 1
| #define HAVE_DLFCN_H 1
| #define LT_OBJDIR ".libs/"
| #define HAVE_LIBCUDART 1
| #define HAVE_ARPA_INET_H 1
| #define HAVE_FCNTL_H 1
| #define HAVE_NETDB_H 1
| #define HAVE_NETINET_IN_H 1
| #define HAVE_STDINT_H 1
| #define HAVE_STDLIB_H 1
| #define HAVE_SYS_SOCKET_H 1
| #define HAVE_UNISTD_H 1
| #define HAVE__BOOL 1
| #define HAVE_STDBOOL_H 1
| /* end confdefs.h.  */
| #include <stdio.h>
| #ifdef HAVE_SYS_TYPES_H
| # include <sys/types.h>
| #endif
| #ifdef HAVE_SYS_STAT_H
| # include <sys/stat.h>
| #endif
| #ifdef STDC_HEADERS
| # include <stdlib.h>
| # include <stddef.h>
| #else
| # ifdef HAVE_STDLIB_H
| #  include <stdlib.h>
| # endif
| #endif
| #ifdef HAVE_STRING_H
| # if !defined STDC_HEADERS && defined HAVE_MEMORY_H
| #  include <memory.h>
| # endif
| # include <string.h>
| #endif
| #ifdef HAVE_STRINGS_H
| # include <strings.h>
| #endif
| #ifdef HAVE_INTTYPES_H
| # include <inttypes.h>
| #endif
| #ifdef HAVE_STDINT_H
| # include <stdint.h>
| #endif
| #ifdef HAVE_UNISTD_H
| # include <unistd.h>
| #endif
| int
| main ()
| {
| if (sizeof ((size_t)))
| 	    return 0;
|   ;
|   return 0;
| }
configure:15574: result: yes
configure:15585: checking for uint64_t
configure:15585: gcc -c -g -O2   -isystem /usr/local/cuda/include -isystem /opt/cuda/include  -I/home/cpalmieri/opt/include/gvirtus -I/usr/local/gvirtus/include/gvirtus -I/opt/gvirtus/include/gvirtus conftest.c >&5
configure:15585: $? = 0
configure:15585: result: yes
configure:15603: checking vfork.h usability
configure:15603: gcc -c -g -O2   -isystem /usr/local/cuda/include -isystem /opt/cuda/include  -I/home/cpalmieri/opt/include/gvirtus -I/usr/local/gvirtus/include/gvirtus -I/opt/gvirtus/include/gvirtus conftest.c >&5
conftest.c:67:19: fatal error: vfork.h: No such file or directory
 #include <vfork.h>
                   ^
compilation terminated.
configure:15603: $? = 1
configure: failed program was:
| /* confdefs.h */
| #define PACKAGE_NAME "gvirtus-cudart"
| #define PACKAGE_TARNAME "gvirtus-cudart"
| #define PACKAGE_VERSION "01-beta2"
| #define PACKAGE_STRING "gvirtus-cudart 01-beta2"
| #define PACKAGE_BUGREPORT "http://osl.uniparthenope.it/mailman/listinfo/gvirtus-devel"
| #define PACKAGE_URL ""
| #define PACKAGE "gvirtus-cudart"
| #define VERSION "01-beta2"
| #define STDC_HEADERS 1
| #define HAVE_SYS_TYPES_H 1
| #define HAVE_SYS_STAT_H 1
| #define HAVE_STDLIB_H 1
| #define HAVE_STRING_H 1
| #define HAVE_MEMORY_H 1
| #define HAVE_STRINGS_H 1
| #define HAVE_INTTYPES_H 1
| #define HAVE_STDINT_H 1
| #define HAVE_UNISTD_H 1
| #define HAVE_DLFCN_H 1
| #define LT_OBJDIR ".libs/"
| #define HAVE_LIBCUDART 1
| #define HAVE_ARPA_INET_H 1
| #define HAVE_FCNTL_H 1
| #define HAVE_NETDB_H 1
| #define HAVE_NETINET_IN_H 1
| #define HAVE_STDINT_H 1
| #define HAVE_STDLIB_H 1
| #define HAVE_SYS_SOCKET_H 1
| #define HAVE_UNISTD_H 1
| #define HAVE__BOOL 1
| #define HAVE_STDBOOL_H 1
| /* end confdefs.h.  */
| #include <stdio.h>
| #ifdef HAVE_SYS_TYPES_H
| # include <sys/types.h>
| #endif
| #ifdef HAVE_SYS_STAT_H
| # include <sys/stat.h>
| #endif
| #ifdef STDC_HEADERS
| # include <stdlib.h>
| # include <stddef.h>
| #else
| # ifdef HAVE_STDLIB_H
| #  include <stdlib.h>
| # endif
| #endif
| #ifdef HAVE_STRING_H
| # if !defined STDC_HEADERS && defined HAVE_MEMORY_H
| #  include <memory.h>
| # endif
| # include <string.h>
| #endif
| #ifdef HAVE_STRINGS_H
| # include <strings.h>
| #endif
| #ifdef HAVE_INTTYPES_H
| # include <inttypes.h>
| #endif
| #ifdef HAVE_STDINT_H
| # include <stdint.h>
| #endif
| #ifdef HAVE_UNISTD_H
| # include <unistd.h>
| #endif
| #include <vfork.h>
configure:15603: result: no
configure:15603: checking vfork.h presence
configure:15603: gcc -E   -isystem /usr/local/cuda/include -isystem /opt/cuda/include  -I/home/cpalmieri/opt/include/gvirtus -I/usr/local/gvirtus/include/gvirtus -I/opt/gvirtus/include/gvirtus conftest.c
conftest.c:34:19: fatal error: vfork.h: No such file or directory
 #include <vfork.h>
                   ^
compilation terminated.
configure:15603: $? = 1
configure: failed program was:
| /* confdefs.h */
| #define PACKAGE_NAME "gvirtus-cudart"
| #define PACKAGE_TARNAME "gvirtus-cudart"
| #define PACKAGE_VERSION "01-beta2"
| #define PACKAGE_STRING "gvirtus-cudart 01-beta2"
| #define PACKAGE_BUGREPORT "http://osl.uniparthenope.it/mailman/listinfo/gvirtus-devel"
| #define PACKAGE_URL ""
| #define PACKAGE "gvirtus-cudart"
| #define VERSION "01-beta2"
| #define STDC_HEADERS 1
| #define HAVE_SYS_TYPES_H 1
| #define HAVE_SYS_STAT_H 1
| #define HAVE_STDLIB_H 1
| #define HAVE_STRING_H 1
| #define HAVE_MEMORY_H 1
| #define HAVE_STRINGS_H 1
| #define HAVE_INTTYPES_H 1
| #define HAVE_STDINT_H 1
| #define HAVE_UNISTD_H 1
| #define HAVE_DLFCN_H 1
| #define LT_OBJDIR ".libs/"
| #define HAVE_LIBCUDART 1
| #define HAVE_ARPA_INET_H 1
| #define HAVE_FCNTL_H 1
| #define HAVE_NETDB_H 1
| #define HAVE_NETINET_IN_H 1
| #define HAVE_STDINT_H 1
| #define HAVE_STDLIB_H 1
| #define HAVE_SYS_SOCKET_H 1
| #define HAVE_UNISTD_H 1
| #define HAVE__BOOL 1
| #define HAVE_STDBOOL_H 1
| /* end confdefs.h.  */
| #include <vfork.h>
configure:15603: result: no
configure:15603: checking for vfork.h
configure:15603: result: no
configure:15616: checking for fork
configure:15616: gcc -o conftest -g -O2   -isystem /usr/local/cuda/include -isystem /opt/cuda/include  -I/home/cpalmieri/opt/include/gvirtus -I/usr/local/gvirtus/include/gvirtus -I/opt/gvirtus/include/gvirtus  -L/usr/local/cuda/lib -L/usr/local/cuda/lib64 -L/opt/cuda/lib -L/opt/cuda/lib64 -L/home/cpalmieri/opt/lib -L/usr/local/gvirtus/lib -L/opt/gvirtus/lib conftest.c  >&5
conftest.c:57:6: warning: conflicting types for built-in function 'fork' [enabled by default]
 char fork ();
      ^
configure:15616: $? = 0
configure:15616: result: yes
configure:15616: checking for vfork
configure:15616: gcc -o conftest -g -O2   -isystem /usr/local/cuda/include -isystem /opt/cuda/include  -I/home/cpalmieri/opt/include/gvirtus -I/usr/local/gvirtus/include/gvirtus -I/opt/gvirtus/include/gvirtus  -L/usr/local/cuda/lib -L/usr/local/cuda/lib64 -L/opt/cuda/lib -L/opt/cuda/lib64 -L/home/cpalmieri/opt/lib -L/usr/local/gvirtus/lib -L/opt/gvirtus/lib conftest.c  >&5
configure:15616: $? = 0
configure:15616: result: yes
configure:15626: checking for working fork
configure:15648: gcc -o conftest -g -O2   -isystem /usr/local/cuda/include -isystem /opt/cuda/include  -I/home/cpalmieri/opt/include/gvirtus -I/usr/local/gvirtus/include/gvirtus -I/opt/gvirtus/include/gvirtus  -L/usr/local/cuda/lib -L/usr/local/cuda/lib64 -L/opt/cuda/lib -L/opt/cuda/lib64 -L/home/cpalmieri/opt/lib -L/usr/local/gvirtus/lib -L/opt/gvirtus/lib conftest.c  >&5
configure:15648: $? = 0
configure:15648: ./conftest
configure:15648: $? = 0
configure:15658: result: yes
configure:15679: checking for working vfork
configure:15789: result: yes
configure:15816: checking for stdlib.h
configure:15816: result: yes
configure:15826: checking for GNU libc compatible malloc
configure:15850: gcc -o conftest -g -O2   -isystem /usr/local/cuda/include -isystem /opt/cuda/include  -I/home/cpalmieri/opt/include/gvirtus -I/usr/local/gvirtus/include/gvirtus -I/opt/gvirtus/include/gvirtus  -L/usr/local/cuda/lib -L/usr/local/cuda/lib64 -L/opt/cuda/lib -L/opt/cuda/lib64 -L/home/cpalmieri/opt/lib -L/usr/local/gvirtus/lib -L/opt/gvirtus/lib conftest.c  >&5
configure:15850: $? = 0
configure:15850: ./conftest
configure:15850: $? = 0
configure:15860: result: yes
configure:15883: checking for stdlib.h
configure:15883: result: yes
configure:15893: checking for GNU libc compatible realloc
configure:15917: gcc -o conftest -g -O2   -isystem /usr/local/cuda/include -isystem /opt/cuda/include  -I/home/cpalmieri/opt/include/gvirtus -I/usr/local/gvirtus/include/gvirtus -I/opt/gvirtus/include/gvirtus  -L/usr/local/cuda/lib -L/usr/local/cuda/lib64 -L/opt/cuda/lib -L/opt/cuda/lib64 -L/home/cpalmieri/opt/lib -L/usr/local/gvirtus/lib -L/opt/gvirtus/lib conftest.c  >&5
configure:15917: $? = 0
configure:15917: ./conftest
configure:15917: $? = 0
configure:15927: result: yes
configure:15951: checking for gethostbyname
configure:15951: gcc -o conftest -g -O2   -isystem /usr/local/cuda/include -isystem /opt/cuda/include  -I/home/cpalmieri/opt/include/gvirtus -I/usr/local/gvirtus/include/gvirtus -I/opt/gvirtus/include/gvirtus  -L/usr/local/cuda/lib -L/usr/local/cuda/lib64 -L/opt/cuda/lib -L/opt/cuda/lib64 -L/home/cpalmieri/opt/lib -L/usr/local/gvirtus/lib -L/opt/gvirtus/lib conftest.c  >&5
configure:15951: $? = 0
configure:15951: result: yes
configure:15951: checking for memmove
configure:15951: gcc -o conftest -g -O2   -isystem /usr/local/cuda/include -isystem /opt/cuda/include  -I/home/cpalmieri/opt/include/gvirtus -I/usr/local/gvirtus/include/gvirtus -I/opt/gvirtus/include/gvirtus  -L/usr/local/cuda/lib -L/usr/local/cuda/lib64 -L/opt/cuda/lib -L/opt/cuda/lib64 -L/home/cpalmieri/opt/lib -L/usr/local/gvirtus/lib -L/opt/gvirtus/lib conftest.c  >&5
conftest.c:66:6: warning: conflicting types for built-in function 'memmove' [enabled by default]
 char memmove ();
      ^
configure:15951: $? = 0
configure:15951: result: yes
configure:15951: checking for memset
configure:15951: gcc -o conftest -g -O2   -isystem /usr/local/cuda/include -isystem /opt/cuda/include  -I/home/cpalmieri/opt/include/gvirtus -I/usr/local/gvirtus/include/gvirtus -I/opt/gvirtus/include/gvirtus  -L/usr/local/cuda/lib -L/usr/local/cuda/lib64 -L/opt/cuda/lib -L/opt/cuda/lib64 -L/home/cpalmieri/opt/lib -L/usr/local/gvirtus/lib -L/opt/gvirtus/lib conftest.c  >&5
conftest.c:67:6: warning: conflicting types for built-in function 'memset' [enabled by default]
 char memset ();
      ^
configure:15951: $? = 0
configure:15951: result: yes
configure:15951: checking for socket
configure:15951: gcc -o conftest -g -O2   -isystem /usr/local/cuda/include -isystem /opt/cuda/include  -I/home/cpalmieri/opt/include/gvirtus -I/usr/local/gvirtus/include/gvirtus -I/opt/gvirtus/include/gvirtus  -L/usr/local/cuda/lib -L/usr/local/cuda/lib64 -L/opt/cuda/lib -L/opt/cuda/lib64 -L/home/cpalmieri/opt/lib -L/usr/local/gvirtus/lib -L/opt/gvirtus/lib conftest.c  >&5
configure:15951: $? = 0
configure:15951: result: yes
configure:15951: checking for strcasecmp
configure:15951: gcc -o conftest -g -O2   -isystem /usr/local/cuda/include -isystem /opt/cuda/include  -I/home/cpalmieri/opt/include/gvirtus -I/usr/local/gvirtus/include/gvirtus -I/opt/gvirtus/include/gvirtus  -L/usr/local/cuda/lib -L/usr/local/cuda/lib64 -L/opt/cuda/lib -L/opt/cuda/lib64 -L/home/cpalmieri/opt/lib -L/usr/local/gvirtus/lib -L/opt/gvirtus/lib conftest.c  >&5
conftest.c:69:6: warning: conflicting types for built-in function 'strcasecmp' [enabled by default]
 char strcasecmp ();
      ^
configure:15951: $? = 0
configure:15951: result: yes
configure:15951: checking for strdup
configure:15951: gcc -o conftest -g -O2   -isystem /usr/local/cuda/include -isystem /opt/cuda/include  -I/home/cpalmieri/opt/include/gvirtus -I/usr/local/gvirtus/include/gvirtus -I/opt/gvirtus/include/gvirtus  -L/usr/local/cuda/lib -L/usr/local/cuda/lib64 -L/opt/cuda/lib -L/opt/cuda/lib64 -L/home/cpalmieri/opt/lib -L/usr/local/gvirtus/lib -L/opt/gvirtus/lib conftest.c  >&5
conftest.c:70:6: warning: conflicting types for built-in function 'strdup' [enabled by default]
 char strdup ();
      ^
configure:15951: $? = 0
configure:15951: result: yes
configure:15951: checking for strtoul
configure:15951: gcc -o conftest -g -O2   -isystem /usr/local/cuda/include -isystem /opt/cuda/include  -I/home/cpalmieri/opt/include/gvirtus -I/usr/local/gvirtus/include/gvirtus -I/opt/gvirtus/include/gvirtus  -L/usr/local/cuda/lib -L/usr/local/cuda/lib64 -L/opt/cuda/lib -L/opt/cuda/lib64 -L/home/cpalmieri/opt/lib -L/usr/local/gvirtus/lib -L/opt/gvirtus/lib conftest.c  >&5
configure:15951: $? = 0
configure:15951: result: yes
configure:15961: checking cuda.h usability
configure:15961: gcc -c -g -O2   -isystem /usr/local/cuda/include -isystem /opt/cuda/include  -I/home/cpalmieri/opt/include/gvirtus -I/usr/local/gvirtus/include/gvirtus -I/opt/gvirtus/include/gvirtus conftest.c >&5
configure:15961: $? = 0
configure:15961: result: yes
configure:15961: checking cuda.h presence
configure:15961: gcc -E   -isystem /usr/local/cuda/include -isystem /opt/cuda/include  -I/home/cpalmieri/opt/include/gvirtus -I/usr/local/gvirtus/include/gvirtus -I/opt/gvirtus/include/gvirtus conftest.c
configure:15961: $? = 0
configure:15961: result: yes
configure:15961: checking for cuda.h
configure:15961: result: yes
configure:16094: checking that generated files are newer than configure
configure:16100: result: done
configure:16127: creating ./config.status

## ---------------------- ##
## Running config.status. ##
## ---------------------- ##

This file was extended by gvirtus-cudart config.status 01-beta2, which was
generated by GNU Autoconf 2.69.  Invocation command line was

  CONFIG_FILES    = 
  CONFIG_HEADERS  = 
  CONFIG_LINKS    = 
  CONFIG_COMMANDS = 
  $ ./config.status 

on storm

config.status:1177: creating Makefile
config.status:1177: creating util/Makefile
config.status:1177: creating backend/Makefile
config.status:1177: creating frontend/Makefile
config.status:1177: creating test/Makefile
config.status:1177: creating config.h
config.status:1358: config.h is unchanged
config.status:1406: executing depfiles commands
config.status:1406: executing libtool commands

## ---------------- ##
## Cache variables. ##
## ---------------- ##

ac_cv_build=x86_64-unknown-linux-gnu
ac_cv_c_compiler_gnu=yes
ac_cv_c_inline=inline
ac_cv_c_uint64_t=yes
ac_cv_cxx_compiler_gnu=yes
ac_cv_env_CCC_set=
ac_cv_env_CCC_value=
ac_cv_env_CC_set=
ac_cv_env_CC_value=
ac_cv_env_CFLAGS_set=
ac_cv_env_CFLAGS_value=
ac_cv_env_CPPFLAGS_set=
ac_cv_env_CPPFLAGS_value=
ac_cv_env_CPP_set=
ac_cv_env_CPP_value=
ac_cv_env_CXXCPP_set=
ac_cv_env_CXXCPP_value=
ac_cv_env_CXXFLAGS_set=
ac_cv_env_CXXFLAGS_value=
ac_cv_env_CXX_set=
ac_cv_env_CXX_value=
ac_cv_env_LDFLAGS_set=
ac_cv_env_LDFLAGS_value=
ac_cv_env_LIBS_set=
ac_cv_env_LIBS_value=
ac_cv_env_build_alias_set=
ac_cv_env_build_alias_value=
ac_cv_env_host_alias_set=
ac_cv_env_host_alias_value=
ac_cv_env_target_alias_set=
ac_cv_env_target_alias_value=
ac_cv_func_fork=yes
ac_cv_func_fork_works=yes
ac_cv_func_gethostbyname=yes
ac_cv_func_malloc_0_nonnull=yes
ac_cv_func_memmove=yes
ac_cv_func_memset=yes
ac_cv_func_realloc_0_nonnull=yes
ac_cv_func_socket=yes
ac_cv_func_strcasecmp=yes
ac_cv_func_strdup=yes
ac_cv_func_strtoul=yes
ac_cv_func_vfork=yes
ac_cv_func_vfork_works=yes
ac_cv_header_arpa_inet_h=yes
ac_cv_header_cuda_h=yes
ac_cv_header_dlfcn_h=yes
ac_cv_header_fcntl_h=yes
ac_cv_header_inttypes_h=yes
ac_cv_header_memory_h=yes
ac_cv_header_netdb_h=yes
ac_cv_header_netinet_in_h=yes
ac_cv_header_stdbool_h=yes
ac_cv_header_stdc=yes
ac_cv_header_stdint_h=yes
ac_cv_header_stdlib_h=yes
ac_cv_header_string_h=yes
ac_cv_header_strings_h=yes
ac_cv_header_sys_socket_h=yes
ac_cv_header_sys_stat_h=yes
ac_cv_header_sys_types_h=yes
ac_cv_header_unistd_h=yes
ac_cv_header_vfork_h=no
ac_cv_header_vmci_vmci_sockets_h=no
ac_cv_host=x86_64-unknown-linux-gnu
ac_cv_lib_cudart___cudaRegisterFatBinary=yes
ac_cv_objext=o
ac_cv_path_EGREP='/bin/grep -E'
ac_cv_path_FGREP='/bin/grep -F'
ac_cv_path_GREP=/bin/grep
ac_cv_path_SED=/bin/sed
ac_cv_path_install='/usr/bin/install -c'
ac_cv_path_mkdir=/bin/mkdir
ac_cv_prog_AWK=gawk
ac_cv_prog_CPP='gcc -E'
ac_cv_prog_CXXCPP='g++ -E'
ac_cv_prog_ac_ct_AR=ar
ac_cv_prog_ac_ct_CC=gcc
ac_cv_prog_ac_ct_CXX=g++
ac_cv_prog_ac_ct_MANIFEST_TOOL=mt
ac_cv_prog_ac_ct_OBJDUMP=objdump
ac_cv_prog_ac_ct_RANLIB=ranlib
ac_cv_prog_ac_ct_STRIP=strip
ac_cv_prog_cc_c89=
ac_cv_prog_cc_g=yes
ac_cv_prog_cxx_g=yes
ac_cv_prog_make_make_set=yes
ac_cv_type__Bool=yes
ac_cv_type_pid_t=yes
ac_cv_type_size_t=yes
am_cv_CC_dependencies_compiler_type=gcc3
am_cv_CXX_dependencies_compiler_type=gcc3
am_cv_make_support_nested_variables=yes
am_cv_prog_cc_c_o=yes
lt_cv_ar_at_file=@
lt_cv_archive_cmds_need_lc=no
lt_cv_deplibs_check_method=pass_all
lt_cv_file_magic_cmd='$MAGIC_CMD'
lt_cv_file_magic_test_file=
lt_cv_ld_reload_flag=-r
lt_cv_nm_interface='BSD nm'
lt_cv_objdir=.libs
lt_cv_path_LD=/usr/bin/ld
lt_cv_path_LDCXX='/usr/bin/ld -m elf_x86_64'
lt_cv_path_NM='/usr/bin/nm -B'
lt_cv_path_mainfest_tool=no
lt_cv_prog_compiler_c_o=yes
lt_cv_prog_compiler_c_o_CXX=yes
lt_cv_prog_compiler_pic='-fPIC -DPIC'
lt_cv_prog_compiler_pic_CXX='-fPIC -DPIC'
lt_cv_prog_compiler_pic_works=yes
lt_cv_prog_compiler_pic_works_CXX=yes
lt_cv_prog_compiler_rtti_exceptions=no
lt_cv_prog_compiler_static_works=yes
lt_cv_prog_compiler_static_works_CXX=yes
lt_cv_prog_gnu_ld=yes
lt_cv_prog_gnu_ldcxx=yes
lt_cv_sharedlib_from_linklib_cmd='printf %s\n'
lt_cv_shlibpath_overrides_runpath=no
lt_cv_sys_global_symbol_pipe='sed -n -e '\''s/^.*[	 ]\([ABCDGIRSTW][ABCDGIRSTW]*\)[	 ][	 ]*\([_A-Za-z][_A-Za-z0-9]*\)$/\1 \2 \2/p'\'' | sed '\''/ __gnu_lto/d'\'''
lt_cv_sys_global_symbol_to_c_name_address='sed -n -e '\''s/^: \([^ ]*\)[ ]*$/  {\"\1\", (void *) 0},/p'\'' -e '\''s/^[ABCDGIRSTW]* \([^ ]*\) \([^ ]*\)$/  {"\2", (void *) \&\2},/p'\'''
lt_cv_sys_global_symbol_to_c_name_address_lib_prefix='sed -n -e '\''s/^: \([^ ]*\)[ ]*$/  {\"\1\", (void *) 0},/p'\'' -e '\''s/^[ABCDGIRSTW]* \([^ ]*\) \(lib[^ ]*\)$/  {"\2", (void *) \&\2},/p'\'' -e '\''s/^[ABCDGIRSTW]* \([^ ]*\) \([^ ]*\)$/  {"lib\2", (void *) \&\2},/p'\'''
lt_cv_sys_global_symbol_to_cdecl='sed -n -e '\''s/^T .* \(.*\)$/extern int \1();/p'\'' -e '\''s/^[ABCDGIRSTW]* .* \(.*\)$/extern char \1;/p'\'''
lt_cv_sys_max_cmd_len=1572864
lt_cv_to_host_file_cmd=func_convert_file_noop
lt_cv_to_tool_file_cmd=func_convert_file_noop

## ----------------- ##
## Output variables. ##
## ----------------- ##

ACLOCAL='aclocal-1.14'
AMDEPBACKSLASH='\'
AMDEP_FALSE='#'
AMDEP_TRUE=''
AMTAR='$${TAR-tar}'
AM_BACKSLASH='\'
AM_DEFAULT_V='$(AM_DEFAULT_VERBOSITY)'
AM_DEFAULT_VERBOSITY='1'
AM_V='$(V)'
AR='ar'
AUTOCONF='autoconf'
AUTOHEADER='autoheader'
AUTOMAKE='automake-1.14'
AWK='gawk'
CC='gcc'
CCDEPMODE='depmode=gcc3'
CFLAGS='-g -O2'
CPP='gcc -E'
CPPFLAGS='-I/home/cpalmieri/gvirtus-devel/gvirtus.cudart/util   -isystem /usr/local/cuda/include -isystem /opt/cuda/include  -I/home/cpalmieri/opt/include/gvirtus -I/usr/local/gvirtus/include/gvirtus -I/opt/gvirtus/include/gvirtus'
CUDA_LIB_FLAGS='-L/usr/local/cuda/lib -L/usr/local/cuda/lib64 -L/opt/cuda/lib -L/opt/cuda/lib64'
CXX='g++'
CXXCPP='g++ -E'
CXXDEPMODE='depmode=gcc3'
CXXFLAGS='-g -O2 -Wall -pedantic'
CYGPATH_W='echo'
DEFS='-DHAVE_CONFIG_H'
DEPDIR='.deps'
DLLTOOL='false'
DSYMUTIL=''
DUMPBIN=''
ECHO_C=''
ECHO_N='-n'
ECHO_T=''
EGREP='/bin/grep -E'
EXEEXT=''
FGREP='/bin/grep -F'
GREP='/bin/grep'
GVIRTUS_LIB_FLAGS='-L/home/cpalmieri/opt/lib -L/usr/local/gvirtus/lib -L/opt/gvirtus/lib'
INSTALL_DATA='${INSTALL} -m 644'
INSTALL_PROGRAM='${INSTALL}'
INSTALL_SCRIPT='${INSTALL}'
INSTALL_STRIP_PROGRAM='$(install_sh) -c -s'
LD='/usr/bin/ld -m elf_x86_64'
LDFLAGS=' -L/usr/local/cuda/lib -L/usr/local/cuda/lib64 -L/opt/cuda/lib -L/opt/cuda/lib64 -L/home/cpalmieri/opt/lib -L/usr/local/gvirtus/lib -L/opt/gvirtus/lib'
LIBOBJS=''
LIBS=''
LIBTOOL='$(SHELL) $(top_builddir)/libtool'
LIPO=''
LN_S='ln -s'
LTLIBOBJS=''
MAKEINFO='makeinfo'
MANIFEST_TOOL=':'
MKDIR_P='/bin/mkdir -p'
NM='/usr/bin/nm -B'
NMEDIT=''
OBJDUMP='objdump'
OBJEXT='o'
OTOOL64=''
OTOOL=''
PACKAGE='gvirtus-cudart'
PACKAGE_BUGREPORT='http://osl.uniparthenope.it/mailman/listinfo/gvirtus-devel'
PACKAGE_NAME='gvirtus-cudart'
PACKAGE_STRING='gvirtus-cudart 01-beta2'
PACKAGE_TARNAME='gvirtus-cudart'
PACKAGE_URL=''
PACKAGE_VERSION='01-beta2'
PATH_SEPARATOR=':'
RANLIB='ranlib'
SED='/bin/sed'
SET_MAKE=''
SHELL='/bin/bash'
STRIP='strip'
VERSION='01-beta2'
ac_ct_AR='ar'
ac_ct_CC='gcc'
ac_ct_CXX='g++'
ac_ct_DUMPBIN=''
am__EXEEXT_FALSE=''
am__EXEEXT_TRUE='#'
am__fastdepCC_FALSE='#'
am__fastdepCC_TRUE=''
am__fastdepCXX_FALSE='#'
am__fastdepCXX_TRUE=''
am__include='include'
am__isrc=''
am__leading_dot='.'
am__nodep='_no'
am__quote=''
am__tar='$${TAR-tar} chof - "$$tardir"'
am__untar='$${TAR-tar} xf -'
bindir='${exec_prefix}/bin'
build='x86_64-unknown-linux-gnu'
build_alias=''
build_cpu='x86_64'
build_os='linux-gnu'
build_vendor='unknown'
datadir='${datarootdir}'
datarootdir='${prefix}/share'
docdir='${datarootdir}/doc/${PACKAGE_TARNAME}'
dvidir='${docdir}'
exec_prefix='${prefix}'
host='x86_64-unknown-linux-gnu'
host_alias=''
host_cpu='x86_64'
host_os='linux-gnu'
host_vendor='unknown'
htmldir='${docdir}'
includedir='${prefix}/include'
infodir='${datarootdir}/info'
install_sh='${SHELL} /home/cpalmieri/gvirtus-devel/gvirtus.cudart/install-sh'
libdir='${exec_prefix}/lib'
libexecdir='${exec_prefix}/libexec'
localedir='${datarootdir}/locale'
localstatedir='${prefix}/var'
mandir='${datarootdir}/man'
mkdir_p='$(MKDIR_P)'
oldincludedir='/usr/include'
pdfdir='${docdir}'
prefix='/home/cpalmieri/opt'
program_transform_name='s,x,x,'
psdir='${docdir}'
sbindir='${exec_prefix}/sbin'
sharedstatedir='${prefix}/com'
sysconfdir='${prefix}/etc'
target_alias=''

## ----------- ##
## confdefs.h. ##
## ----------- ##

/* confdefs.h */
#define PACKAGE_NAME "gvirtus-cudart"
#define PACKAGE_TARNAME "gvirtus-cudart"
#define PACKAGE_VERSION "01-beta2"
#define PACKAGE_STRING "gvirtus-cudart 01-beta2"
#define PACKAGE_BUGREPORT "http://osl.uniparthenope.it/mailman/listinfo/gvirtus-devel"
#define PACKAGE_URL ""
#define PACKAGE "gvirtus-cudart"
#define VERSION "01-beta2"
#define STDC_HEADERS 1
#define HAVE_SYS_TYPES_H 1
#define HAVE_SYS_STAT_H 1
#define HAVE_STDLIB_H 1
#define HAVE_STRING_H 1
#define HAVE_MEMORY_H 1
#define HAVE_STRINGS_H 1
#define HAVE_INTTYPES_H 1
#define HAVE_STDINT_H 1
#define HAVE_UNISTD_H 1
#define HAVE_DLFCN_H 1
#define LT_OBJDIR ".libs/"
#define HAVE_LIBCUDART 1
#define HAVE_ARPA_INET_H 1
#define HAVE_FCNTL_H 1
#define HAVE_NETDB_H 1
#define HAVE_NETINET_IN_H 1
#define HAVE_STDINT_H 1
#define HAVE_STDLIB_H 1
#define HAVE_SYS_SOCKET_H 1
#define HAVE_UNISTD_H 1
#define HAVE__BOOL 1
#define HAVE_STDBOOL_H 1
#define HAVE_FORK 1
#define HAVE_VFORK 1
#define HAVE_WORKING_VFORK 1
#define HAVE_WORKING_FORK 1
#define HAVE_STDLIB_H 1
#define HAVE_MALLOC 1
#define HAVE_STDLIB_H 1
#define HAVE_REALLOC 1
#define HAVE_GETHOSTBYNAME 1
#define HAVE_MEMMOVE 1
#define HAVE_MEMSET 1
#define HAVE_SOCKET 1
#define HAVE_STRCASECMP 1
#define HAVE_STRDUP 1
#define HAVE_STRTOUL 1

configure: exit 0
