This file contains any messages produced by compilers while
running configure, to aid debugging if configure makes a mistake.

It was created by gvirtus-opencl configure 01-beta2, which was
generated by GNU Autoconf 2.68.  Invocation command line was

  $ ./configure --prefix=/home/rapid/opt --no-create --no-recursion

## --------- ##
## Platform. ##
## --------- ##

hostname = storm
uname -m = x86_64
uname -r = 3.13.0-45-generic
uname -s = Linux
uname -v = #74~precise1-Ubuntu SMP Thu Jan 15 20:21:55 UTC 2015

/usr/bin/uname -p = unknown
/bin/uname -X     = unknown

/bin/arch              = unknown
/usr/bin/arch -k       = unknown
/usr/convex/getsysinfo = unknown
/usr/bin/hostinfo      = unknown
/bin/machine           = unknown
/usr/bin/oslevel       = unknown
/bin/universe          = unknown

PATH: /usr/local/sbin
PATH: /usr/local/bin
PATH: /usr/sbin
PATH: /usr/bin
PATH: /sbin
PATH: /bin
PATH: /usr/games
PATH: /usr/local/cuda/bin


## ----------- ##
## Core tests. ##
## ----------- ##

configure:2478: checking for a BSD-compatible install
configure:2546: result: /usr/bin/install -c
configure:2557: checking whether build environment is sane
configure:2607: result: yes
configure:2748: checking for a thread-safe mkdir -p
configure:2787: result: /bin/mkdir -p
configure:2800: checking for gawk
configure:2830: result: no
configure:2800: checking for mawk
configure:2816: found /usr/bin/mawk
configure:2827: result: mawk
configure:2838: checking whether make sets $(MAKE)
configure:2860: result: yes
configure:3003: checking for g++
configure:3019: found /usr/bin/g++
configure:3030: result: g++
configure:3057: checking for C++ compiler version
configure:3066: g++ --version >&5
g++ (Ubuntu/Linaro 4.6.3-1ubuntu5) 4.6.3
Copyright (C) 2011 Free Software Foundation, Inc.
This is free software; see the source for copying conditions.  There is NO
warranty; not even for MERCHANTABILITY or FITNESS FOR A PARTICULAR PURPOSE.

configure:3077: $? = 0
configure:3066: g++ -v >&5
Using built-in specs.
COLLECT_GCC=g++
COLLECT_LTO_WRAPPER=/usr/lib/gcc/x86_64-linux-gnu/4.6/lto-wrapper
Target: x86_64-linux-gnu
Configured with: ../src/configure -v --with-pkgversion='Ubuntu/Linaro 4.6.3-1ubuntu5' --with-bugurl=file:///usr/share/doc/gcc-4.6/README.Bugs --enable-languages=c,c++,fortran,objc,obj-c++ --prefix=/usr --program-suffix=-4.6 --enable-shared --enable-linker-build-id --with-system-zlib --libexecdir=/usr/lib --without-included-gettext --enable-threads=posix --with-gxx-include-dir=/usr/include/c++/4.6 --libdir=/usr/lib --enable-nls --with-sysroot=/ --enable-clocale=gnu --enable-libstdcxx-debug --enable-libstdcxx-time=yes --enable-gnu-unique-object --enable-plugin --enable-objc-gc --disable-werror --with-arch-32=i686 --with-tune=generic --enable-checking=release --build=x86_64-linux-gnu --host=x86_64-linux-gnu --target=x86_64-linux-gnu
Thread model: posix
gcc version 4.6.3 (Ubuntu/Linaro 4.6.3-1ubuntu5) 
configure:3077: $? = 0
configure:3066: g++ -V >&5
g++: error: unrecognized option '-V'
g++: fatal error: no input files
compilation terminated.
configure:3077: $? = 4
configure:3066: g++ -qversion >&5
g++: error: unrecognized option '-qversion'
g++: fatal error: no input files
compilation terminated.
configure:3077: $? = 4
configure:3097: checking whether the C++ compiler works
configure:3119: g++    conftest.cpp  >&5
configure:3123: $? = 0
configure:3171: result: yes
configure:3174: checking for C++ compiler default output file name
configure:3176: result: a.out
configure:3182: checking for suffix of executables
configure:3189: g++ -o conftest    conftest.cpp  >&5
configure:3193: $? = 0
configure:3215: result: 
configure:3237: checking whether we are cross compiling
configure:3245: g++ -o conftest    conftest.cpp  >&5
configure:3249: $? = 0
configure:3256: ./conftest
configure:3260: $? = 0
configure:3275: result: no
configure:3280: checking for suffix of object files
configure:3302: g++ -c   conftest.cpp >&5
configure:3306: $? = 0
configure:3327: result: o
configure:3331: checking whether we are using the GNU C++ compiler
configure:3350: g++ -c   conftest.cpp >&5
configure:3350: $? = 0
configure:3359: result: yes
configure:3368: checking whether g++ accepts -g
configure:3388: g++ -c -g  conftest.cpp >&5
configure:3388: $? = 0
configure:3429: result: yes
configure:3463: checking for style of include used by make
configure:3491: result: GNU
configure:3517: checking dependency style of g++
configure:3628: result: gcc3
configure:3691: checking for gcc
configure:3707: found /usr/bin/gcc
configure:3718: result: gcc
configure:3947: checking for C compiler version
configure:3956: gcc --version >&5
gcc (Ubuntu/Linaro 4.6.3-1ubuntu5) 4.6.3
Copyright (C) 2011 Free Software Foundation, Inc.
This is free software; see the source for copying conditions.  There is NO
warranty; not even for MERCHANTABILITY or FITNESS FOR A PARTICULAR PURPOSE.

configure:3967: $? = 0
configure:3956: gcc -v >&5
Using built-in specs.
COLLECT_GCC=gcc
COLLECT_LTO_WRAPPER=/usr/lib/gcc/x86_64-linux-gnu/4.6/lto-wrapper
Target: x86_64-linux-gnu
Configured with: ../src/configure -v --with-pkgversion='Ubuntu/Linaro 4.6.3-1ubuntu5' --with-bugurl=file:///usr/share/doc/gcc-4.6/README.Bugs --enable-languages=c,c++,fortran,objc,obj-c++ --prefix=/usr --program-suffix=-4.6 --enable-shared --enable-linker-build-id --with-system-zlib --libexecdir=/usr/lib --without-included-gettext --enable-threads=posix --with-gxx-include-dir=/usr/include/c++/4.6 --libdir=/usr/lib --enable-nls --with-sysroot=/ --enable-clocale=gnu --enable-libstdcxx-debug --enable-libstdcxx-time=yes --enable-gnu-unique-object --enable-plugin --enable-objc-gc --disable-werror --with-arch-32=i686 --with-tune=generic --enable-checking=release --build=x86_64-linux-gnu --host=x86_64-linux-gnu --target=x86_64-linux-gnu
Thread model: posix
gcc version 4.6.3 (Ubuntu/Linaro 4.6.3-1ubuntu5) 
configure:3967: $? = 0
configure:3956: gcc -V >&5
gcc: error: unrecognized option '-V'
gcc: fatal error: no input files
compilation terminated.
configure:3967: $? = 4
configure:3956: gcc -qversion >&5
gcc: error: unrecognized option '-qversion'
gcc: fatal error: no input files
compilation terminated.
configure:3967: $? = 4
configure:3971: checking whether we are using the GNU C compiler
configure:3990: gcc -c   conftest.c >&5
configure:3990: $? = 0
configure:3999: result: yes
configure:4008: checking whether gcc accepts -g
configure:4028: gcc -c -g  conftest.c >&5
configure:4028: $? = 0
configure:4069: result: yes
configure:4086: checking for gcc option to accept ISO C89
configure:4150: gcc  -c -g -O2  conftest.c >&5
configure:4150: $? = 0
configure:4163: result: none needed
configure:4185: checking dependency style of gcc
configure:4296: result: gcc3
configure:4340: checking build system type
configure:4354: result: x86_64-unknown-linux-gnu
configure:4374: checking host system type
configure:4387: result: x86_64-unknown-linux-gnu
configure:4428: checking how to print strings
configure:4455: result: printf
configure:4476: checking for a sed that does not truncate output
configure:4540: result: /bin/sed
configure:4558: checking for grep that handles long lines and -e
configure:4616: result: /bin/grep
configure:4621: checking for egrep
configure:4683: result: /bin/grep -E
configure:4688: checking for fgrep
configure:4750: result: /bin/grep -F
configure:4785: checking for ld used by gcc
configure:4852: result: /usr/bin/ld
configure:4859: checking if the linker (/usr/bin/ld) is GNU ld
configure:4874: result: yes
configure:4886: checking for BSD- or MS-compatible name lister (nm)
configure:4935: result: /usr/bin/nm -B
configure:5065: checking the name lister (/usr/bin/nm -B) interface
configure:5072: gcc -c -g -O2  conftest.c >&5
configure:5075: /usr/bin/nm -B "conftest.o"
configure:5078: output
0000000000000000 B some_variable
configure:5085: result: BSD nm
configure:5088: checking whether ln -s works
configure:5092: result: yes
configure:5100: checking the maximum length of command line arguments
configure:5230: result: 3458764513820540925
configure:5247: checking whether the shell understands some XSI constructs
configure:5257: result: yes
configure:5261: checking whether the shell understands "+="
configure:5267: result: yes
configure:5302: checking how to convert x86_64-unknown-linux-gnu file names to x86_64-unknown-linux-gnu format
configure:5342: result: func_convert_file_noop
configure:5349: checking how to convert x86_64-unknown-linux-gnu file names to toolchain format
configure:5369: result: func_convert_file_noop
configure:5376: checking for /usr/bin/ld option to reload object files
configure:5383: result: -r
configure:5457: checking for objdump
configure:5473: found /usr/bin/objdump
configure:5484: result: objdump
configure:5516: checking how to recognize dependent libraries
configure:5718: result: pass_all
configure:5803: checking for dlltool
configure:5833: result: no
configure:5863: checking how to associate runtime and link libraries
configure:5890: result: printf %s\n
configure:5951: checking for ar
configure:5967: found /usr/bin/ar
configure:5978: result: ar
configure:6015: checking for archiver @FILE support
configure:6032: gcc -c -g -O2  conftest.c >&5
configure:6032: $? = 0
configure:6035: ar cru libconftest.a @conftest.lst >&5
configure:6038: $? = 0
configure:6043: ar cru libconftest.a @conftest.lst >&5
ar: conftest.o: No such file or directory
configure:6046: $? = 1
configure:6058: result: @
configure:6116: checking for strip
configure:6132: found /usr/bin/strip
configure:6143: result: strip
configure:6215: checking for ranlib
configure:6231: found /usr/bin/ranlib
configure:6242: result: ranlib
configure:6344: checking command to parse /usr/bin/nm -B output from gcc object
configure:6464: gcc -c -g -O2  conftest.c >&5
configure:6467: $? = 0
configure:6471: /usr/bin/nm -B conftest.o \| sed -n -e 's/^.*[ ]\([ABCDGIRSTW][ABCDGIRSTW]*\)[ ][ ]*\([_A-Za-z][_A-Za-z0-9]*\)$/\1 \2 \2/p' | sed '/ __gnu_lto/d' \> conftest.nm
configure:6474: $? = 0
configure:6540: gcc -o conftest -g -O2   conftest.c conftstm.o >&5
configure:6543: $? = 0
configure:6581: result: ok
configure:6618: checking for sysroot
configure:6648: result: no
configure:6725: gcc -c -g -O2  conftest.c >&5
configure:6728: $? = 0
configure:6904: checking for mt
configure:6920: found /bin/mt
configure:6931: result: mt
configure:6954: checking if mt is a manifest tool
configure:6960: mt '-?'
configure:6968: result: no
configure:7610: checking how to run the C preprocessor
configure:7641: gcc -E  conftest.c
configure:7641: $? = 0
configure:7655: gcc -E  conftest.c
conftest.c:11:28: fatal error: ac_nonexistent.h: No such file or directory
compilation terminated.
configure:7655: $? = 1
configure: failed program was:
| /* confdefs.h */
| #define PACKAGE_NAME "gvirtus-opencl"
| #define PACKAGE_TARNAME "gvirtus-opencl"
| #define PACKAGE_VERSION "01-beta2"
| #define PACKAGE_STRING "gvirtus-opencl 01-beta2"
| #define PACKAGE_BUGREPORT "http://osl.uniparthenope.it/mailman/listinfo/gvirtus-devel"
| #define PACKAGE_URL ""
| #define PACKAGE "gvirtus-opencl"
| #define VERSION "01-beta2"
| /* end confdefs.h.  */
| #include <ac_nonexistent.h>
configure:7680: result: gcc -E
configure:7700: gcc -E  conftest.c
configure:7700: $? = 0
configure:7714: gcc -E  conftest.c
conftest.c:11:28: fatal error: ac_nonexistent.h: No such file or directory
compilation terminated.
configure:7714: $? = 1
configure: failed program was:
| /* confdefs.h */
| #define PACKAGE_NAME "gvirtus-opencl"
| #define PACKAGE_TARNAME "gvirtus-opencl"
| #define PACKAGE_VERSION "01-beta2"
| #define PACKAGE_STRING "gvirtus-opencl 01-beta2"
| #define PACKAGE_BUGREPORT "http://osl.uniparthenope.it/mailman/listinfo/gvirtus-devel"
| #define PACKAGE_URL ""
| #define PACKAGE "gvirtus-opencl"
| #define VERSION "01-beta2"
| /* end confdefs.h.  */
| #include <ac_nonexistent.h>
configure:7743: checking for ANSI C header files
configure:7763: gcc -c -g -O2  conftest.c >&5
configure:7763: $? = 0
configure:7836: gcc -o conftest -g -O2   conftest.c  >&5
configure:7836: $? = 0
configure:7836: ./conftest
configure:7836: $? = 0
configure:7847: result: yes
configure:7860: checking for sys/types.h
configure:7860: gcc -c -g -O2  conftest.c >&5
configure:7860: $? = 0
configure:7860: result: yes
configure:7860: checking for sys/stat.h
configure:7860: gcc -c -g -O2  conftest.c >&5
configure:7860: $? = 0
configure:7860: result: yes
configure:7860: checking for stdlib.h
configure:7860: gcc -c -g -O2  conftest.c >&5
configure:7860: $? = 0
configure:7860: result: yes
configure:7860: checking for string.h
configure:7860: gcc -c -g -O2  conftest.c >&5
configure:7860: $? = 0
configure:7860: result: yes
configure:7860: checking for memory.h
configure:7860: gcc -c -g -O2  conftest.c >&5
configure:7860: $? = 0
configure:7860: result: yes
configure:7860: checking for strings.h
configure:7860: gcc -c -g -O2  conftest.c >&5
configure:7860: $? = 0
configure:7860: result: yes
configure:7860: checking for inttypes.h
configure:7860: gcc -c -g -O2  conftest.c >&5
configure:7860: $? = 0
configure:7860: result: yes
configure:7860: checking for stdint.h
configure:7860: gcc -c -g -O2  conftest.c >&5
configure:7860: $? = 0
configure:7860: result: yes
configure:7860: checking for unistd.h
configure:7860: gcc -c -g -O2  conftest.c >&5
configure:7860: $? = 0
configure:7860: result: yes
configure:7874: checking for dlfcn.h
configure:7874: gcc -c -g -O2  conftest.c >&5
configure:7874: $? = 0
configure:7874: result: yes
configure:8091: checking for objdir
configure:8106: result: .libs
configure:8373: checking if gcc supports -fno-rtti -fno-exceptions
configure:8391: gcc -c -g -O2  -fno-rtti -fno-exceptions conftest.c >&5
cc1: warning: command line option '-fno-rtti' is valid for C++/ObjC++ but not for C [enabled by default]
configure:8395: $? = 0
configure:8408: result: no
configure:8735: checking for gcc option to produce PIC
configure:8742: result: -fPIC -DPIC
configure:8750: checking if gcc PIC flag -fPIC -DPIC works
configure:8768: gcc -c -g -O2  -fPIC -DPIC -DPIC conftest.c >&5
configure:8772: $? = 0
configure:8785: result: yes
configure:8814: checking if gcc static flag -static works
configure:8842: result: yes
configure:8857: checking if gcc supports -c -o file.o
configure:8878: gcc -c -g -O2  -o out/conftest2.o conftest.c >&5
configure:8882: $? = 0
configure:8904: result: yes
configure:8912: checking if gcc supports -c -o file.o
configure:8959: result: yes
configure:8992: checking whether the gcc linker (/usr/bin/ld -m elf_x86_64) supports shared libraries
configure:10149: result: yes
configure:10186: checking whether -lc should be explicitly linked in
configure:10194: gcc -c -g -O2  conftest.c >&5
configure:10197: $? = 0
configure:10212: gcc -shared  -fPIC -DPIC conftest.o  -v -Wl,-soname -Wl,conftest -o conftest 2\>\&1 \| /bin/grep  -lc  \>/dev/null 2\>\&1
configure:10215: $? = 0
configure:10229: result: no
configure:10389: checking dynamic linker characteristics
configure:10900: gcc -o conftest -g -O2   -Wl,-rpath -Wl,/foo conftest.c  >&5
configure:10900: $? = 0
configure:11134: result: GNU/Linux ld.so
configure:11241: checking how to hardcode library paths into programs
configure:11266: result: immediate
configure:11806: checking whether stripping libraries is possible
configure:11811: result: yes
configure:11846: checking if libtool supports shared libraries
configure:11848: result: yes
configure:11851: checking whether to build shared libraries
configure:11872: result: yes
configure:11875: checking whether to build static libraries
configure:11879: result: yes
configure:11902: checking how to run the C++ preprocessor
configure:11929: g++ -E  conftest.cpp
configure:11929: $? = 0
configure:11943: g++ -E  conftest.cpp
conftest.cpp:23:28: fatal error: ac_nonexistent.h: No such file or directory
compilation terminated.
configure:11943: $? = 1
configure: failed program was:
| /* confdefs.h */
| #define PACKAGE_NAME "gvirtus-opencl"
| #define PACKAGE_TARNAME "gvirtus-opencl"
| #define PACKAGE_VERSION "01-beta2"
| #define PACKAGE_STRING "gvirtus-opencl 01-beta2"
| #define PACKAGE_BUGREPORT "http://osl.uniparthenope.it/mailman/listinfo/gvirtus-devel"
| #define PACKAGE_URL ""
| #define PACKAGE "gvirtus-opencl"
| #define VERSION "01-beta2"
| #define STDC_HEADERS 1
| #define HAVE_SYS_TYPES_H 1
| #define HAVE_SYS_STAT_H 1
| #define HAVE_STDLIB_H 1
| #define HAVE_STRING_H 1
| #define HAVE_MEMORY_H 1
| #define HAVE_STRINGS_H 1
| #define HAVE_INTTYPES_H 1
| #define HAVE_STDINT_H 1
| #define HAVE_UNISTD_H 1
| #define HAVE_DLFCN_H 1
| #define LT_OBJDIR ".libs/"
| /* end confdefs.h.  */
| #include <ac_nonexistent.h>
configure:11968: result: g++ -E
configure:11988: g++ -E  conftest.cpp
configure:11988: $? = 0
configure:12002: g++ -E  conftest.cpp
conftest.cpp:23:28: fatal error: ac_nonexistent.h: No such file or directory
compilation terminated.
configure:12002: $? = 1
configure: failed program was:
| /* confdefs.h */
| #define PACKAGE_NAME "gvirtus-opencl"
| #define PACKAGE_TARNAME "gvirtus-opencl"
| #define PACKAGE_VERSION "01-beta2"
| #define PACKAGE_STRING "gvirtus-opencl 01-beta2"
| #define PACKAGE_BUGREPORT "http://osl.uniparthenope.it/mailman/listinfo/gvirtus-devel"
| #define PACKAGE_URL ""
| #define PACKAGE "gvirtus-opencl"
| #define VERSION "01-beta2"
| #define STDC_HEADERS 1
| #define HAVE_SYS_TYPES_H 1
| #define HAVE_SYS_STAT_H 1
| #define HAVE_STDLIB_H 1
| #define HAVE_STRING_H 1
| #define HAVE_MEMORY_H 1
| #define HAVE_STRINGS_H 1
| #define HAVE_INTTYPES_H 1
| #define HAVE_STDINT_H 1
| #define HAVE_UNISTD_H 1
| #define HAVE_DLFCN_H 1
| #define LT_OBJDIR ".libs/"
| /* end confdefs.h.  */
| #include <ac_nonexistent.h>
configure:12171: checking for ld used by g++
configure:12238: result: /usr/bin/ld -m elf_x86_64
configure:12245: checking if the linker (/usr/bin/ld -m elf_x86_64) is GNU ld
configure:12260: result: yes
configure:12315: checking whether the g++ linker (/usr/bin/ld -m elf_x86_64) supports shared libraries
configure:13320: result: yes
configure:13356: g++ -c -g -O2  conftest.cpp >&5
configure:13359: $? = 0
configure:13879: checking for g++ option to produce PIC
configure:13886: result: -fPIC -DPIC
configure:13894: checking if g++ PIC flag -fPIC -DPIC works
configure:13912: g++ -c -g -O2  -fPIC -DPIC -DPIC conftest.cpp >&5
configure:13916: $? = 0
configure:13929: result: yes
configure:13952: checking if g++ static flag -static works
configure:13980: result: yes
configure:13992: checking if g++ supports -c -o file.o
configure:14013: g++ -c -g -O2  -o out/conftest2.o conftest.cpp >&5
configure:14017: $? = 0
configure:14039: result: yes
configure:14044: checking if g++ supports -c -o file.o
configure:14091: result: yes
configure:14121: checking whether the g++ linker (/usr/bin/ld -m elf_x86_64) supports shared libraries
configure:14160: result: yes
configure:14301: checking dynamic linker characteristics
configure:14980: result: GNU/Linux ld.so
configure:15033: checking how to hardcode library paths into programs
configure:15058: result: immediate
configure:15205: checking arpa/inet.h usability
configure:15205: gcc -c -g -O2   -isystem /usr/local/cuda/include/CL/  -I/home/rapid/opt/include/gvirtus conftest.c >&5
configure:15205: $? = 0
configure:15205: result: yes
configure:15205: checking arpa/inet.h presence
configure:15205: gcc -E   -isystem /usr/local/cuda/include/CL/  -I/home/rapid/opt/include/gvirtus conftest.c
configure:15205: $? = 0
configure:15205: result: yes
configure:15205: checking for arpa/inet.h
configure:15205: result: yes
configure:15205: checking fcntl.h usability
configure:15205: gcc -c -g -O2   -isystem /usr/local/cuda/include/CL/  -I/home/rapid/opt/include/gvirtus conftest.c >&5
configure:15205: $? = 0
configure:15205: result: yes
configure:15205: checking fcntl.h presence
configure:15205: gcc -E   -isystem /usr/local/cuda/include/CL/  -I/home/rapid/opt/include/gvirtus conftest.c
configure:15205: $? = 0
configure:15205: result: yes
configure:15205: checking for fcntl.h
configure:15205: result: yes
configure:15205: checking netdb.h usability
configure:15205: gcc -c -g -O2   -isystem /usr/local/cuda/include/CL/  -I/home/rapid/opt/include/gvirtus conftest.c >&5
configure:15205: $? = 0
configure:15205: result: yes
configure:15205: checking netdb.h presence
configure:15205: gcc -E   -isystem /usr/local/cuda/include/CL/  -I/home/rapid/opt/include/gvirtus conftest.c
configure:15205: $? = 0
configure:15205: result: yes
configure:15205: checking for netdb.h
configure:15205: result: yes
configure:15205: checking netinet/in.h usability
configure:15205: gcc -c -g -O2   -isystem /usr/local/cuda/include/CL/  -I/home/rapid/opt/include/gvirtus conftest.c >&5
configure:15205: $? = 0
configure:15205: result: yes
configure:15205: checking netinet/in.h presence
configure:15205: gcc -E   -isystem /usr/local/cuda/include/CL/  -I/home/rapid/opt/include/gvirtus conftest.c
configure:15205: $? = 0
configure:15205: result: yes
configure:15205: checking for netinet/in.h
configure:15205: result: yes
configure:15205: checking for stdint.h
configure:15205: result: yes
configure:15205: checking for stdlib.h
configure:15205: result: yes
configure:15205: checking sys/socket.h usability
configure:15205: gcc -c -g -O2   -isystem /usr/local/cuda/include/CL/  -I/home/rapid/opt/include/gvirtus conftest.c >&5
configure:15205: $? = 0
configure:15205: result: yes
configure:15205: checking sys/socket.h presence
configure:15205: gcc -E   -isystem /usr/local/cuda/include/CL/  -I/home/rapid/opt/include/gvirtus conftest.c
configure:15205: $? = 0
configure:15205: result: yes
configure:15205: checking for sys/socket.h
configure:15205: result: yes
configure:15205: checking for unistd.h
configure:15205: result: yes
configure:15205: checking vmci/vmci_sockets.h usability
configure:15205: gcc -c -g -O2   -isystem /usr/local/cuda/include/CL/  -I/home/rapid/opt/include/gvirtus conftest.c >&5
conftest.c:64:31: fatal error: vmci/vmci_sockets.h: No such file or directory
compilation terminated.
configure:15205: $? = 1
configure: failed program was:
| /* confdefs.h */
| #define PACKAGE_NAME "gvirtus-opencl"
| #define PACKAGE_TARNAME "gvirtus-opencl"
| #define PACKAGE_VERSION "01-beta2"
| #define PACKAGE_STRING "gvirtus-opencl 01-beta2"
| #define PACKAGE_BUGREPORT "http://osl.uniparthenope.it/mailman/listinfo/gvirtus-devel"
| #define PACKAGE_URL ""
| #define PACKAGE "gvirtus-opencl"
| #define VERSION "01-beta2"
| #define STDC_HEADERS 1
| #define HAVE_SYS_TYPES_H 1
| #define HAVE_SYS_STAT_H 1
| #define HAVE_STDLIB_H 1
| #define HAVE_STRING_H 1
| #define HAVE_MEMORY_H 1
| #define HAVE_STRINGS_H 1
| #define HAVE_INTTYPES_H 1
| #define HAVE_STDINT_H 1
| #define HAVE_UNISTD_H 1
| #define HAVE_DLFCN_H 1
| #define LT_OBJDIR ".libs/"
| #define HAVE_ARPA_INET_H 1
| #define HAVE_FCNTL_H 1
| #define HAVE_NETDB_H 1
| #define HAVE_NETINET_IN_H 1
| #define HAVE_STDINT_H 1
| #define HAVE_STDLIB_H 1
| #define HAVE_SYS_SOCKET_H 1
| #define HAVE_UNISTD_H 1
| /* end confdefs.h.  */
| #include <stdio.h>
| #ifdef HAVE_SYS_TYPES_H
| # include <sys/types.h>
| #endif
| #ifdef HAVE_SYS_STAT_H
| # include <sys/stat.h>
| #endif
| #ifdef STDC_HEADERS
| # include <stdlib.h>
| # include <stddef.h>
| #else
| # ifdef HAVE_STDLIB_H
| #  include <stdlib.h>
| # endif
| #endif
| #ifdef HAVE_STRING_H
| # if !defined STDC_HEADERS && defined HAVE_MEMORY_H
| #  include <memory.h>
| # endif
| # include <string.h>
| #endif
| #ifdef HAVE_STRINGS_H
| # include <strings.h>
| #endif
| #ifdef HAVE_INTTYPES_H
| # include <inttypes.h>
| #endif
| #ifdef HAVE_STDINT_H
| # include <stdint.h>
| #endif
| #ifdef HAVE_UNISTD_H
| # include <unistd.h>
| #endif
| #include <vmci/vmci_sockets.h>
configure:15205: result: no
configure:15205: checking vmci/vmci_sockets.h presence
configure:15205: gcc -E   -isystem /usr/local/cuda/include/CL/  -I/home/rapid/opt/include/gvirtus conftest.c
conftest.c:31:31: fatal error: vmci/vmci_sockets.h: No such file or directory
compilation terminated.
configure:15205: $? = 1
configure: failed program was:
| /* confdefs.h */
| #define PACKAGE_NAME "gvirtus-opencl"
| #define PACKAGE_TARNAME "gvirtus-opencl"
| #define PACKAGE_VERSION "01-beta2"
| #define PACKAGE_STRING "gvirtus-opencl 01-beta2"
| #define PACKAGE_BUGREPORT "http://osl.uniparthenope.it/mailman/listinfo/gvirtus-devel"
| #define PACKAGE_URL ""
| #define PACKAGE "gvirtus-opencl"
| #define VERSION "01-beta2"
| #define STDC_HEADERS 1
| #define HAVE_SYS_TYPES_H 1
| #define HAVE_SYS_STAT_H 1
| #define HAVE_STDLIB_H 1
| #define HAVE_STRING_H 1
| #define HAVE_MEMORY_H 1
| #define HAVE_STRINGS_H 1
| #define HAVE_INTTYPES_H 1
| #define HAVE_STDINT_H 1
| #define HAVE_UNISTD_H 1
| #define HAVE_DLFCN_H 1
| #define LT_OBJDIR ".libs/"
| #define HAVE_ARPA_INET_H 1
| #define HAVE_FCNTL_H 1
| #define HAVE_NETDB_H 1
| #define HAVE_NETINET_IN_H 1
| #define HAVE_STDINT_H 1
| #define HAVE_STDLIB_H 1
| #define HAVE_SYS_SOCKET_H 1
| #define HAVE_UNISTD_H 1
| /* end confdefs.h.  */
| #include <vmci/vmci_sockets.h>
configure:15205: result: no
configure:15205: checking for vmci/vmci_sockets.h
configure:15205: result: no
configure:15217: checking for stdbool.h that conforms to C99
configure:15284: gcc -c -g -O2   -isystem /usr/local/cuda/include/CL/  -I/home/rapid/opt/include/gvirtus conftest.c >&5
configure:15284: $? = 0
configure:15291: result: yes
configure:15293: checking for _Bool
configure:15293: gcc -c -g -O2   -isystem /usr/local/cuda/include/CL/  -I/home/rapid/opt/include/gvirtus conftest.c >&5
configure:15293: $? = 0
configure:15293: gcc -c -g -O2   -isystem /usr/local/cuda/include/CL/  -I/home/rapid/opt/include/gvirtus conftest.c >&5
conftest.c: In function 'main':
conftest.c:67:20: error: expected expression before ')' token
configure:15293: $? = 1
configure: failed program was:
| /* confdefs.h */
| #define PACKAGE_NAME "gvirtus-opencl"
| #define PACKAGE_TARNAME "gvirtus-opencl"
| #define PACKAGE_VERSION "01-beta2"
| #define PACKAGE_STRING "gvirtus-opencl 01-beta2"
| #define PACKAGE_BUGREPORT "http://osl.uniparthenope.it/mailman/listinfo/gvirtus-devel"
| #define PACKAGE_URL ""
| #define PACKAGE "gvirtus-opencl"
| #define VERSION "01-beta2"
| #define STDC_HEADERS 1
| #define HAVE_SYS_TYPES_H 1
| #define HAVE_SYS_STAT_H 1
| #define HAVE_STDLIB_H 1
| #define HAVE_STRING_H 1
| #define HAVE_MEMORY_H 1
| #define HAVE_STRINGS_H 1
| #define HAVE_INTTYPES_H 1
| #define HAVE_STDINT_H 1
| #define HAVE_UNISTD_H 1
| #define HAVE_DLFCN_H 1
| #define LT_OBJDIR ".libs/"
| #define HAVE_ARPA_INET_H 1
| #define HAVE_FCNTL_H 1
| #define HAVE_NETDB_H 1
| #define HAVE_NETINET_IN_H 1
| #define HAVE_STDINT_H 1
| #define HAVE_STDLIB_H 1
| #define HAVE_SYS_SOCKET_H 1
| #define HAVE_UNISTD_H 1
| /* end confdefs.h.  */
| #include <stdio.h>
| #ifdef HAVE_SYS_TYPES_H
| # include <sys/types.h>
| #endif
| #ifdef HAVE_SYS_STAT_H
| # include <sys/stat.h>
| #endif
| #ifdef STDC_HEADERS
| # include <stdlib.h>
| # include <stddef.h>
| #else
| # ifdef HAVE_STDLIB_H
| #  include <stdlib.h>
| # endif
| #endif
| #ifdef HAVE_STRING_H
| # if !defined STDC_HEADERS && defined HAVE_MEMORY_H
| #  include <memory.h>
| # endif
| # include <string.h>
| #endif
| #ifdef HAVE_STRINGS_H
| # include <strings.h>
| #endif
| #ifdef HAVE_INTTYPES_H
| # include <inttypes.h>
| #endif
| #ifdef HAVE_STDINT_H
| # include <stdint.h>
| #endif
| #ifdef HAVE_UNISTD_H
| # include <unistd.h>
| #endif
| int
| main ()
| {
| if (sizeof ((_Bool)))
| 	    return 0;
|   ;
|   return 0;
| }
configure:15293: result: yes
configure:15309: checking for inline
configure:15325: gcc -c -g -O2   -isystem /usr/local/cuda/include/CL/  -I/home/rapid/opt/include/gvirtus conftest.c >&5
configure:15325: $? = 0
configure:15333: result: inline
configure:15351: checking for pid_t
configure:15351: gcc -c -g -O2   -isystem /usr/local/cuda/include/CL/  -I/home/rapid/opt/include/gvirtus conftest.c >&5
configure:15351: $? = 0
configure:15351: gcc -c -g -O2   -isystem /usr/local/cuda/include/CL/  -I/home/rapid/opt/include/gvirtus conftest.c >&5
conftest.c: In function 'main':
conftest.c:69:20: error: expected expression before ')' token
configure:15351: $? = 1
configure: failed program was:
| /* confdefs.h */
| #define PACKAGE_NAME "gvirtus-opencl"
| #define PACKAGE_TARNAME "gvirtus-opencl"
| #define PACKAGE_VERSION "01-beta2"
| #define PACKAGE_STRING "gvirtus-opencl 01-beta2"
| #define PACKAGE_BUGREPORT "http://osl.uniparthenope.it/mailman/listinfo/gvirtus-devel"
| #define PACKAGE_URL ""
| #define PACKAGE "gvirtus-opencl"
| #define VERSION "01-beta2"
| #define STDC_HEADERS 1
| #define HAVE_SYS_TYPES_H 1
| #define HAVE_SYS_STAT_H 1
| #define HAVE_STDLIB_H 1
| #define HAVE_STRING_H 1
| #define HAVE_MEMORY_H 1
| #define HAVE_STRINGS_H 1
| #define HAVE_INTTYPES_H 1
| #define HAVE_STDINT_H 1
| #define HAVE_UNISTD_H 1
| #define HAVE_DLFCN_H 1
| #define LT_OBJDIR ".libs/"
| #define HAVE_ARPA_INET_H 1
| #define HAVE_FCNTL_H 1
| #define HAVE_NETDB_H 1
| #define HAVE_NETINET_IN_H 1
| #define HAVE_STDINT_H 1
| #define HAVE_STDLIB_H 1
| #define HAVE_SYS_SOCKET_H 1
| #define HAVE_UNISTD_H 1
| #define HAVE__BOOL 1
| #define HAVE_STDBOOL_H 1
| /* end confdefs.h.  */
| #include <stdio.h>
| #ifdef HAVE_SYS_TYPES_H
| # include <sys/types.h>
| #endif
| #ifdef HAVE_SYS_STAT_H
| # include <sys/stat.h>
| #endif
| #ifdef STDC_HEADERS
| # include <stdlib.h>
| # include <stddef.h>
| #else
| # ifdef HAVE_STDLIB_H
| #  include <stdlib.h>
| # endif
| #endif
| #ifdef HAVE_STRING_H
| # if !defined STDC_HEADERS && defined HAVE_MEMORY_H
| #  include <memory.h>
| # endif
| # include <string.h>
| #endif
| #ifdef HAVE_STRINGS_H
| # include <strings.h>
| #endif
| #ifdef HAVE_INTTYPES_H
| # include <inttypes.h>
| #endif
| #ifdef HAVE_STDINT_H
| # include <stdint.h>
| #endif
| #ifdef HAVE_UNISTD_H
| # include <unistd.h>
| #endif
| int
| main ()
| {
| if (sizeof ((pid_t)))
| 	    return 0;
|   ;
|   return 0;
| }
configure:15351: result: yes
configure:15362: checking for size_t
configure:15362: gcc -c -g -O2   -isystem /usr/local/cuda/include/CL/  -I/home/rapid/opt/include/gvirtus conftest.c >&5
configure:15362: $? = 0
configure:15362: gcc -c -g -O2   -isystem /usr/local/cuda/include/CL/  -I/home/rapid/opt/include/gvirtus conftest.c >&5
conftest.c: In function 'main':
conftest.c:69:21: error: expected expression before ')' token
configure:15362: $? = 1
configure: failed program was:
| /* confdefs.h */
| #define PACKAGE_NAME "gvirtus-opencl"
| #define PACKAGE_TARNAME "gvirtus-opencl"
| #define PACKAGE_VERSION "01-beta2"
| #define PACKAGE_STRING "gvirtus-opencl 01-beta2"
| #define PACKAGE_BUGREPORT "http://osl.uniparthenope.it/mailman/listinfo/gvirtus-devel"
| #define PACKAGE_URL ""
| #define PACKAGE "gvirtus-opencl"
| #define VERSION "01-beta2"
| #define STDC_HEADERS 1
| #define HAVE_SYS_TYPES_H 1
| #define HAVE_SYS_STAT_H 1
| #define HAVE_STDLIB_H 1
| #define HAVE_STRING_H 1
| #define HAVE_MEMORY_H 1
| #define HAVE_STRINGS_H 1
| #define HAVE_INTTYPES_H 1
| #define HAVE_STDINT_H 1
| #define HAVE_UNISTD_H 1
| #define HAVE_DLFCN_H 1
| #define LT_OBJDIR ".libs/"
| #define HAVE_ARPA_INET_H 1
| #define HAVE_FCNTL_H 1
| #define HAVE_NETDB_H 1
| #define HAVE_NETINET_IN_H 1
| #define HAVE_STDINT_H 1
| #define HAVE_STDLIB_H 1
| #define HAVE_SYS_SOCKET_H 1
| #define HAVE_UNISTD_H 1
| #define HAVE__BOOL 1
| #define HAVE_STDBOOL_H 1
| /* end confdefs.h.  */
| #include <stdio.h>
| #ifdef HAVE_SYS_TYPES_H
| # include <sys/types.h>
| #endif
| #ifdef HAVE_SYS_STAT_H
| # include <sys/stat.h>
| #endif
| #ifdef STDC_HEADERS
| # include <stdlib.h>
| # include <stddef.h>
| #else
| # ifdef HAVE_STDLIB_H
| #  include <stdlib.h>
| # endif
| #endif
| #ifdef HAVE_STRING_H
| # if !defined STDC_HEADERS && defined HAVE_MEMORY_H
| #  include <memory.h>
| # endif
| # include <string.h>
| #endif
| #ifdef HAVE_STRINGS_H
| # include <strings.h>
| #endif
| #ifdef HAVE_INTTYPES_H
| # include <inttypes.h>
| #endif
| #ifdef HAVE_STDINT_H
| # include <stdint.h>
| #endif
| #ifdef HAVE_UNISTD_H
| # include <unistd.h>
| #endif
| int
| main ()
| {
| if (sizeof ((size_t)))
| 	    return 0;
|   ;
|   return 0;
| }
configure:15362: result: yes
configure:15373: checking for uint32_t
configure:15373: gcc -c -g -O2   -isystem /usr/local/cuda/include/CL/  -I/home/rapid/opt/include/gvirtus conftest.c >&5
configure:15373: $? = 0
configure:15373: result: yes
configure:15391: checking vfork.h usability
configure:15391: gcc -c -g -O2   -isystem /usr/local/cuda/include/CL/  -I/home/rapid/opt/include/gvirtus conftest.c >&5
conftest.c:66:19: fatal error: vfork.h: No such file or directory
compilation terminated.
configure:15391: $? = 1
configure: failed program was:
| /* confdefs.h */
| #define PACKAGE_NAME "gvirtus-opencl"
| #define PACKAGE_TARNAME "gvirtus-opencl"
| #define PACKAGE_VERSION "01-beta2"
| #define PACKAGE_STRING "gvirtus-opencl 01-beta2"
| #define PACKAGE_BUGREPORT "http://osl.uniparthenope.it/mailman/listinfo/gvirtus-devel"
| #define PACKAGE_URL ""
| #define PACKAGE "gvirtus-opencl"
| #define VERSION "01-beta2"
| #define STDC_HEADERS 1
| #define HAVE_SYS_TYPES_H 1
| #define HAVE_SYS_STAT_H 1
| #define HAVE_STDLIB_H 1
| #define HAVE_STRING_H 1
| #define HAVE_MEMORY_H 1
| #define HAVE_STRINGS_H 1
| #define HAVE_INTTYPES_H 1
| #define HAVE_STDINT_H 1
| #define HAVE_UNISTD_H 1
| #define HAVE_DLFCN_H 1
| #define LT_OBJDIR ".libs/"
| #define HAVE_ARPA_INET_H 1
| #define HAVE_FCNTL_H 1
| #define HAVE_NETDB_H 1
| #define HAVE_NETINET_IN_H 1
| #define HAVE_STDINT_H 1
| #define HAVE_STDLIB_H 1
| #define HAVE_SYS_SOCKET_H 1
| #define HAVE_UNISTD_H 1
| #define HAVE__BOOL 1
| #define HAVE_STDBOOL_H 1
| /* end confdefs.h.  */
| #include <stdio.h>
| #ifdef HAVE_SYS_TYPES_H
| # include <sys/types.h>
| #endif
| #ifdef HAVE_SYS_STAT_H
| # include <sys/stat.h>
| #endif
| #ifdef STDC_HEADERS
| # include <stdlib.h>
| # include <stddef.h>
| #else
| # ifdef HAVE_STDLIB_H
| #  include <stdlib.h>
| # endif
| #endif
| #ifdef HAVE_STRING_H
| # if !defined STDC_HEADERS && defined HAVE_MEMORY_H
| #  include <memory.h>
| # endif
| # include <string.h>
| #endif
| #ifdef HAVE_STRINGS_H
| # include <strings.h>
| #endif
| #ifdef HAVE_INTTYPES_H
| # include <inttypes.h>
| #endif
| #ifdef HAVE_STDINT_H
| # include <stdint.h>
| #endif
| #ifdef HAVE_UNISTD_H
| # include <unistd.h>
| #endif
| #include <vfork.h>
configure:15391: result: no
configure:15391: checking vfork.h presence
configure:15391: gcc -E   -isystem /usr/local/cuda/include/CL/  -I/home/rapid/opt/include/gvirtus conftest.c
conftest.c:33:19: fatal error: vfork.h: No such file or directory
compilation terminated.
configure:15391: $? = 1
configure: failed program was:
| /* confdefs.h */
| #define PACKAGE_NAME "gvirtus-opencl"
| #define PACKAGE_TARNAME "gvirtus-opencl"
| #define PACKAGE_VERSION "01-beta2"
| #define PACKAGE_STRING "gvirtus-opencl 01-beta2"
| #define PACKAGE_BUGREPORT "http://osl.uniparthenope.it/mailman/listinfo/gvirtus-devel"
| #define PACKAGE_URL ""
| #define PACKAGE "gvirtus-opencl"
| #define VERSION "01-beta2"
| #define STDC_HEADERS 1
| #define HAVE_SYS_TYPES_H 1
| #define HAVE_SYS_STAT_H 1
| #define HAVE_STDLIB_H 1
| #define HAVE_STRING_H 1
| #define HAVE_MEMORY_H 1
| #define HAVE_STRINGS_H 1
| #define HAVE_INTTYPES_H 1
| #define HAVE_STDINT_H 1
| #define HAVE_UNISTD_H 1
| #define HAVE_DLFCN_H 1
| #define LT_OBJDIR ".libs/"
| #define HAVE_ARPA_INET_H 1
| #define HAVE_FCNTL_H 1
| #define HAVE_NETDB_H 1
| #define HAVE_NETINET_IN_H 1
| #define HAVE_STDINT_H 1
| #define HAVE_STDLIB_H 1
| #define HAVE_SYS_SOCKET_H 1
| #define HAVE_UNISTD_H 1
| #define HAVE__BOOL 1
| #define HAVE_STDBOOL_H 1
| /* end confdefs.h.  */
| #include <vfork.h>
configure:15391: result: no
configure:15391: checking for vfork.h
configure:15391: result: no
configure:15404: checking for fork
configure:15404: gcc -o conftest -g -O2   -isystem /usr/local/cuda/include/CL/  -I/home/rapid/opt/include/gvirtus   -L/usr/local/cuda/lib64  -L/home/rapid/opt/lib conftest.c  >&5
conftest.c:56:6: warning: conflicting types for built-in function 'fork' [enabled by default]
configure:15404: $? = 0
configure:15404: result: yes
configure:15404: checking for vfork
configure:15404: gcc -o conftest -g -O2   -isystem /usr/local/cuda/include/CL/  -I/home/rapid/opt/include/gvirtus   -L/usr/local/cuda/lib64  -L/home/rapid/opt/lib conftest.c  >&5
configure:15404: $? = 0
configure:15404: result: yes
configure:15414: checking for working fork
configure:15436: gcc -o conftest -g -O2   -isystem /usr/local/cuda/include/CL/  -I/home/rapid/opt/include/gvirtus   -L/usr/local/cuda/lib64  -L/home/rapid/opt/lib conftest.c  >&5
configure:15436: $? = 0
configure:15436: ./conftest
configure:15436: $? = 0
configure:15446: result: yes
configure:15467: checking for working vfork
configure:15577: result: yes
configure:15604: checking for stdlib.h
configure:15604: result: yes
configure:15614: checking for GNU libc compatible malloc
configure:15638: gcc -o conftest -g -O2   -isystem /usr/local/cuda/include/CL/  -I/home/rapid/opt/include/gvirtus   -L/usr/local/cuda/lib64  -L/home/rapid/opt/lib conftest.c  >&5
configure:15638: $? = 0
configure:15638: ./conftest
configure:15638: $? = 0
configure:15648: result: yes
configure:15671: checking for stdlib.h
configure:15671: result: yes
configure:15681: checking for GNU libc compatible realloc
configure:15705: gcc -o conftest -g -O2   -isystem /usr/local/cuda/include/CL/  -I/home/rapid/opt/include/gvirtus   -L/usr/local/cuda/lib64  -L/home/rapid/opt/lib conftest.c  >&5
configure:15705: $? = 0
configure:15705: ./conftest
configure:15705: $? = 0
configure:15715: result: yes
configure:15739: checking for gethostbyname
configure:15739: gcc -o conftest -g -O2   -isystem /usr/local/cuda/include/CL/  -I/home/rapid/opt/include/gvirtus   -L/usr/local/cuda/lib64  -L/home/rapid/opt/lib conftest.c  >&5
configure:15739: $? = 0
configure:15739: result: yes
configure:15739: checking for memmove
configure:15739: gcc -o conftest -g -O2   -isystem /usr/local/cuda/include/CL/  -I/home/rapid/opt/include/gvirtus   -L/usr/local/cuda/lib64  -L/home/rapid/opt/lib conftest.c  >&5
conftest.c:65:6: warning: conflicting types for built-in function 'memmove' [enabled by default]
configure:15739: $? = 0
configure:15739: result: yes
configure:15739: checking for memset
configure:15739: gcc -o conftest -g -O2   -isystem /usr/local/cuda/include/CL/  -I/home/rapid/opt/include/gvirtus   -L/usr/local/cuda/lib64  -L/home/rapid/opt/lib conftest.c  >&5
conftest.c:66:6: warning: conflicting types for built-in function 'memset' [enabled by default]
configure:15739: $? = 0
configure:15739: result: yes
configure:15739: checking for socket
configure:15739: gcc -o conftest -g -O2   -isystem /usr/local/cuda/include/CL/  -I/home/rapid/opt/include/gvirtus   -L/usr/local/cuda/lib64  -L/home/rapid/opt/lib conftest.c  >&5
configure:15739: $? = 0
configure:15739: result: yes
configure:15739: checking for strcasecmp
configure:15739: gcc -o conftest -g -O2   -isystem /usr/local/cuda/include/CL/  -I/home/rapid/opt/include/gvirtus   -L/usr/local/cuda/lib64  -L/home/rapid/opt/lib conftest.c  >&5
conftest.c:68:6: warning: conflicting types for built-in function 'strcasecmp' [enabled by default]
configure:15739: $? = 0
configure:15739: result: yes
configure:15739: checking for strdup
configure:15739: gcc -o conftest -g -O2   -isystem /usr/local/cuda/include/CL/  -I/home/rapid/opt/include/gvirtus   -L/usr/local/cuda/lib64  -L/home/rapid/opt/lib conftest.c  >&5
conftest.c:69:6: warning: conflicting types for built-in function 'strdup' [enabled by default]
configure:15739: $? = 0
configure:15739: result: yes
configure:15739: checking for strtoul
configure:15739: gcc -o conftest -g -O2   -isystem /usr/local/cuda/include/CL/  -I/home/rapid/opt/include/gvirtus   -L/usr/local/cuda/lib64  -L/home/rapid/opt/lib conftest.c  >&5
configure:15739: $? = 0
configure:15739: result: yes
configure:15749: checking opencl.h usability
configure:15749: gcc -c -g -O2   -isystem /usr/local/cuda/include/CL/  -I/home/rapid/opt/include/gvirtus conftest.c >&5
configure:15749: $? = 0
configure:15749: result: yes
configure:15749: checking opencl.h presence
configure:15749: gcc -E   -isystem /usr/local/cuda/include/CL/  -I/home/rapid/opt/include/gvirtus conftest.c
configure:15749: $? = 0
configure:15749: result: yes
configure:15749: checking for opencl.h
configure:15749: result: yes
configure:15914: creating ./config.status

## ---------------- ##
## Cache variables. ##
## ---------------- ##

ac_cv_build=x86_64-unknown-linux-gnu
ac_cv_c_compiler_gnu=yes
ac_cv_c_inline=inline
ac_cv_c_uint32_t=yes
ac_cv_cxx_compiler_gnu=yes
ac_cv_env_CCC_set=
ac_cv_env_CCC_value=
ac_cv_env_CC_set=
ac_cv_env_CC_value=
ac_cv_env_CFLAGS_set=
ac_cv_env_CFLAGS_value=
ac_cv_env_CPPFLAGS_set=
ac_cv_env_CPPFLAGS_value=
ac_cv_env_CPP_set=
ac_cv_env_CPP_value=
ac_cv_env_CXXCPP_set=
ac_cv_env_CXXCPP_value=
ac_cv_env_CXXFLAGS_set=
ac_cv_env_CXXFLAGS_value=
ac_cv_env_CXX_set=
ac_cv_env_CXX_value=
ac_cv_env_LDFLAGS_set=
ac_cv_env_LDFLAGS_value=
ac_cv_env_LIBS_set=
ac_cv_env_LIBS_value=
ac_cv_env_build_alias_set=
ac_cv_env_build_alias_value=
ac_cv_env_host_alias_set=
ac_cv_env_host_alias_value=
ac_cv_env_target_alias_set=
ac_cv_env_target_alias_value=
ac_cv_func_fork=yes
ac_cv_func_fork_works=yes
ac_cv_func_gethostbyname=yes
ac_cv_func_malloc_0_nonnull=yes
ac_cv_func_memmove=yes
ac_cv_func_memset=yes
ac_cv_func_realloc_0_nonnull=yes
ac_cv_func_socket=yes
ac_cv_func_strcasecmp=yes
ac_cv_func_strdup=yes
ac_cv_func_strtoul=yes
ac_cv_func_vfork=yes
ac_cv_func_vfork_works=yes
ac_cv_header_arpa_inet_h=yes
ac_cv_header_dlfcn_h=yes
ac_cv_header_fcntl_h=yes
ac_cv_header_inttypes_h=yes
ac_cv_header_memory_h=yes
ac_cv_header_netdb_h=yes
ac_cv_header_netinet_in_h=yes
ac_cv_header_opencl_h=yes
ac_cv_header_stdbool_h=yes
ac_cv_header_stdc=yes
ac_cv_header_stdint_h=yes
ac_cv_header_stdlib_h=yes
ac_cv_header_string_h=yes
ac_cv_header_strings_h=yes
ac_cv_header_sys_socket_h=yes
ac_cv_header_sys_stat_h=yes
ac_cv_header_sys_types_h=yes
ac_cv_header_unistd_h=yes
ac_cv_header_vfork_h=no
ac_cv_header_vmci_vmci_sockets_h=no
ac_cv_host=x86_64-unknown-linux-gnu
ac_cv_objext=o
ac_cv_path_EGREP='/bin/grep -E'
ac_cv_path_FGREP='/bin/grep -F'
ac_cv_path_GREP=/bin/grep
ac_cv_path_SED=/bin/sed
ac_cv_path_install='/usr/bin/install -c'
ac_cv_path_mkdir=/bin/mkdir
ac_cv_prog_AWK=mawk
ac_cv_prog_CPP='gcc -E'
ac_cv_prog_CXXCPP='g++ -E'
ac_cv_prog_ac_ct_AR=ar
ac_cv_prog_ac_ct_CC=gcc
ac_cv_prog_ac_ct_CXX=g++
ac_cv_prog_ac_ct_MANIFEST_TOOL=mt
ac_cv_prog_ac_ct_OBJDUMP=objdump
ac_cv_prog_ac_ct_RANLIB=ranlib
ac_cv_prog_ac_ct_STRIP=strip
ac_cv_prog_cc_c89=
ac_cv_prog_cc_g=yes
ac_cv_prog_cxx_g=yes
ac_cv_prog_make_make_set=yes
ac_cv_type__Bool=yes
ac_cv_type_pid_t=yes
ac_cv_type_size_t=yes
am_cv_CC_dependencies_compiler_type=gcc3
am_cv_CXX_dependencies_compiler_type=gcc3
lt_cv_ar_at_file=@
lt_cv_archive_cmds_need_lc=no
lt_cv_deplibs_check_method=pass_all
lt_cv_file_magic_cmd='$MAGIC_CMD'
lt_cv_file_magic_test_file=
lt_cv_ld_reload_flag=-r
lt_cv_nm_interface='BSD nm'
lt_cv_objdir=.libs
lt_cv_path_LD=/usr/bin/ld
lt_cv_path_LDCXX='/usr/bin/ld -m elf_x86_64'
lt_cv_path_NM='/usr/bin/nm -B'
lt_cv_path_mainfest_tool=no
lt_cv_prog_compiler_c_o=yes
lt_cv_prog_compiler_c_o_CXX=yes
lt_cv_prog_compiler_pic='-fPIC -DPIC'
lt_cv_prog_compiler_pic_CXX='-fPIC -DPIC'
lt_cv_prog_compiler_pic_works=yes
lt_cv_prog_compiler_pic_works_CXX=yes
lt_cv_prog_compiler_rtti_exceptions=no
lt_cv_prog_compiler_static_works=yes
lt_cv_prog_compiler_static_works_CXX=yes
lt_cv_prog_gnu_ld=yes
lt_cv_prog_gnu_ldcxx=yes
lt_cv_sharedlib_from_linklib_cmd='printf %s\n'
lt_cv_shlibpath_overrides_runpath=no
lt_cv_sys_global_symbol_pipe='sed -n -e '\''s/^.*[	 ]\([ABCDGIRSTW][ABCDGIRSTW]*\)[	 ][	 ]*\([_A-Za-z][_A-Za-z0-9]*\)$/\1 \2 \2/p'\'' | sed '\''/ __gnu_lto/d'\'''
lt_cv_sys_global_symbol_to_c_name_address='sed -n -e '\''s/^: \([^ ]*\)[ ]*$/  {\"\1\", (void *) 0},/p'\'' -e '\''s/^[ABCDGIRSTW]* \([^ ]*\) \([^ ]*\)$/  {"\2", (void *) \&\2},/p'\'''
lt_cv_sys_global_symbol_to_c_name_address_lib_prefix='sed -n -e '\''s/^: \([^ ]*\)[ ]*$/  {\"\1\", (void *) 0},/p'\'' -e '\''s/^[ABCDGIRSTW]* \([^ ]*\) \(lib[^ ]*\)$/  {"\2", (void *) \&\2},/p'\'' -e '\''s/^[ABCDGIRSTW]* \([^ ]*\) \([^ ]*\)$/  {"lib\2", (void *) \&\2},/p'\'''
lt_cv_sys_global_symbol_to_cdecl='sed -n -e '\''s/^T .* \(.*\)$/extern int \1();/p'\'' -e '\''s/^[ABCDGIRSTW]* .* \(.*\)$/extern char \1;/p'\'''
lt_cv_sys_max_cmd_len=3458764513820540925
lt_cv_to_host_file_cmd=func_convert_file_noop
lt_cv_to_tool_file_cmd=func_convert_file_noop

## ----------------- ##
## Output variables. ##
## ----------------- ##

ACLOCAL='${SHELL} /home/rapid/GVirtuS/gvirtus-devel/gvirtus.opencl/missing --run aclocal-1.11'
AMDEPBACKSLASH='\'
AMDEP_FALSE='#'
AMDEP_TRUE=''
AMTAR='$${TAR-tar}'
AR='ar'
AUTOCONF='${SHELL} /home/rapid/GVirtuS/gvirtus-devel/gvirtus.opencl/missing --run autoconf'
AUTOHEADER='${SHELL} /home/rapid/GVirtuS/gvirtus-devel/gvirtus.opencl/missing --run autoheader'
AUTOMAKE='${SHELL} /home/rapid/GVirtuS/gvirtus-devel/gvirtus.opencl/missing --run automake-1.11'
AWK='mawk'
CC='gcc'
CCDEPMODE='depmode=gcc3'
CFLAGS='-g -O2'
CPP='gcc -E'
CPPFLAGS='-I/home/rapid/GVirtuS/gvirtus-devel/gvirtus.opencl/util   -isystem /usr/local/cuda/include/CL/  -I/home/rapid/opt/include/gvirtus'
CXX='g++'
CXXCPP='g++ -E'
CXXDEPMODE='depmode=gcc3'
CXXFLAGS='-g -O2 -Wall -pedantic -Werror'
CYGPATH_W='echo'
DEFS='-DHAVE_CONFIG_H'
DEPDIR='.deps'
DLLTOOL='false'
DSYMUTIL=''
DUMPBIN=''
ECHO_C=''
ECHO_N='-n'
ECHO_T=''
EGREP='/bin/grep -E'
EXEEXT=''
FGREP='/bin/grep -F'
GREP='/bin/grep'
GVIRTUS_LIB_FLAGS=' -L/home/rapid/opt/lib'
INSTALL_DATA='${INSTALL} -m 644'
INSTALL_PROGRAM='${INSTALL}'
INSTALL_SCRIPT='${INSTALL}'
INSTALL_STRIP_PROGRAM='$(install_sh) -c -s'
LD='/usr/bin/ld -m elf_x86_64'
LDFLAGS='  -L/usr/local/cuda/lib64  -L/home/rapid/opt/lib'
LIBOBJS=''
LIBS=''
LIBTOOL='$(SHELL) $(top_builddir)/libtool'
LIPO=''
LN_S='ln -s'
LTLIBOBJS=''
MAKEINFO='${SHELL} /home/rapid/GVirtuS/gvirtus-devel/gvirtus.opencl/missing --run makeinfo'
MANIFEST_TOOL=':'
MKDIR_P='/bin/mkdir -p'
NM='/usr/bin/nm -B'
NMEDIT=''
OBJDUMP='objdump'
OBJEXT='o'
OPENCL_LIB_FLAGS=' -L/usr/local/cuda/lib64'
OTOOL64=''
OTOOL=''
PACKAGE='gvirtus-opencl'
PACKAGE_BUGREPORT='http://osl.uniparthenope.it/mailman/listinfo/gvirtus-devel'
PACKAGE_NAME='gvirtus-opencl'
PACKAGE_STRING='gvirtus-opencl 01-beta2'
PACKAGE_TARNAME='gvirtus-opencl'
PACKAGE_URL=''
PACKAGE_VERSION='01-beta2'
PATH_SEPARATOR=':'
RANLIB='ranlib'
SED='/bin/sed'
SET_MAKE=''
SHELL='/bin/bash'
STRIP='strip'
VERSION='01-beta2'
ac_ct_AR='ar'
ac_ct_CC='gcc'
ac_ct_CXX='g++'
ac_ct_DUMPBIN=''
am__EXEEXT_FALSE=''
am__EXEEXT_TRUE='#'
am__fastdepCC_FALSE='#'
am__fastdepCC_TRUE=''
am__fastdepCXX_FALSE='#'
am__fastdepCXX_TRUE=''
am__include='include'
am__isrc=''
am__leading_dot='.'
am__nodep='_no'
am__quote=''
am__tar='$${TAR-tar} chof - "$$tardir"'
am__untar='$${TAR-tar} xf -'
bindir='${exec_prefix}/bin'
build='x86_64-unknown-linux-gnu'
build_alias=''
build_cpu='x86_64'
build_os='linux-gnu'
build_vendor='unknown'
datadir='${datarootdir}'
datarootdir='${prefix}/share'
docdir='${datarootdir}/doc/${PACKAGE_TARNAME}'
dvidir='${docdir}'
exec_prefix='${prefix}'
host='x86_64-unknown-linux-gnu'
host_alias=''
host_cpu='x86_64'
host_os='linux-gnu'
host_vendor='unknown'
htmldir='${docdir}'
includedir='${prefix}/include'
infodir='${datarootdir}/info'
install_sh='${SHELL} /home/rapid/GVirtuS/gvirtus-devel/gvirtus.opencl/install-sh'
libdir='${exec_prefix}/lib'
libexecdir='${exec_prefix}/libexec'
localedir='${datarootdir}/locale'
localstatedir='${prefix}/var'
mandir='${datarootdir}/man'
mkdir_p='/bin/mkdir -p'
oldincludedir='/usr/include'
pdfdir='${docdir}'
prefix='/home/rapid/opt'
program_transform_name='s,x,x,'
psdir='${docdir}'
sbindir='${exec_prefix}/sbin'
sharedstatedir='${prefix}/com'
sysconfdir='${prefix}/etc'
target_alias=''

## ----------- ##
## confdefs.h. ##
## ----------- ##

/* confdefs.h */
#define PACKAGE_NAME "gvirtus-opencl"
#define PACKAGE_TARNAME "gvirtus-opencl"
#define PACKAGE_VERSION "01-beta2"
#define PACKAGE_STRING "gvirtus-opencl 01-beta2"
#define PACKAGE_BUGREPORT "http://osl.uniparthenope.it/mailman/listinfo/gvirtus-devel"
#define PACKAGE_URL ""
#define PACKAGE "gvirtus-opencl"
#define VERSION "01-beta2"
#define STDC_HEADERS 1
#define HAVE_SYS_TYPES_H 1
#define HAVE_SYS_STAT_H 1
#define HAVE_STDLIB_H 1
#define HAVE_STRING_H 1
#define HAVE_MEMORY_H 1
#define HAVE_STRINGS_H 1
#define HAVE_INTTYPES_H 1
#define HAVE_STDINT_H 1
#define HAVE_UNISTD_H 1
#define HAVE_DLFCN_H 1
#define LT_OBJDIR ".libs/"
#define HAVE_ARPA_INET_H 1
#define HAVE_FCNTL_H 1
#define HAVE_NETDB_H 1
#define HAVE_NETINET_IN_H 1
#define HAVE_STDINT_H 1
#define HAVE_STDLIB_H 1
#define HAVE_SYS_SOCKET_H 1
#define HAVE_UNISTD_H 1
#define HAVE__BOOL 1
#define HAVE_STDBOOL_H 1
#define HAVE_FORK 1
#define HAVE_VFORK 1
#define HAVE_WORKING_VFORK 1
#define HAVE_WORKING_FORK 1
#define HAVE_STDLIB_H 1
#define HAVE_MALLOC 1
#define HAVE_STDLIB_H 1
#define HAVE_REALLOC 1
#define HAVE_GETHOSTBYNAME 1
#define HAVE_MEMMOVE 1
#define HAVE_MEMSET 1
#define HAVE_SOCKET 1
#define HAVE_STRCASECMP 1
#define HAVE_STRDUP 1
#define HAVE_STRTOUL 1

configure: exit 0

## ---------------------- ##
## Running config.status. ##
## ---------------------- ##

This file was extended by gvirtus-opencl config.status 01-beta2, which was
generated by GNU Autoconf 2.68.  Invocation command line was

  CONFIG_FILES    = 
  CONFIG_HEADERS  = 
  CONFIG_LINKS    = 
  CONFIG_COMMANDS = 
  $ ./config.status 

on storm

config.status:1180: creating Makefile
config.status:1180: creating frontend/Makefile
config.status:1180: creating backend/Makefile
config.status:1180: creating config.h
config.status:1361: config.h is unchanged
config.status:1409: executing depfiles commands
config.status:1409: executing libtool commands
