This file contains any messages produced by compilers while
running configure, to aid debugging if configure makes a mistake.

It was created by gvirtus configure 01-beta2, which was
generated by GNU Autoconf 2.63.  Invocation command line was

  $ ./configure --prefix=/home/montella/opt/gvirtus-8.0

## --------- ##
## Platform. ##
## --------- ##

hostname = saturn.uniparthenope.it
uname -m = x86_64
uname -r = 2.6.32-642.6.1.el6.x86_64
uname -s = Linux
uname -v = #1 SMP Wed Oct 5 00:36:12 UTC 2016

/usr/bin/uname -p = unknown
/bin/uname -X     = unknown

/bin/arch              = x86_64
/usr/bin/arch -k       = unknown
/usr/convex/getsysinfo = unknown
/usr/bin/hostinfo      = unknown
/bin/machine           = unknown
/usr/bin/oslevel       = unknown
/bin/universe          = unknown

PATH: /usr/local/cuda-8.0/bin
PATH: /usr/lib64/qt-3.3/bin
PATH: /usr/local/bin
PATH: /bin
PATH: /usr/bin
PATH: /usr/local/sbin
PATH: /usr/sbin
PATH: /sbin
PATH: /home/montella/bin


## ----------- ##
## Core tests. ##
## ----------- ##

configure:2084: checking for a BSD-compatible install
configure:2152: result: /usr/bin/install -c
configure:2163: checking whether build environment is sane
configure:2223: result: yes
configure:2364: checking for a thread-safe mkdir -p
configure:2403: result: /bin/mkdir -p
configure:2416: checking for gawk
configure:2432: found /bin/gawk
configure:2443: result: gawk
configure:2454: checking whether make sets $(MAKE)
configure:2476: result: yes
configure:2621: checking for g++
configure:2637: found /usr/bin/g++
configure:2648: result: g++
configure:2675: checking for C++ compiler version
configure:2683: g++ --version >&5
g++ (GCC) 4.4.7 20120313 (Red Hat 4.4.7-17)
Copyright (C) 2010 Free Software Foundation, Inc.
This is free software; see the source for copying conditions.  There is NO
warranty; not even for MERCHANTABILITY or FITNESS FOR A PARTICULAR PURPOSE.

configure:2687: $? = 0
configure:2694: g++ -v >&5
Using built-in specs.
Target: x86_64-redhat-linux
Configured with: ../configure --prefix=/usr --mandir=/usr/share/man --infodir=/usr/share/info --with-bugurl=http://bugzilla.redhat.com/bugzilla --enable-bootstrap --enable-shared --enable-threads=posix --enable-checking=release --with-system-zlib --enable-__cxa_atexit --disable-libunwind-exceptions --enable-gnu-unique-object --enable-languages=c,c++,objc,obj-c++,java,fortran,ada --enable-java-awt=gtk --disable-dssi --with-java-home=/usr/lib/jvm/java-1.5.0-gcj-1.5.0.0/jre --enable-libgcj-multifile --enable-java-maintainer-mode --with-ecj-jar=/usr/share/java/eclipse-ecj.jar --disable-libjava-multilib --with-ppl --with-cloog --with-tune=generic --with-arch_32=i686 --build=x86_64-redhat-linux
Thread model: posix
gcc version 4.4.7 20120313 (Red Hat 4.4.7-17) (GCC) 
configure:2698: $? = 0
configure:2705: g++ -V >&5
g++: '-V' option must have argument
configure:2709: $? = 1
configure:2732: checking for C++ compiler default output file name
configure:2754: g++  -I/usr/local/cuda-8.0/include -L/usr/local/cuda-8.0/lib64 conftest.cpp  >&5
configure:2758: $? = 0
configure:2796: result: a.out
configure:2815: checking whether the C++ compiler works
configure:2825: ./a.out
configure:2829: $? = 0
configure:2848: result: yes
configure:2855: checking whether we are cross compiling
configure:2857: result: no
configure:2860: checking for suffix of executables
configure:2867: g++ -o conftest  -I/usr/local/cuda-8.0/include -L/usr/local/cuda-8.0/lib64 conftest.cpp  >&5
configure:2871: $? = 0
configure:2897: result: 
configure:2903: checking for suffix of object files
configure:2929: g++ -c  -I/usr/local/cuda-8.0/include conftest.cpp >&5
configure:2933: $? = 0
configure:2958: result: o
configure:2962: checking whether we are using the GNU C++ compiler
configure:2991: g++ -c  -I/usr/local/cuda-8.0/include conftest.cpp >&5
configure:2998: $? = 0
configure:3015: result: yes
configure:3024: checking whether g++ accepts -g
configure:3054: g++ -c -g -I/usr/local/cuda-8.0/include conftest.cpp >&5
configure:3061: $? = 0
configure:3162: result: yes
configure:3196: checking for style of include used by make
configure:3224: result: GNU
configure:3249: checking dependency style of g++
configure:3359: result: gcc3
configure:3422: checking for gcc
configure:3438: found /usr/bin/gcc
configure:3449: result: gcc
configure:3681: checking for C compiler version
configure:3689: gcc --version >&5
gcc (GCC) 4.4.7 20120313 (Red Hat 4.4.7-17)
Copyright (C) 2010 Free Software Foundation, Inc.
This is free software; see the source for copying conditions.  There is NO
warranty; not even for MERCHANTABILITY or FITNESS FOR A PARTICULAR PURPOSE.

configure:3693: $? = 0
configure:3700: gcc -v >&5
Using built-in specs.
Target: x86_64-redhat-linux
Configured with: ../configure --prefix=/usr --mandir=/usr/share/man --infodir=/usr/share/info --with-bugurl=http://bugzilla.redhat.com/bugzilla --enable-bootstrap --enable-shared --enable-threads=posix --enable-checking=release --with-system-zlib --enable-__cxa_atexit --disable-libunwind-exceptions --enable-gnu-unique-object --enable-languages=c,c++,objc,obj-c++,java,fortran,ada --enable-java-awt=gtk --disable-dssi --with-java-home=/usr/lib/jvm/java-1.5.0-gcj-1.5.0.0/jre --enable-libgcj-multifile --enable-java-maintainer-mode --with-ecj-jar=/usr/share/java/eclipse-ecj.jar --disable-libjava-multilib --with-ppl --with-cloog --with-tune=generic --with-arch_32=i686 --build=x86_64-redhat-linux
Thread model: posix
gcc version 4.4.7 20120313 (Red Hat 4.4.7-17) (GCC) 
configure:3704: $? = 0
configure:3711: gcc -V >&5
gcc: '-V' option must have argument
configure:3715: $? = 1
configure:3718: checking whether we are using the GNU C compiler
configure:3747: gcc -c  -I/usr/local/cuda-8.0/include conftest.c >&5
configure:3754: $? = 0
configure:3771: result: yes
configure:3780: checking whether gcc accepts -g
configure:3810: gcc -c -g -I/usr/local/cuda-8.0/include conftest.c >&5
configure:3817: $? = 0
configure:3918: result: yes
configure:3935: checking for gcc option to accept ISO C89
configure:4009: gcc  -c -g -O2 -I/usr/local/cuda-8.0/include conftest.c >&5
configure:4016: $? = 0
configure:4039: result: none needed
configure:4059: checking dependency style of gcc
configure:4169: result: gcc3
configure:4215: checking build system type
configure:4233: result: x86_64-unknown-linux-gnu
configure:4255: checking host system type
configure:4270: result: x86_64-unknown-linux-gnu
configure:4292: checking for a sed that does not truncate output
configure:4358: result: /bin/sed
configure:4376: checking for grep that handles long lines and -e
configure:4436: result: /bin/grep
configure:4441: checking for egrep
configure:4505: result: /bin/grep -E
configure:4510: checking for fgrep
configure:4574: result: /bin/grep -F
configure:4609: checking for ld used by gcc
configure:4676: result: /usr/bin/ld
configure:4685: checking if the linker (/usr/bin/ld) is GNU ld
configure:4700: result: yes
configure:4712: checking for BSD- or MS-compatible name lister (nm)
configure:4761: result: /usr/bin/nm -B
configure:4879: checking the name lister (/usr/bin/nm -B) interface
configure:4886: gcc -c -g -O2 -I/usr/local/cuda-8.0/include conftest.c >&5
configure:4889: /usr/bin/nm -B "conftest.o"
configure:4892: output
0000000000000000 B some_variable
configure:4899: result: BSD nm
configure:4902: checking whether ln -s works
configure:4906: result: yes
configure:4914: checking the maximum length of command line arguments
configure:5034: result: 1966080
configure:5051: checking whether the shell understands some XSI constructs
configure:5061: result: yes
configure:5065: checking whether the shell understands "+="
configure:5071: result: yes
configure:5106: checking for /usr/bin/ld option to reload object files
configure:5113: result: -r
configure:5182: checking for objdump
configure:5198: found /usr/bin/objdump
configure:5209: result: objdump
configure:5241: checking how to recognize dependent libraries
configure:5437: result: pass_all
configure:5497: checking for ar
configure:5513: found /usr/bin/ar
configure:5524: result: ar
configure:5602: checking for strip
configure:5618: found /usr/bin/strip
configure:5629: result: strip
configure:5701: checking for ranlib
configure:5717: found /usr/bin/ranlib
configure:5728: result: ranlib
configure:5818: checking command to parse /usr/bin/nm -B output from gcc object
configure:5936: gcc -c -g -O2 -I/usr/local/cuda-8.0/include conftest.c >&5
configure:5939: $? = 0
configure:5943: /usr/bin/nm -B conftest.o \| sed -n -e 's/^.*[	 ]\([ABCDGIRSTW][ABCDGIRSTW]*\)[	 ][	 ]*\([_A-Za-z][_A-Za-z0-9]*\)$/\1 \2 \2/p' \> conftest.nm
configure:5946: $? = 0
configure:6000: gcc -o conftest -g -O2 -I/usr/local/cuda-8.0/include -L/usr/local/cuda-8.0/lib64 conftest.c conftstm.o >&5
configure:6003: $? = 0
configure:6041: result: ok
configure:6137: gcc -c -g -O2 -I/usr/local/cuda-8.0/include conftest.c >&5
configure:6140: $? = 0
configure:6908: checking how to run the C preprocessor
configure:6948: gcc -E -I/usr/local/cuda-8.0/include conftest.c
configure:6955: $? = 0
configure:6986: gcc -E -I/usr/local/cuda-8.0/include conftest.c
conftest.c:10:28: error: ac_nonexistent.h: No such file or directory
configure:6993: $? = 1
configure: failed program was:
| /* confdefs.h.  */
| #define PACKAGE_NAME "gvirtus"
| #define PACKAGE_TARNAME "gvirtus"
| #define PACKAGE_VERSION "01-beta2"
| #define PACKAGE_STRING "gvirtus 01-beta2"
| #define PACKAGE_BUGREPORT "http://osl.uniparthenope.it/mailman/listinfo/gvirtus-devel"
| #define PACKAGE "gvirtus"
| #define VERSION "01-beta2"
| /* end confdefs.h.  */
| #include <ac_nonexistent.h>
configure:7026: result: gcc -E
configure:7055: gcc -E -I/usr/local/cuda-8.0/include conftest.c
configure:7062: $? = 0
configure:7093: gcc -E -I/usr/local/cuda-8.0/include conftest.c
conftest.c:10:28: error: ac_nonexistent.h: No such file or directory
configure:7100: $? = 1
configure: failed program was:
| /* confdefs.h.  */
| #define PACKAGE_NAME "gvirtus"
| #define PACKAGE_TARNAME "gvirtus"
| #define PACKAGE_VERSION "01-beta2"
| #define PACKAGE_STRING "gvirtus 01-beta2"
| #define PACKAGE_BUGREPORT "http://osl.uniparthenope.it/mailman/listinfo/gvirtus-devel"
| #define PACKAGE "gvirtus"
| #define VERSION "01-beta2"
| /* end confdefs.h.  */
| #include <ac_nonexistent.h>
configure:7140: checking for ANSI C header files
configure:7170: gcc -c -g -O2 -I/usr/local/cuda-8.0/include conftest.c >&5
configure:7177: $? = 0
configure:7276: gcc -o conftest -g -O2 -I/usr/local/cuda-8.0/include -L/usr/local/cuda-8.0/lib64 conftest.c  >&5
configure:7280: $? = 0
configure:7286: ./conftest
configure:7290: $? = 0
configure:7308: result: yes
configure:7332: checking for sys/types.h
configure:7353: gcc -c -g -O2 -I/usr/local/cuda-8.0/include conftest.c >&5
configure:7360: $? = 0
configure:7377: result: yes
configure:7332: checking for sys/stat.h
configure:7353: gcc -c -g -O2 -I/usr/local/cuda-8.0/include conftest.c >&5
configure:7360: $? = 0
configure:7377: result: yes
configure:7332: checking for stdlib.h
configure:7353: gcc -c -g -O2 -I/usr/local/cuda-8.0/include conftest.c >&5
configure:7360: $? = 0
configure:7377: result: yes
configure:7332: checking for string.h
configure:7353: gcc -c -g -O2 -I/usr/local/cuda-8.0/include conftest.c >&5
configure:7360: $? = 0
configure:7377: result: yes
configure:7332: checking for memory.h
configure:7353: gcc -c -g -O2 -I/usr/local/cuda-8.0/include conftest.c >&5
configure:7360: $? = 0
configure:7377: result: yes
configure:7332: checking for strings.h
configure:7353: gcc -c -g -O2 -I/usr/local/cuda-8.0/include conftest.c >&5
configure:7360: $? = 0
configure:7377: result: yes
configure:7332: checking for inttypes.h
configure:7353: gcc -c -g -O2 -I/usr/local/cuda-8.0/include conftest.c >&5
configure:7360: $? = 0
configure:7377: result: yes
configure:7332: checking for stdint.h
configure:7353: gcc -c -g -O2 -I/usr/local/cuda-8.0/include conftest.c >&5
configure:7360: $? = 0
configure:7377: result: yes
configure:7332: checking for unistd.h
configure:7353: gcc -c -g -O2 -I/usr/local/cuda-8.0/include conftest.c >&5
configure:7360: $? = 0
configure:7377: result: yes
configure:7395: checking for dlfcn.h
configure:7416: gcc -c -g -O2 -I/usr/local/cuda-8.0/include conftest.c >&5
configure:7423: $? = 0
configure:7440: result: yes
configure:7567: checking for C++ compiler version
configure:7575: g++ --version >&5
g++ (GCC) 4.4.7 20120313 (Red Hat 4.4.7-17)
Copyright (C) 2010 Free Software Foundation, Inc.
This is free software; see the source for copying conditions.  There is NO
warranty; not even for MERCHANTABILITY or FITNESS FOR A PARTICULAR PURPOSE.

configure:7579: $? = 0
configure:7586: g++ -v >&5
Using built-in specs.
Target: x86_64-redhat-linux
Configured with: ../configure --prefix=/usr --mandir=/usr/share/man --infodir=/usr/share/info --with-bugurl=http://bugzilla.redhat.com/bugzilla --enable-bootstrap --enable-shared --enable-threads=posix --enable-checking=release --with-system-zlib --enable-__cxa_atexit --disable-libunwind-exceptions --enable-gnu-unique-object --enable-languages=c,c++,objc,obj-c++,java,fortran,ada --enable-java-awt=gtk --disable-dssi --with-java-home=/usr/lib/jvm/java-1.5.0-gcj-1.5.0.0/jre --enable-libgcj-multifile --enable-java-maintainer-mode --with-ecj-jar=/usr/share/java/eclipse-ecj.jar --disable-libjava-multilib --with-ppl --with-cloog --with-tune=generic --with-arch_32=i686 --build=x86_64-redhat-linux
Thread model: posix
gcc version 4.4.7 20120313 (Red Hat 4.4.7-17) (GCC) 
configure:7590: $? = 0
configure:7597: g++ -V >&5
g++: '-V' option must have argument
configure:7601: $? = 1
configure:7604: checking whether we are using the GNU C++ compiler
configure:7657: result: yes
configure:7666: checking whether g++ accepts -g
configure:7804: result: yes
configure:7829: checking dependency style of g++
configure:7939: result: gcc3
configure:7962: checking how to run the C++ preprocessor
configure:7998: g++ -E -I/usr/local/cuda-8.0/include conftest.cpp
configure:8005: $? = 0
configure:8036: g++ -E -I/usr/local/cuda-8.0/include conftest.cpp
conftest.cpp:21:28: error: ac_nonexistent.h: No such file or directory
configure:8043: $? = 1
configure: failed program was:
| /* confdefs.h.  */
| #define PACKAGE_NAME "gvirtus"
| #define PACKAGE_TARNAME "gvirtus"
| #define PACKAGE_VERSION "01-beta2"
| #define PACKAGE_STRING "gvirtus 01-beta2"
| #define PACKAGE_BUGREPORT "http://osl.uniparthenope.it/mailman/listinfo/gvirtus-devel"
| #define PACKAGE "gvirtus"
| #define VERSION "01-beta2"
| #define STDC_HEADERS 1
| #define HAVE_SYS_TYPES_H 1
| #define HAVE_SYS_STAT_H 1
| #define HAVE_STDLIB_H 1
| #define HAVE_STRING_H 1
| #define HAVE_MEMORY_H 1
| #define HAVE_STRINGS_H 1
| #define HAVE_INTTYPES_H 1
| #define HAVE_STDINT_H 1
| #define HAVE_UNISTD_H 1
| #define HAVE_DLFCN_H 1
| /* end confdefs.h.  */
| #include <ac_nonexistent.h>
configure:8076: result: g++ -E
configure:8105: g++ -E -I/usr/local/cuda-8.0/include conftest.cpp
configure:8112: $? = 0
configure:8143: g++ -E -I/usr/local/cuda-8.0/include conftest.cpp
conftest.cpp:21:28: error: ac_nonexistent.h: No such file or directory
configure:8150: $? = 1
configure: failed program was:
| /* confdefs.h.  */
| #define PACKAGE_NAME "gvirtus"
| #define PACKAGE_TARNAME "gvirtus"
| #define PACKAGE_VERSION "01-beta2"
| #define PACKAGE_STRING "gvirtus 01-beta2"
| #define PACKAGE_BUGREPORT "http://osl.uniparthenope.it/mailman/listinfo/gvirtus-devel"
| #define PACKAGE "gvirtus"
| #define VERSION "01-beta2"
| #define STDC_HEADERS 1
| #define HAVE_SYS_TYPES_H 1
| #define HAVE_SYS_STAT_H 1
| #define HAVE_STDLIB_H 1
| #define HAVE_STRING_H 1
| #define HAVE_MEMORY_H 1
| #define HAVE_STRINGS_H 1
| #define HAVE_INTTYPES_H 1
| #define HAVE_STDINT_H 1
| #define HAVE_UNISTD_H 1
| #define HAVE_DLFCN_H 1
| /* end confdefs.h.  */
| #include <ac_nonexistent.h>
configure:8364: checking for objdir
configure:8379: result: .libs
configure:8671: checking if gcc supports -fno-rtti -fno-exceptions
configure:8689: gcc -c -g -O2 -I/usr/local/cuda-8.0/include -fno-rtti -fno-exceptions conftest.c >&5
cc1: warning: command line option "-fno-rtti" is valid for C++/ObjC++ but not for C
configure:8693: $? = 0
configure:8706: result: no
configure:8726: checking for gcc option to produce PIC
configure:8998: result: -fPIC -DPIC
configure:9010: checking if gcc PIC flag -fPIC -DPIC works
configure:9028: gcc -c -g -O2 -I/usr/local/cuda-8.0/include -fPIC -DPIC -DPIC conftest.c >&5
configure:9032: $? = 0
configure:9045: result: yes
configure:9069: checking if gcc static flag -static works
configure:9097: result: no
configure:9112: checking if gcc supports -c -o file.o
configure:9133: gcc -c -g -O2 -I/usr/local/cuda-8.0/include -o out/conftest2.o conftest.c >&5
configure:9137: $? = 0
configure:9159: result: yes
configure:9167: checking if gcc supports -c -o file.o
configure:9214: result: yes
configure:9247: checking whether the gcc linker (/usr/bin/ld -m elf_x86_64) supports shared libraries
configure:10321: result: yes
configure:10358: checking whether -lc should be explicitly linked in
configure:10363: gcc -c -g -O2 -I/usr/local/cuda-8.0/include conftest.c >&5
configure:10366: $? = 0
configure:10381: gcc -shared conftest.o  -v -Wl,-soname -Wl,conftest -o conftest 2\>\&1 \| /bin/grep  -lc  \>/dev/null 2\>\&1
configure:10384: $? = 0
configure:10396: result: no
configure:10560: checking dynamic linker characteristics
configure:11003: gcc -o conftest -g -O2 -I/usr/local/cuda-8.0/include -L/usr/local/cuda-8.0/lib64 -Wl,-rpath -Wl,/foo conftest.c  >&5
configure:11010: $? = 0
configure:11246: result: GNU/Linux ld.so
configure:11348: checking how to hardcode library paths into programs
configure:11373: result: immediate
configure:12206: checking whether stripping libraries is possible
configure:12211: result: yes
configure:12246: checking if libtool supports shared libraries
configure:12248: result: yes
configure:12251: checking whether to build shared libraries
configure:12272: result: yes
configure:12275: checking whether to build static libraries
configure:12279: result: yes
configure:12429: checking for ld used by g++
configure:12496: result: /usr/bin/ld -m elf_x86_64
configure:12505: checking if the linker (/usr/bin/ld -m elf_x86_64) is GNU ld
configure:12520: result: yes
configure:12575: checking whether the g++ linker (/usr/bin/ld -m elf_x86_64) supports shared libraries
configure:13550: result: yes
configure:13578: g++ -c -g -O2 -I/usr/local/cuda-8.0/include conftest.cpp >&5
configure:13581: $? = 0
configure:13763: checking for g++ option to produce PIC
configure:14080: result: -fPIC -DPIC
configure:14089: checking if g++ PIC flag -fPIC -DPIC works
configure:14107: g++ -c -g -O2 -I/usr/local/cuda-8.0/include -fPIC -DPIC -DPIC conftest.cpp >&5
configure:14111: $? = 0
configure:14124: result: yes
configure:14145: checking if g++ static flag -static works
configure:14173: result: no
configure:14185: checking if g++ supports -c -o file.o
configure:14206: g++ -c -g -O2 -I/usr/local/cuda-8.0/include -o out/conftest2.o conftest.cpp >&5
configure:14210: $? = 0
configure:14232: result: yes
configure:14237: checking if g++ supports -c -o file.o
configure:14284: result: yes
configure:14314: checking whether the g++ linker (/usr/bin/ld -m elf_x86_64) supports shared libraries
configure:14340: result: yes
configure:14477: checking dynamic linker characteristics
configure:14868: g++ -o conftest -g -O2 -I/usr/local/cuda-8.0/include -L/usr/local/cuda-8.0/lib64 -Wl,-rpath -Wl,/foo conftest.cpp  >&5
configure:14875: $? = 0
configure:15111: result: GNU/Linux ld.so
configure:15162: checking how to hardcode library paths into programs
configure:15187: result: immediate
configure:15286: checking arpa/inet.h usability
configure:15303: gcc -c -g -O2 -I/usr/local/cuda-8.0/include  conftest.c >&5
configure:15310: $? = 0
configure:15324: result: yes
configure:15328: checking arpa/inet.h presence
configure:15343: gcc -E -I/usr/local/cuda-8.0/include  conftest.c
configure:15350: $? = 0
configure:15364: result: yes
configure:15397: checking for arpa/inet.h
configure:15406: result: yes
configure:15286: checking fcntl.h usability
configure:15303: gcc -c -g -O2 -I/usr/local/cuda-8.0/include  conftest.c >&5
configure:15310: $? = 0
configure:15324: result: yes
configure:15328: checking fcntl.h presence
configure:15343: gcc -E -I/usr/local/cuda-8.0/include  conftest.c
configure:15350: $? = 0
configure:15364: result: yes
configure:15397: checking for fcntl.h
configure:15406: result: yes
configure:15286: checking netdb.h usability
configure:15303: gcc -c -g -O2 -I/usr/local/cuda-8.0/include  conftest.c >&5
configure:15310: $? = 0
configure:15324: result: yes
configure:15328: checking netdb.h presence
configure:15343: gcc -E -I/usr/local/cuda-8.0/include  conftest.c
configure:15350: $? = 0
configure:15364: result: yes
configure:15397: checking for netdb.h
configure:15406: result: yes
configure:15286: checking netinet/in.h usability
configure:15303: gcc -c -g -O2 -I/usr/local/cuda-8.0/include  conftest.c >&5
configure:15310: $? = 0
configure:15324: result: yes
configure:15328: checking netinet/in.h presence
configure:15343: gcc -E -I/usr/local/cuda-8.0/include  conftest.c
configure:15350: $? = 0
configure:15364: result: yes
configure:15397: checking for netinet/in.h
configure:15406: result: yes
configure:15275: checking for stdint.h
configure:15282: result: yes
configure:15275: checking for stdlib.h
configure:15282: result: yes
configure:15286: checking sys/socket.h usability
configure:15303: gcc -c -g -O2 -I/usr/local/cuda-8.0/include  conftest.c >&5
configure:15310: $? = 0
configure:15324: result: yes
configure:15328: checking sys/socket.h presence
configure:15343: gcc -E -I/usr/local/cuda-8.0/include  conftest.c
configure:15350: $? = 0
configure:15364: result: yes
configure:15397: checking for sys/socket.h
configure:15406: result: yes
configure:15275: checking for unistd.h
configure:15282: result: yes
configure:15286: checking vmci/vmci_sockets.h usability
configure:15303: gcc -c -g -O2 -I/usr/local/cuda-8.0/include  conftest.c >&5
conftest.c:63:31: error: vmci/vmci_sockets.h: No such file or directory
configure:15310: $? = 1
configure: failed program was:
| /* confdefs.h.  */
| #define PACKAGE_NAME "gvirtus"
| #define PACKAGE_TARNAME "gvirtus"
| #define PACKAGE_VERSION "01-beta2"
| #define PACKAGE_STRING "gvirtus 01-beta2"
| #define PACKAGE_BUGREPORT "http://osl.uniparthenope.it/mailman/listinfo/gvirtus-devel"
| #define PACKAGE "gvirtus"
| #define VERSION "01-beta2"
| #define STDC_HEADERS 1
| #define HAVE_SYS_TYPES_H 1
| #define HAVE_SYS_STAT_H 1
| #define HAVE_STDLIB_H 1
| #define HAVE_STRING_H 1
| #define HAVE_MEMORY_H 1
| #define HAVE_STRINGS_H 1
| #define HAVE_INTTYPES_H 1
| #define HAVE_STDINT_H 1
| #define HAVE_UNISTD_H 1
| #define HAVE_DLFCN_H 1
| #define LT_OBJDIR ".libs/"
| #define HAVE_ARPA_INET_H 1
| #define HAVE_FCNTL_H 1
| #define HAVE_NETDB_H 1
| #define HAVE_NETINET_IN_H 1
| #define HAVE_STDINT_H 1
| #define HAVE_STDLIB_H 1
| #define HAVE_SYS_SOCKET_H 1
| #define HAVE_UNISTD_H 1
| /* end confdefs.h.  */
| #include <stdio.h>
| #ifdef HAVE_SYS_TYPES_H
| # include <sys/types.h>
| #endif
| #ifdef HAVE_SYS_STAT_H
| # include <sys/stat.h>
| #endif
| #ifdef STDC_HEADERS
| # include <stdlib.h>
| # include <stddef.h>
| #else
| # ifdef HAVE_STDLIB_H
| #  include <stdlib.h>
| # endif
| #endif
| #ifdef HAVE_STRING_H
| # if !defined STDC_HEADERS && defined HAVE_MEMORY_H
| #  include <memory.h>
| # endif
| # include <string.h>
| #endif
| #ifdef HAVE_STRINGS_H
| # include <strings.h>
| #endif
| #ifdef HAVE_INTTYPES_H
| # include <inttypes.h>
| #endif
| #ifdef HAVE_STDINT_H
| # include <stdint.h>
| #endif
| #ifdef HAVE_UNISTD_H
| # include <unistd.h>
| #endif
| #include <vmci/vmci_sockets.h>
configure:15324: result: no
configure:15328: checking vmci/vmci_sockets.h presence
configure:15343: gcc -E -I/usr/local/cuda-8.0/include  conftest.c
conftest.c:30:31: error: vmci/vmci_sockets.h: No such file or directory
configure:15350: $? = 1
configure: failed program was:
| /* confdefs.h.  */
| #define PACKAGE_NAME "gvirtus"
| #define PACKAGE_TARNAME "gvirtus"
| #define PACKAGE_VERSION "01-beta2"
| #define PACKAGE_STRING "gvirtus 01-beta2"
| #define PACKAGE_BUGREPORT "http://osl.uniparthenope.it/mailman/listinfo/gvirtus-devel"
| #define PACKAGE "gvirtus"
| #define VERSION "01-beta2"
| #define STDC_HEADERS 1
| #define HAVE_SYS_TYPES_H 1
| #define HAVE_SYS_STAT_H 1
| #define HAVE_STDLIB_H 1
| #define HAVE_STRING_H 1
| #define HAVE_MEMORY_H 1
| #define HAVE_STRINGS_H 1
| #define HAVE_INTTYPES_H 1
| #define HAVE_STDINT_H 1
| #define HAVE_UNISTD_H 1
| #define HAVE_DLFCN_H 1
| #define LT_OBJDIR ".libs/"
| #define HAVE_ARPA_INET_H 1
| #define HAVE_FCNTL_H 1
| #define HAVE_NETDB_H 1
| #define HAVE_NETINET_IN_H 1
| #define HAVE_STDINT_H 1
| #define HAVE_STDLIB_H 1
| #define HAVE_SYS_SOCKET_H 1
| #define HAVE_UNISTD_H 1
| /* end confdefs.h.  */
| #include <vmci/vmci_sockets.h>
configure:15364: result: no
configure:15397: checking for vmci/vmci_sockets.h
configure:15406: result: no
configure:15423: checking for stdbool.h that conforms to C99
configure:15518: gcc -c -g -O2 -I/usr/local/cuda-8.0/include  conftest.c >&5
configure:15525: $? = 0
configure:15540: result: yes
configure:15542: checking for _Bool
configure:15570: gcc -c -g -O2 -I/usr/local/cuda-8.0/include  conftest.c >&5
configure:15577: $? = 0
configure:15604: gcc -c -g -O2 -I/usr/local/cuda-8.0/include  conftest.c >&5
conftest.c: In function 'main':
conftest.c:66: error: expected expression before ')' token
configure:15611: $? = 1
configure: failed program was:
| /* confdefs.h.  */
| #define PACKAGE_NAME "gvirtus"
| #define PACKAGE_TARNAME "gvirtus"
| #define PACKAGE_VERSION "01-beta2"
| #define PACKAGE_STRING "gvirtus 01-beta2"
| #define PACKAGE_BUGREPORT "http://osl.uniparthenope.it/mailman/listinfo/gvirtus-devel"
| #define PACKAGE "gvirtus"
| #define VERSION "01-beta2"
| #define STDC_HEADERS 1
| #define HAVE_SYS_TYPES_H 1
| #define HAVE_SYS_STAT_H 1
| #define HAVE_STDLIB_H 1
| #define HAVE_STRING_H 1
| #define HAVE_MEMORY_H 1
| #define HAVE_STRINGS_H 1
| #define HAVE_INTTYPES_H 1
| #define HAVE_STDINT_H 1
| #define HAVE_UNISTD_H 1
| #define HAVE_DLFCN_H 1
| #define LT_OBJDIR ".libs/"
| #define HAVE_ARPA_INET_H 1
| #define HAVE_FCNTL_H 1
| #define HAVE_NETDB_H 1
| #define HAVE_NETINET_IN_H 1
| #define HAVE_STDINT_H 1
| #define HAVE_STDLIB_H 1
| #define HAVE_SYS_SOCKET_H 1
| #define HAVE_UNISTD_H 1
| /* end confdefs.h.  */
| #include <stdio.h>
| #ifdef HAVE_SYS_TYPES_H
| # include <sys/types.h>
| #endif
| #ifdef HAVE_SYS_STAT_H
| # include <sys/stat.h>
| #endif
| #ifdef STDC_HEADERS
| # include <stdlib.h>
| # include <stddef.h>
| #else
| # ifdef HAVE_STDLIB_H
| #  include <stdlib.h>
| # endif
| #endif
| #ifdef HAVE_STRING_H
| # if !defined STDC_HEADERS && defined HAVE_MEMORY_H
| #  include <memory.h>
| # endif
| # include <string.h>
| #endif
| #ifdef HAVE_STRINGS_H
| # include <strings.h>
| #endif
| #ifdef HAVE_INTTYPES_H
| # include <inttypes.h>
| #endif
| #ifdef HAVE_STDINT_H
| # include <stdint.h>
| #endif
| #ifdef HAVE_UNISTD_H
| # include <unistd.h>
| #endif
| int
| main ()
| {
| if (sizeof ((_Bool)))
| 	  return 0;
|   ;
|   return 0;
| }
configure:15634: result: yes
configure:15653: checking for inline
configure:15679: gcc -c -g -O2 -I/usr/local/cuda-8.0/include  conftest.c >&5
configure:15686: $? = 0
configure:15704: result: inline
configure:15723: checking for pid_t
configure:15751: gcc -c -g -O2 -I/usr/local/cuda-8.0/include  conftest.c >&5
configure:15758: $? = 0
configure:15785: gcc -c -g -O2 -I/usr/local/cuda-8.0/include  conftest.c >&5
conftest.c: In function 'main':
conftest.c:68: error: expected expression before ')' token
configure:15792: $? = 1
configure: failed program was:
| /* confdefs.h.  */
| #define PACKAGE_NAME "gvirtus"
| #define PACKAGE_TARNAME "gvirtus"
| #define PACKAGE_VERSION "01-beta2"
| #define PACKAGE_STRING "gvirtus 01-beta2"
| #define PACKAGE_BUGREPORT "http://osl.uniparthenope.it/mailman/listinfo/gvirtus-devel"
| #define PACKAGE "gvirtus"
| #define VERSION "01-beta2"
| #define STDC_HEADERS 1
| #define HAVE_SYS_TYPES_H 1
| #define HAVE_SYS_STAT_H 1
| #define HAVE_STDLIB_H 1
| #define HAVE_STRING_H 1
| #define HAVE_MEMORY_H 1
| #define HAVE_STRINGS_H 1
| #define HAVE_INTTYPES_H 1
| #define HAVE_STDINT_H 1
| #define HAVE_UNISTD_H 1
| #define HAVE_DLFCN_H 1
| #define LT_OBJDIR ".libs/"
| #define HAVE_ARPA_INET_H 1
| #define HAVE_FCNTL_H 1
| #define HAVE_NETDB_H 1
| #define HAVE_NETINET_IN_H 1
| #define HAVE_STDINT_H 1
| #define HAVE_STDLIB_H 1
| #define HAVE_SYS_SOCKET_H 1
| #define HAVE_UNISTD_H 1
| #define HAVE__BOOL 1
| #define HAVE_STDBOOL_H 1
| /* end confdefs.h.  */
| #include <stdio.h>
| #ifdef HAVE_SYS_TYPES_H
| # include <sys/types.h>
| #endif
| #ifdef HAVE_SYS_STAT_H
| # include <sys/stat.h>
| #endif
| #ifdef STDC_HEADERS
| # include <stdlib.h>
| # include <stddef.h>
| #else
| # ifdef HAVE_STDLIB_H
| #  include <stdlib.h>
| # endif
| #endif
| #ifdef HAVE_STRING_H
| # if !defined STDC_HEADERS && defined HAVE_MEMORY_H
| #  include <memory.h>
| # endif
| # include <string.h>
| #endif
| #ifdef HAVE_STRINGS_H
| # include <strings.h>
| #endif
| #ifdef HAVE_INTTYPES_H
| # include <inttypes.h>
| #endif
| #ifdef HAVE_STDINT_H
| # include <stdint.h>
| #endif
| #ifdef HAVE_UNISTD_H
| # include <unistd.h>
| #endif
| int
| main ()
| {
| if (sizeof ((pid_t)))
| 	  return 0;
|   ;
|   return 0;
| }
configure:15815: result: yes
configure:15827: checking for size_t
configure:15855: gcc -c -g -O2 -I/usr/local/cuda-8.0/include  conftest.c >&5
configure:15862: $? = 0
configure:15889: gcc -c -g -O2 -I/usr/local/cuda-8.0/include  conftest.c >&5
conftest.c: In function 'main':
conftest.c:68: error: expected expression before ')' token
configure:15896: $? = 1
configure: failed program was:
| /* confdefs.h.  */
| #define PACKAGE_NAME "gvirtus"
| #define PACKAGE_TARNAME "gvirtus"
| #define PACKAGE_VERSION "01-beta2"
| #define PACKAGE_STRING "gvirtus 01-beta2"
| #define PACKAGE_BUGREPORT "http://osl.uniparthenope.it/mailman/listinfo/gvirtus-devel"
| #define PACKAGE "gvirtus"
| #define VERSION "01-beta2"
| #define STDC_HEADERS 1
| #define HAVE_SYS_TYPES_H 1
| #define HAVE_SYS_STAT_H 1
| #define HAVE_STDLIB_H 1
| #define HAVE_STRING_H 1
| #define HAVE_MEMORY_H 1
| #define HAVE_STRINGS_H 1
| #define HAVE_INTTYPES_H 1
| #define HAVE_STDINT_H 1
| #define HAVE_UNISTD_H 1
| #define HAVE_DLFCN_H 1
| #define LT_OBJDIR ".libs/"
| #define HAVE_ARPA_INET_H 1
| #define HAVE_FCNTL_H 1
| #define HAVE_NETDB_H 1
| #define HAVE_NETINET_IN_H 1
| #define HAVE_STDINT_H 1
| #define HAVE_STDLIB_H 1
| #define HAVE_SYS_SOCKET_H 1
| #define HAVE_UNISTD_H 1
| #define HAVE__BOOL 1
| #define HAVE_STDBOOL_H 1
| /* end confdefs.h.  */
| #include <stdio.h>
| #ifdef HAVE_SYS_TYPES_H
| # include <sys/types.h>
| #endif
| #ifdef HAVE_SYS_STAT_H
| # include <sys/stat.h>
| #endif
| #ifdef STDC_HEADERS
| # include <stdlib.h>
| # include <stddef.h>
| #else
| # ifdef HAVE_STDLIB_H
| #  include <stdlib.h>
| # endif
| #endif
| #ifdef HAVE_STRING_H
| # if !defined STDC_HEADERS && defined HAVE_MEMORY_H
| #  include <memory.h>
| # endif
| # include <string.h>
| #endif
| #ifdef HAVE_STRINGS_H
| # include <strings.h>
| #endif
| #ifdef HAVE_INTTYPES_H
| # include <inttypes.h>
| #endif
| #ifdef HAVE_STDINT_H
| # include <stdint.h>
| #endif
| #ifdef HAVE_UNISTD_H
| # include <unistd.h>
| #endif
| int
| main ()
| {
| if (sizeof ((size_t)))
| 	  return 0;
|   ;
|   return 0;
| }
configure:15919: result: yes
configure:15932: checking for uint64_t
configure:15963: gcc -c -g -O2 -I/usr/local/cuda-8.0/include  conftest.c >&5
configure:15970: $? = 0
configure:15991: result: yes
configure:16026: checking vfork.h usability
configure:16043: gcc -c -g -O2 -I/usr/local/cuda-8.0/include  conftest.c >&5
conftest.c:65:19: error: vfork.h: No such file or directory
configure:16050: $? = 1
configure: failed program was:
| /* confdefs.h.  */
| #define PACKAGE_NAME "gvirtus"
| #define PACKAGE_TARNAME "gvirtus"
| #define PACKAGE_VERSION "01-beta2"
| #define PACKAGE_STRING "gvirtus 01-beta2"
| #define PACKAGE_BUGREPORT "http://osl.uniparthenope.it/mailman/listinfo/gvirtus-devel"
| #define PACKAGE "gvirtus"
| #define VERSION "01-beta2"
| #define STDC_HEADERS 1
| #define HAVE_SYS_TYPES_H 1
| #define HAVE_SYS_STAT_H 1
| #define HAVE_STDLIB_H 1
| #define HAVE_STRING_H 1
| #define HAVE_MEMORY_H 1
| #define HAVE_STRINGS_H 1
| #define HAVE_INTTYPES_H 1
| #define HAVE_STDINT_H 1
| #define HAVE_UNISTD_H 1
| #define HAVE_DLFCN_H 1
| #define LT_OBJDIR ".libs/"
| #define HAVE_ARPA_INET_H 1
| #define HAVE_FCNTL_H 1
| #define HAVE_NETDB_H 1
| #define HAVE_NETINET_IN_H 1
| #define HAVE_STDINT_H 1
| #define HAVE_STDLIB_H 1
| #define HAVE_SYS_SOCKET_H 1
| #define HAVE_UNISTD_H 1
| #define HAVE__BOOL 1
| #define HAVE_STDBOOL_H 1
| /* end confdefs.h.  */
| #include <stdio.h>
| #ifdef HAVE_SYS_TYPES_H
| # include <sys/types.h>
| #endif
| #ifdef HAVE_SYS_STAT_H
| # include <sys/stat.h>
| #endif
| #ifdef STDC_HEADERS
| # include <stdlib.h>
| # include <stddef.h>
| #else
| # ifdef HAVE_STDLIB_H
| #  include <stdlib.h>
| # endif
| #endif
| #ifdef HAVE_STRING_H
| # if !defined STDC_HEADERS && defined HAVE_MEMORY_H
| #  include <memory.h>
| # endif
| # include <string.h>
| #endif
| #ifdef HAVE_STRINGS_H
| # include <strings.h>
| #endif
| #ifdef HAVE_INTTYPES_H
| # include <inttypes.h>
| #endif
| #ifdef HAVE_STDINT_H
| # include <stdint.h>
| #endif
| #ifdef HAVE_UNISTD_H
| # include <unistd.h>
| #endif
| #include <vfork.h>
configure:16064: result: no
configure:16068: checking vfork.h presence
configure:16083: gcc -E -I/usr/local/cuda-8.0/include  conftest.c
conftest.c:32:19: error: vfork.h: No such file or directory
configure:16090: $? = 1
configure: failed program was:
| /* confdefs.h.  */
| #define PACKAGE_NAME "gvirtus"
| #define PACKAGE_TARNAME "gvirtus"
| #define PACKAGE_VERSION "01-beta2"
| #define PACKAGE_STRING "gvirtus 01-beta2"
| #define PACKAGE_BUGREPORT "http://osl.uniparthenope.it/mailman/listinfo/gvirtus-devel"
| #define PACKAGE "gvirtus"
| #define VERSION "01-beta2"
| #define STDC_HEADERS 1
| #define HAVE_SYS_TYPES_H 1
| #define HAVE_SYS_STAT_H 1
| #define HAVE_STDLIB_H 1
| #define HAVE_STRING_H 1
| #define HAVE_MEMORY_H 1
| #define HAVE_STRINGS_H 1
| #define HAVE_INTTYPES_H 1
| #define HAVE_STDINT_H 1
| #define HAVE_UNISTD_H 1
| #define HAVE_DLFCN_H 1
| #define LT_OBJDIR ".libs/"
| #define HAVE_ARPA_INET_H 1
| #define HAVE_FCNTL_H 1
| #define HAVE_NETDB_H 1
| #define HAVE_NETINET_IN_H 1
| #define HAVE_STDINT_H 1
| #define HAVE_STDLIB_H 1
| #define HAVE_SYS_SOCKET_H 1
| #define HAVE_UNISTD_H 1
| #define HAVE__BOOL 1
| #define HAVE_STDBOOL_H 1
| /* end confdefs.h.  */
| #include <vfork.h>
configure:16104: result: no
configure:16137: checking for vfork.h
configure:16146: result: no
configure:16166: checking for fork
configure:16222: gcc -o conftest -g -O2 -I/usr/local/cuda-8.0/include  -L/usr/local/cuda-8.0/lib64 conftest.c  >&5
conftest.c:55: warning: conflicting types for built-in function 'fork'
configure:16229: $? = 0
configure:16251: result: yes
configure:16166: checking for vfork
configure:16222: gcc -o conftest -g -O2 -I/usr/local/cuda-8.0/include  -L/usr/local/cuda-8.0/lib64 conftest.c  >&5
configure:16229: $? = 0
configure:16251: result: yes
configure:16264: checking for working fork
configure:16296: gcc -o conftest -g -O2 -I/usr/local/cuda-8.0/include  -L/usr/local/cuda-8.0/lib64 conftest.c  >&5
configure:16300: $? = 0
configure:16306: ./conftest
configure:16310: $? = 0
configure:16327: result: yes
configure:16348: checking for working vfork
configure:16489: result: yes
configure:16525: checking for stdlib.h
configure:16532: result: yes
configure:16671: checking for GNU libc compatible malloc
configure:16705: gcc -o conftest -g -O2 -I/usr/local/cuda-8.0/include  -L/usr/local/cuda-8.0/lib64 conftest.c  >&5
configure:16709: $? = 0
configure:16715: ./conftest
configure:16719: $? = 0
configure:16736: result: yes
configure:16769: checking for stdlib.h
configure:16776: result: yes
configure:16915: checking for GNU libc compatible realloc
configure:16949: gcc -o conftest -g -O2 -I/usr/local/cuda-8.0/include  -L/usr/local/cuda-8.0/lib64 conftest.c  >&5
configure:16953: $? = 0
configure:16959: ./conftest
configure:16963: $? = 0
configure:16980: result: yes
configure:17018: checking for gethostbyname
configure:17074: gcc -o conftest -g -O2 -I/usr/local/cuda-8.0/include  -L/usr/local/cuda-8.0/lib64 conftest.c  >&5
configure:17081: $? = 0
configure:17103: result: yes
configure:17018: checking for memmove
configure:17074: gcc -o conftest -g -O2 -I/usr/local/cuda-8.0/include  -L/usr/local/cuda-8.0/lib64 conftest.c  >&5
conftest.c:64: warning: conflicting types for built-in function 'memmove'
configure:17081: $? = 0
configure:17103: result: yes
configure:17018: checking for memset
configure:17074: gcc -o conftest -g -O2 -I/usr/local/cuda-8.0/include  -L/usr/local/cuda-8.0/lib64 conftest.c  >&5
conftest.c:65: warning: conflicting types for built-in function 'memset'
configure:17081: $? = 0
configure:17103: result: yes
configure:17018: checking for socket
configure:17074: gcc -o conftest -g -O2 -I/usr/local/cuda-8.0/include  -L/usr/local/cuda-8.0/lib64 conftest.c  >&5
configure:17081: $? = 0
configure:17103: result: yes
configure:17018: checking for strcasecmp
configure:17074: gcc -o conftest -g -O2 -I/usr/local/cuda-8.0/include  -L/usr/local/cuda-8.0/lib64 conftest.c  >&5
conftest.c:67: warning: conflicting types for built-in function 'strcasecmp'
configure:17081: $? = 0
configure:17103: result: yes
configure:17018: checking for strdup
configure:17074: gcc -o conftest -g -O2 -I/usr/local/cuda-8.0/include  -L/usr/local/cuda-8.0/lib64 conftest.c  >&5
conftest.c:68: warning: conflicting types for built-in function 'strdup'
configure:17081: $? = 0
configure:17103: result: yes
configure:17018: checking for strtoul
configure:17074: gcc -o conftest -g -O2 -I/usr/local/cuda-8.0/include  -L/usr/local/cuda-8.0/lib64 conftest.c  >&5
configure:17081: $? = 0
configure:17103: result: yes
configure:17260: creating ./config.status

## ---------------------- ##
## Running config.status. ##
## ---------------------- ##

This file was extended by gvirtus config.status 01-beta2, which was
generated by GNU Autoconf 2.63.  Invocation command line was

  CONFIG_FILES    = 
  CONFIG_HEADERS  = 
  CONFIG_LINKS    = 
  CONFIG_COMMANDS = 
  $ ./config.status 

on saturn.uniparthenope.it

config.status:1076: creating Makefile
config.status:1076: creating backend/Makefile
config.status:1076: creating conf/Makefile
config.status:1076: creating frontend/Makefile
config.status:1076: creating test/Makefile
config.status:1076: creating util/Makefile
config.status:1076: creating config.h
config.status:1298: config.h is unchanged
config.status:1350: executing depfiles commands
config.status:1350: executing libtool commands

## ---------------- ##
## Cache variables. ##
## ---------------- ##

ac_cv_build=x86_64-unknown-linux-gnu
ac_cv_c_compiler_gnu=yes
ac_cv_c_inline=inline
ac_cv_c_uint64_t=yes
ac_cv_cxx_compiler_gnu=yes
ac_cv_env_CCC_set=
ac_cv_env_CCC_value=
ac_cv_env_CC_set=
ac_cv_env_CC_value=
ac_cv_env_CFLAGS_set=
ac_cv_env_CFLAGS_value=
ac_cv_env_CPPFLAGS_set=set
ac_cv_env_CPPFLAGS_value=-I/usr/local/cuda-8.0/include
ac_cv_env_CPP_set=
ac_cv_env_CPP_value=
ac_cv_env_CXXCPP_set=
ac_cv_env_CXXCPP_value=
ac_cv_env_CXXFLAGS_set=
ac_cv_env_CXXFLAGS_value=
ac_cv_env_CXX_set=
ac_cv_env_CXX_value=
ac_cv_env_LDFLAGS_set=set
ac_cv_env_LDFLAGS_value=-L/usr/local/cuda-8.0/lib64
ac_cv_env_LIBS_set=
ac_cv_env_LIBS_value=
ac_cv_env_build_alias_set=
ac_cv_env_build_alias_value=
ac_cv_env_host_alias_set=
ac_cv_env_host_alias_value=
ac_cv_env_target_alias_set=
ac_cv_env_target_alias_value=
ac_cv_func_fork=yes
ac_cv_func_fork_works=yes
ac_cv_func_gethostbyname=yes
ac_cv_func_malloc_0_nonnull=yes
ac_cv_func_memmove=yes
ac_cv_func_memset=yes
ac_cv_func_realloc_0_nonnull=yes
ac_cv_func_socket=yes
ac_cv_func_strcasecmp=yes
ac_cv_func_strdup=yes
ac_cv_func_strtoul=yes
ac_cv_func_vfork=yes
ac_cv_func_vfork_works=yes
ac_cv_header_arpa_inet_h=yes
ac_cv_header_dlfcn_h=yes
ac_cv_header_fcntl_h=yes
ac_cv_header_inttypes_h=yes
ac_cv_header_memory_h=yes
ac_cv_header_netdb_h=yes
ac_cv_header_netinet_in_h=yes
ac_cv_header_stdbool_h=yes
ac_cv_header_stdc=yes
ac_cv_header_stdint_h=yes
ac_cv_header_stdlib_h=yes
ac_cv_header_string_h=yes
ac_cv_header_strings_h=yes
ac_cv_header_sys_socket_h=yes
ac_cv_header_sys_stat_h=yes
ac_cv_header_sys_types_h=yes
ac_cv_header_unistd_h=yes
ac_cv_header_vfork_h=no
ac_cv_header_vmci_vmci_sockets_h=no
ac_cv_host=x86_64-unknown-linux-gnu
ac_cv_objext=o
ac_cv_path_EGREP='/bin/grep -E'
ac_cv_path_FGREP='/bin/grep -F'
ac_cv_path_GREP=/bin/grep
ac_cv_path_SED=/bin/sed
ac_cv_path_install='/usr/bin/install -c'
ac_cv_path_mkdir=/bin/mkdir
ac_cv_prog_AWK=gawk
ac_cv_prog_CPP='gcc -E'
ac_cv_prog_CXXCPP='g++ -E'
ac_cv_prog_ac_ct_AR=ar
ac_cv_prog_ac_ct_CC=gcc
ac_cv_prog_ac_ct_CXX=g++
ac_cv_prog_ac_ct_OBJDUMP=objdump
ac_cv_prog_ac_ct_RANLIB=ranlib
ac_cv_prog_ac_ct_STRIP=strip
ac_cv_prog_cc_c89=
ac_cv_prog_cc_g=yes
ac_cv_prog_cxx_g=yes
ac_cv_prog_make_make_set=yes
ac_cv_type__Bool=yes
ac_cv_type_pid_t=yes
ac_cv_type_size_t=yes
am_cv_CC_dependencies_compiler_type=gcc3
am_cv_CXX_dependencies_compiler_type=gcc3
lt_cv_deplibs_check_method=pass_all
lt_cv_file_magic_cmd='$MAGIC_CMD'
lt_cv_file_magic_test_file=
lt_cv_ld_reload_flag=-r
lt_cv_nm_interface='BSD nm'
lt_cv_objdir=.libs
lt_cv_path_LD=/usr/bin/ld
lt_cv_path_LDCXX='/usr/bin/ld -m elf_x86_64'
lt_cv_path_NM='/usr/bin/nm -B'
lt_cv_prog_compiler_c_o=yes
lt_cv_prog_compiler_c_o_CXX=yes
lt_cv_prog_compiler_pic_works=yes
lt_cv_prog_compiler_pic_works_CXX=yes
lt_cv_prog_compiler_rtti_exceptions=no
lt_cv_prog_compiler_static_works=no
lt_cv_prog_compiler_static_works_CXX=no
lt_cv_prog_gnu_ld=yes
lt_cv_prog_gnu_ldcxx=yes
lt_cv_sys_global_symbol_pipe='sed -n -e '\''s/^.*[	 ]\([ABCDGIRSTW][ABCDGIRSTW]*\)[	 ][	 ]*\([_A-Za-z][_A-Za-z0-9]*\)$/\1 \2 \2/p'\'''
lt_cv_sys_global_symbol_to_c_name_address='sed -n -e '\''s/^: \([^ ]*\) $/  {\"\1\", (void *) 0},/p'\'' -e '\''s/^[ABCDGIRSTW]* \([^ ]*\) \([^ ]*\)$/  {"\2", (void *) \&\2},/p'\'''
lt_cv_sys_global_symbol_to_c_name_address_lib_prefix='sed -n -e '\''s/^: \([^ ]*\) $/  {\"\1\", (void *) 0},/p'\'' -e '\''s/^[ABCDGIRSTW]* \([^ ]*\) \(lib[^ ]*\)$/  {"\2", (void *) \&\2},/p'\'' -e '\''s/^[ABCDGIRSTW]* \([^ ]*\) \([^ ]*\)$/  {"lib\2", (void *) \&\2},/p'\'''
lt_cv_sys_global_symbol_to_cdecl='sed -n -e '\''s/^T .* \(.*\)$/extern int \1();/p'\'' -e '\''s/^[ABCDGIRSTW]* .* \(.*\)$/extern char \1;/p'\'''
lt_cv_sys_max_cmd_len=1966080

## ----------------- ##
## Output variables. ##
## ----------------- ##

ACLOCAL='${SHELL} /home/montella/dev/GVirtuS-8.0/gvirtus/missing --run aclocal-1.11'
AMDEPBACKSLASH='\'
AMDEP_FALSE='#'
AMDEP_TRUE=''
AMTAR='${SHELL} /home/montella/dev/GVirtuS-8.0/gvirtus/missing --run tar'
AR='ar'
AUTOCONF='${SHELL} /home/montella/dev/GVirtuS-8.0/gvirtus/missing --run autoconf'
AUTOHEADER='${SHELL} /home/montella/dev/GVirtuS-8.0/gvirtus/missing --run autoheader'
AUTOMAKE='${SHELL} /home/montella/dev/GVirtuS-8.0/gvirtus/missing --run automake-1.11'
AWK='gawk'
CC='gcc'
CCDEPMODE='depmode=gcc3'
CFLAGS='-g -O2'
CPP='gcc -E'
CPPFLAGS='-I/usr/local/cuda-8.0/include  -I/home/montella/dev/GVirtuS-8.0/gvirtus/util -I/home/montella/dev/GVirtuS-8.0/gvirtus/frontend -I/home/montella/dev/GVirtuS-8.0/gvirtus/backend -D_PLUGINS_DIR=\"${exec_prefix}/lib/backend\" -D_CONFIG_FILE=\"${prefix}/etc/gvirtus.properties\"'
CXX='g++'
CXXCPP='g++ -E'
CXXDEPMODE='depmode=gcc3'
CXXFLAGS='-g -O2 -Wall -pedantic -lpthread -llog4cplus'
CYGPATH_W='echo'
DEFS='-DHAVE_CONFIG_H'
DEPDIR='.deps'
DSYMUTIL=''
DUMPBIN=''
ECHO_C=''
ECHO_N='-n'
ECHO_T=''
EGREP='/bin/grep -E'
EXEEXT=''
FGREP='/bin/grep -F'
GREP='/bin/grep'
INSTALL_DATA='${INSTALL} -m 644'
INSTALL_PROGRAM='${INSTALL}'
INSTALL_SCRIPT='${INSTALL}'
INSTALL_STRIP_PROGRAM='$(install_sh) -c -s'
LD='/usr/bin/ld -m elf_x86_64'
LDFLAGS='-L/usr/local/cuda-8.0/lib64'
LIBOBJS=''
LIBS=''
LIBTOOL='$(SHELL) $(top_builddir)/libtool'
LIPO=''
LN_S='ln -s'
LTLIBOBJS=''
MAKEINFO='${SHELL} /home/montella/dev/GVirtuS-8.0/gvirtus/missing --run makeinfo'
MKDIR_P='/bin/mkdir -p'
NM='/usr/bin/nm -B'
NMEDIT=''
OBJDUMP='objdump'
OBJEXT='o'
OTOOL64=''
OTOOL=''
PACKAGE='gvirtus'
PACKAGE_BUGREPORT='http://osl.uniparthenope.it/mailman/listinfo/gvirtus-devel'
PACKAGE_NAME='gvirtus'
PACKAGE_STRING='gvirtus 01-beta2'
PACKAGE_TARNAME='gvirtus'
PACKAGE_VERSION='01-beta2'
PATH_SEPARATOR=':'
RANLIB='ranlib'
SED='/bin/sed'
SET_MAKE=''
SHELL='/bin/sh'
STRIP='strip'
VERSION='01-beta2'
ac_ct_CC='gcc'
ac_ct_CXX='g++'
ac_ct_DUMPBIN=''
am__EXEEXT_FALSE=''
am__EXEEXT_TRUE='#'
am__fastdepCC_FALSE='#'
am__fastdepCC_TRUE=''
am__fastdepCXX_FALSE='#'
am__fastdepCXX_TRUE=''
am__include='include'
am__isrc=''
am__leading_dot='.'
am__quote=''
am__tar='${AMTAR} chof - "$$tardir"'
am__untar='${AMTAR} xf -'
bindir='${exec_prefix}/bin'
build='x86_64-unknown-linux-gnu'
build_alias=''
build_cpu='x86_64'
build_os='linux-gnu'
build_vendor='unknown'
datadir='${datarootdir}'
datarootdir='${prefix}/share'
docdir='${datarootdir}/doc/${PACKAGE_TARNAME}'
dvidir='${docdir}'
exec_prefix='${prefix}'
host='x86_64-unknown-linux-gnu'
host_alias=''
host_cpu='x86_64'
host_os='linux-gnu'
host_vendor='unknown'
htmldir='${docdir}'
includedir='${prefix}/include'
infodir='${datarootdir}/info'
install_sh='${SHELL} /home/montella/dev/GVirtuS-8.0/gvirtus/install-sh'
libdir='${exec_prefix}/lib'
libexecdir='${exec_prefix}/libexec'
localedir='${datarootdir}/locale'
localstatedir='${prefix}/var'
lt_ECHO='echo'
mandir='${datarootdir}/man'
mkdir_p='/bin/mkdir -p'
oldincludedir='/usr/include'
pdfdir='${docdir}'
prefix='/home/montella/opt/gvirtus-8.0'
program_transform_name='s,x,x,'
psdir='${docdir}'
sbindir='${exec_prefix}/sbin'
sharedstatedir='${prefix}/com'
sysconfdir='${prefix}/etc'
target_alias=''

## ----------- ##
## confdefs.h. ##
## ----------- ##

#define PACKAGE_NAME "gvirtus"
#define PACKAGE_TARNAME "gvirtus"
#define PACKAGE_VERSION "01-beta2"
#define PACKAGE_STRING "gvirtus 01-beta2"
#define PACKAGE_BUGREPORT "http://osl.uniparthenope.it/mailman/listinfo/gvirtus-devel"
#define PACKAGE "gvirtus"
#define VERSION "01-beta2"
#define STDC_HEADERS 1
#define HAVE_SYS_TYPES_H 1
#define HAVE_SYS_STAT_H 1
#define HAVE_STDLIB_H 1
#define HAVE_STRING_H 1
#define HAVE_MEMORY_H 1
#define HAVE_STRINGS_H 1
#define HAVE_INTTYPES_H 1
#define HAVE_STDINT_H 1
#define HAVE_UNISTD_H 1
#define HAVE_DLFCN_H 1
#define LT_OBJDIR ".libs/"
#define HAVE_ARPA_INET_H 1
#define HAVE_FCNTL_H 1
#define HAVE_NETDB_H 1
#define HAVE_NETINET_IN_H 1
#define HAVE_STDINT_H 1
#define HAVE_STDLIB_H 1
#define HAVE_SYS_SOCKET_H 1
#define HAVE_UNISTD_H 1
#define HAVE__BOOL 1
#define HAVE_STDBOOL_H 1
#define HAVE_FORK 1
#define HAVE_VFORK 1
#define HAVE_WORKING_VFORK 1
#define HAVE_WORKING_FORK 1
#define HAVE_STDLIB_H 1
#define HAVE_MALLOC 1
#define HAVE_STDLIB_H 1
#define HAVE_REALLOC 1
#define HAVE_GETHOSTBYNAME 1
#define HAVE_MEMMOVE 1
#define HAVE_MEMSET 1
#define HAVE_SOCKET 1
#define HAVE_STRCASECMP 1
#define HAVE_STRDUP 1
#define HAVE_STRTOUL 1

configure: exit 0
